-- The C compiler identification is GNU 13.3.0
-- The CXX compiler identification is GNU 13.3.0
-- Detecting C compiler ABI info
-- Detecting C compiler ABI info - done
-- Check for working C compiler: /usr/bin/cc - skipped
-- Detecting C compile features
-- Detecting C compile features - done
-- Detecting CXX compiler ABI info
-- Detecting CXX compiler ABI info - done
-- Check for working CXX compiler: /usr/bin/c++ - skipped
-- Detecting CXX compile features
-- Detecting CXX compile features - done
-- Found ament_cmake: 2.5.4 (/opt/ros/jazzy/share/ament_cmake/cmake)
-- Found Python3: /usr/bin/python3 (found version "3.12.3") found components: Interpreter 
-- Found rclcpp: 28.1.12 (/opt/ros/jazzy/share/rclcpp/cmake)
-- Found rosidl_generator_c: 4.6.6 (/opt/ros/jazzy/share/rosidl_generator_c/cmake)
-- Found rosidl_generator_cpp: 4.6.6 (/opt/ros/jazzy/share/rosidl_generator_cpp/cmake)
-- Using all available rosidl_typesupport_c: rosidl_typesupport_fastrtps_c;rosidl_typesupport_introspection_c
-- Using all available rosidl_typesupport_cpp: rosidl_typesupport_fastrtps_cpp;rosidl_typesupport_introspection_cpp
-- Found rmw_implementation_cmake: 7.3.2 (/opt/ros/jazzy/share/rmw_implementation_cmake/cmake)
-- Found rmw_fastrtps_cpp: 8.4.3 (/opt/ros/jazzy/share/rmw_fastrtps_cpp/cmake)
-- Found OpenSSL: /usr/lib/x86_64-linux-gnu/libcrypto.so (found version "3.0.13")  
-- Found FastRTPS: /opt/ros/jazzy/include (Required is at least version "2.13") 
-- Using RMW implementation 'rmw_fastrtps_cpp' as default
-- Found std_msgs: 5.3.6 (/opt/ros/jazzy/share/std_msgs/cmake)
-- Found geometry_msgs: 5.3.6 (/opt/ros/jazzy/share/geometry_msgs/cmake)
-- Found pluginlib: 5.4.2 (/opt/ros/jazzy/share/pluginlib/cmake)
-- Found webots_ros2_driver: 2025.0.0 (/opt/ros/jazzy/share/webots_ros2_driver/cmake)
-- Found eigen3_cmake_module: 0.3.0 (/opt/ros/jazzy/share/eigen3_cmake_module/cmake)
-- Found Eigen3: TRUE (found version "3.4.0") 
-- Ensuring Eigen3 include directory is part of orocos-kdl CMake target
-- Configuring done (1.3s)
-- Generating done (0.0s)
-- Build files have been written to: /home/ubuntu/ros2_ws/build/my_package
[ 50%] [32mBuilding CXX object CMakeFiles/my_package.dir/src/MyRobotDriver.cpp.o[0m
[100%] [32m[1mLinking CXX shared library libmy_package.so[0m
[100%] Built target my_package
-- Install configuration: ""
-- Installing: /home/ubuntu/ros2_ws/install/my_package/share/my_package/my_robot_driver.xml
-- Installing: /home/ubuntu/ros2_ws/install/my_package/lib/libmy_package.so
-- Set non-toolchain portion of runtime path of "/home/ubuntu/ros2_ws/install/my_package/lib/libmy_package.so" to ""
-- Installing: /home/ubuntu/ros2_ws/install/my_package/share/my_package//launch
-- Installing: /home/ubuntu/ros2_ws/install/my_package/share/my_package//launch/robot_launch.py
-- Installing: /home/ubuntu/ros2_ws/install/my_package/share/my_package//resource
-- Installing: /home/ubuntu/ros2_ws/install/my_package/share/my_package//resource/my_robot.urdf
-- Installing: /home/ubuntu/ros2_ws/install/my_package/share/my_package//worlds
-- Installing: /home/ubuntu/ros2_ws/install/my_package/share/my_package//worlds/my_world.wbt
-- Installing: /home/ubuntu/ros2_ws/install/my_package/share/my_package/environment/library_path.sh
-- Installing: /home/ubuntu/ros2_ws/install/my_package/share/my_package/environment/library_path.dsv
-- Installing: /home/ubuntu/ros2_ws/install/my_package/share/ament_index/resource_index/package_run_dependencies/my_package
-- Installing: /home/ubuntu/ros2_ws/install/my_package/share/ament_index/resource_index/parent_prefix_path/my_package
-- Installing: /home/ubuntu/ros2_ws/install/my_package/share/my_package/environment/ament_prefix_path.sh
-- Installing: /home/ubuntu/ros2_ws/install/my_package/share/my_package/environment/ament_prefix_path.dsv
-- Installing: /home/ubuntu/ros2_ws/install/my_package/share/my_package/environment/path.sh
-- Installing: /home/ubuntu/ros2_ws/install/my_package/share/my_package/environment/path.dsv
-- Installing: /home/ubuntu/ros2_ws/install/my_package/share/my_package/local_setup.bash
-- Installing: /home/ubuntu/ros2_ws/install/my_package/share/my_package/local_setup.sh
-- Installing: /home/ubuntu/ros2_ws/install/my_package/share/my_package/local_setup.zsh
-- Installing: /home/ubuntu/ros2_ws/install/my_package/share/my_package/local_setup.dsv
-- Installing: /home/ubuntu/ros2_ws/install/my_package/share/my_package/package.dsv
-- Installing: /home/ubuntu/ros2_ws/install/my_package/share/ament_index/resource_index/packages/my_package
-- Installing: /home/ubuntu/ros2_ws/install/my_package/share/ament_index/resource_index/webots_ros2_driver__pluginlib__plugin/my_package
-- Installing: /home/ubuntu/ros2_ws/install/my_package/share/my_package/cmake/ament_cmake_export_include_directories-extras.cmake
-- Installing: /home/ubuntu/ros2_ws/install/my_package/share/my_package/cmake/ament_cmake_export_libraries-extras.cmake
-- Installing: /home/ubuntu/ros2_ws/install/my_package/share/my_package/cmake/my_packageConfig.cmake
-- Installing: /home/ubuntu/ros2_ws/install/my_package/share/my_package/cmake/my_packageConfig-version.cmake
-- Installing: /home/ubuntu/ros2_ws/install/my_package/share/my_package/package.xml
