[0.013s] Invoking command in '/home/ubuntu/ros2_ws/build/my_package': CMAKE_PREFIX_PATH=${CMAKE_PREFIX_PATH}:/opt/ros/jazzy DEBUGINFOD_URLS=https://debuginfod.ubuntu.com /usr/bin/cmake /home/ubuntu/ros2_ws/src/my_package -DCMAKE_INSTALL_PREFIX=/home/ubuntu/ros2_ws/install/my_package
[0.139s] -- The C compiler identification is GNU 13.3.0
[0.244s] -- The CXX compiler identification is GNU 13.3.0
[0.268s] -- Detecting C compiler ABI info
[0.369s] -- Detecting C compiler ABI info - done
[0.377s] -- Check for working C compiler: /usr/bin/cc - skipped
[0.377s] -- Detecting C compile features
[0.378s] -- Detecting C compile features - done
[0.389s] -- Detecting CXX compiler ABI info
[0.494s] -- Detecting CXX compiler ABI info - done
[0.502s] -- Check for working CXX compiler: /usr/bin/c++ - skipped
[0.503s] -- Detecting CXX compile features
[0.505s] -- Detecting CXX compile features - done
[0.510s] -- Found ament_cmake: 2.5.4 (/opt/ros/jazzy/share/ament_cmake/cmake)
[0.636s] -- Found Python3: /usr/bin/python3 (found version "3.12.3") found components: Interpreter 
[0.716s] -- Found rclcpp: 28.1.12 (/opt/ros/jazzy/share/rclcpp/cmake)
[0.749s] -- Found rosidl_generator_c: 4.6.6 (/opt/ros/jazzy/share/rosidl_generator_c/cmake)
[0.760s] -- Found rosidl_generator_cpp: 4.6.6 (/opt/ros/jazzy/share/rosidl_generator_cpp/cmake)
[0.773s] -- Using all available rosidl_typesupport_c: rosidl_typesupport_fastrtps_c;rosidl_typesupport_introspection_c
[0.786s] -- Using all available rosidl_typesupport_cpp: rosidl_typesupport_fastrtps_cpp;rosidl_typesupport_introspection_cpp
[0.849s] -- Found rmw_implementation_cmake: 7.3.2 (/opt/ros/jazzy/share/rmw_implementation_cmake/cmake)
[0.853s] -- Found rmw_fastrtps_cpp: 8.4.3 (/opt/ros/jazzy/share/rmw_fastrtps_cpp/cmake)
[0.930s] -- Found OpenSSL: /usr/lib/x86_64-linux-gnu/libcrypto.so (found version "3.0.13")  
[0.947s] -- Found FastRTPS: /opt/ros/jazzy/include (Required is at least version "2.13") 
[0.964s] -- Using RMW implementation 'rmw_fastrtps_cpp' as default
[1.024s] -- Found std_msgs: 5.3.6 (/opt/ros/jazzy/share/std_msgs/cmake)
[1.035s] -- Found geometry_msgs: 5.3.6 (/opt/ros/jazzy/share/geometry_msgs/cmake)
[1.048s] -- Found pluginlib: 5.4.2 (/opt/ros/jazzy/share/pluginlib/cmake)
[1.062s] -- Found webots_ros2_driver: 2025.0.0 (/opt/ros/jazzy/share/webots_ros2_driver/cmake)
[1.102s] -- Found eigen3_cmake_module: 0.3.0 (/opt/ros/jazzy/share/eigen3_cmake_module/cmake)
[1.103s] -- Found Eigen3: TRUE (found version "3.4.0") 
[1.103s] -- Ensuring Eigen3 include directory is part of orocos-kdl CMake target
[1.321s] -- Configuring done (1.3s)
[1.349s] -- Generating done (0.0s)
[1.352s] -- Build files have been written to: /home/ubuntu/ros2_ws/build/my_package
[1.361s] Invoked command in '/home/ubuntu/ros2_ws/build/my_package' returned '0': CMAKE_PREFIX_PATH=${CMAKE_PREFIX_PATH}:/opt/ros/jazzy DEBUGINFOD_URLS=https://debuginfod.ubuntu.com /usr/bin/cmake /home/ubuntu/ros2_ws/src/my_package -DCMAKE_INSTALL_PREFIX=/home/ubuntu/ros2_ws/install/my_package
[1.362s] Invoking command in '/home/ubuntu/ros2_ws/build/my_package': CMAKE_PREFIX_PATH=${CMAKE_PREFIX_PATH}:/opt/ros/jazzy DEBUGINFOD_URLS=https://debuginfod.ubuntu.com /usr/bin/cmake --build /home/ubuntu/ros2_ws/build/my_package -- -j16 -l16
[1.402s] [ 50%] [32mBuilding CXX object CMakeFiles/my_package.dir/src/MyRobotDriver.cpp.o[0m
[6.522s] [100%] [32m[1mLinking CXX shared library libmy_package.so[0m
[6.771s] [100%] Built target my_package
[6.782s] Invoked command in '/home/ubuntu/ros2_ws/build/my_package' returned '0': CMAKE_PREFIX_PATH=${CMAKE_PREFIX_PATH}:/opt/ros/jazzy DEBUGINFOD_URLS=https://debuginfod.ubuntu.com /usr/bin/cmake --build /home/ubuntu/ros2_ws/build/my_package -- -j16 -l16
[6.788s] Invoking command in '/home/ubuntu/ros2_ws/build/my_package': CMAKE_PREFIX_PATH=${CMAKE_PREFIX_PATH}:/opt/ros/jazzy DEBUGINFOD_URLS=https://debuginfod.ubuntu.com /usr/bin/cmake --install /home/ubuntu/ros2_ws/build/my_package
[6.794s] -- Install configuration: ""
[6.794s] -- Installing: /home/ubuntu/ros2_ws/install/my_package/share/my_package/my_robot_driver.xml
[6.794s] -- Installing: /home/ubuntu/ros2_ws/install/my_package/lib/libmy_package.so
[6.797s] -- Set non-toolchain portion of runtime path of "/home/ubuntu/ros2_ws/install/my_package/lib/libmy_package.so" to ""
[6.797s] -- Installing: /home/ubuntu/ros2_ws/install/my_package/share/my_package//launch
[6.797s] -- Installing: /home/ubuntu/ros2_ws/install/my_package/share/my_package//launch/robot_launch.py
[6.797s] -- Installing: /home/ubuntu/ros2_ws/install/my_package/share/my_package//resource
[6.797s] -- Installing: /home/ubuntu/ros2_ws/install/my_package/share/my_package//resource/my_robot.urdf
[6.798s] -- Installing: /home/ubuntu/ros2_ws/install/my_package/share/my_package//worlds
[6.798s] -- Installing: /home/ubuntu/ros2_ws/install/my_package/share/my_package//worlds/my_world.wbt
[6.798s] -- Installing: /home/ubuntu/ros2_ws/install/my_package/share/my_package/environment/library_path.sh
[6.798s] -- Installing: /home/ubuntu/ros2_ws/install/my_package/share/my_package/environment/library_path.dsv
[6.798s] -- Installing: /home/ubuntu/ros2_ws/install/my_package/share/ament_index/resource_index/package_run_dependencies/my_package
[6.798s] -- Installing: /home/ubuntu/ros2_ws/install/my_package/share/ament_index/resource_index/parent_prefix_path/my_package
[6.798s] -- Installing: /home/ubuntu/ros2_ws/install/my_package/share/my_package/environment/ament_prefix_path.sh
[6.798s] -- Installing: /home/ubuntu/ros2_ws/install/my_package/share/my_package/environment/ament_prefix_path.dsv
[6.798s] -- Installing: /home/ubuntu/ros2_ws/install/my_package/share/my_package/environment/path.sh
[6.798s] -- Installing: /home/ubuntu/ros2_ws/install/my_package/share/my_package/environment/path.dsv
[6.798s] -- Installing: /home/ubuntu/ros2_ws/install/my_package/share/my_package/local_setup.bash
[6.798s] -- Installing: /home/ubuntu/ros2_ws/install/my_package/share/my_package/local_setup.sh
[6.799s] -- Installing: /home/ubuntu/ros2_ws/install/my_package/share/my_package/local_setup.zsh
[6.799s] -- Installing: /home/ubuntu/ros2_ws/install/my_package/share/my_package/local_setup.dsv
[6.799s] -- Installing: /home/ubuntu/ros2_ws/install/my_package/share/my_package/package.dsv
[6.799s] -- Installing: /home/ubuntu/ros2_ws/install/my_package/share/ament_index/resource_index/packages/my_package
[6.799s] -- Installing: /home/ubuntu/ros2_ws/install/my_package/share/ament_index/resource_index/webots_ros2_driver__pluginlib__plugin/my_package
[6.799s] -- Installing: /home/ubuntu/ros2_ws/install/my_package/share/my_package/cmake/ament_cmake_export_include_directories-extras.cmake
[6.799s] -- Installing: /home/ubuntu/ros2_ws/install/my_package/share/my_package/cmake/ament_cmake_export_libraries-extras.cmake
[6.799s] -- Installing: /home/ubuntu/ros2_ws/install/my_package/share/my_package/cmake/my_packageConfig.cmake
[6.799s] -- Installing: /home/ubuntu/ros2_ws/install/my_package/share/my_package/cmake/my_packageConfig-version.cmake
[6.799s] -- Installing: /home/ubuntu/ros2_ws/install/my_package/share/my_package/package.xml
[6.801s] Invoked command in '/home/ubuntu/ros2_ws/build/my_package' returned '0': CMAKE_PREFIX_PATH=${CMAKE_PREFIX_PATH}:/opt/ros/jazzy DEBUGINFOD_URLS=https://debuginfod.ubuntu.com /usr/bin/cmake --install /home/ubuntu/ros2_ws/build/my_package
