[0.362s] Invoking command in '/home/ubuntu/ros2_ws/build/my_webots_robot': DEBUGINFOD_URLS=https://debuginfod.ubuntu.com /usr/bin/cmake /home/ubuntu/ros2_ws/src/my_webots_robot -DCATKIN_INSTALL_INTO_PREFIX_ROOT=0 -DCMAKE_INSTALL_PREFIX=/home/ubuntu/ros2_ws/install/my_webots_robot
[0.393s] -- Found ament_cmake: 2.5.4 (/opt/ros/jazzy/share/ament_cmake/cmake)
[0.784s] -- Found rclcpp: 28.1.12 (/opt/ros/jazzy/share/rclcpp/cmake)
[0.839s] -- Found rosidl_generator_c: 4.6.6 (/opt/ros/jazzy/share/rosidl_generator_c/cmake)
[0.858s] -- Found rosidl_generator_cpp: 4.6.6 (/opt/ros/jazzy/share/rosidl_generator_cpp/cmake)
[0.881s] -- Using all available rosidl_typesupport_c: rosidl_typesupport_fastrtps_c;rosidl_typesupport_introspection_c
[0.905s] -- Using all available rosidl_typesupport_cpp: rosidl_typesupport_fastrtps_cpp;rosidl_typesupport_introspection_cpp
[1.008s] -- Found rmw_implementation_cmake: 7.3.2 (/opt/ros/jazzy/share/rmw_implementation_cmake/cmake)
[1.012s] -- Found rmw_fastrtps_cpp: 8.4.3 (/opt/ros/jazzy/share/rmw_fastrtps_cpp/cmake)
[1.132s] -- Using RMW implementation 'rmw_fastrtps_cpp' as default
[1.253s] -- Found webots_ros2_driver: 2025.0.0 (/opt/ros/jazzy/share/webots_ros2_driver/cmake)
[1.372s] -- Found eigen3_cmake_module: 0.3.0 (/opt/ros/jazzy/share/eigen3_cmake_module/cmake)
[1.374s] -- Ensuring Eigen3 include directory is part of orocos-kdl CMake target
[1.682s] [33mCMake Warning at /opt/ros/jazzy/share/webots_ros2_driver/cmake/ament_cmake_export_libraries-extras.cmake:116 (message):
[1.682s]   Package 'webots_ros2_driver' exports library 'controller/libController.so'
[1.682s]   which couldn't be found
[1.682s] Call Stack (most recent call first):
[1.682s]   /opt/ros/jazzy/share/webots_ros2_driver/cmake/webots_ros2_driverConfig.cmake:41 (include)
[1.682s]   CMakeLists.txt:6 (find_package)
[1.682s] 
[1.682s] [0m
[1.684s] [33mCMake Warning at /opt/ros/jazzy/share/webots_ros2_driver/cmake/ament_cmake_export_libraries-extras.cmake:116 (message):
[1.684s]   Package 'webots_ros2_driver' exports library
[1.684s]   'controller/libCppController.so' which couldn't be found
[1.684s] Call Stack (most recent call first):
[1.684s]   /opt/ros/jazzy/share/webots_ros2_driver/cmake/webots_ros2_driverConfig.cmake:41 (include)
[1.684s]   CMakeLists.txt:6 (find_package)
[1.685s] 
[1.685s] [0m
[1.686s] [33mCMake Warning at /opt/ros/jazzy/share/webots_ros2_driver/cmake/ament_cmake_export_libraries-extras.cmake:116 (message):
[1.686s]   Package 'webots_ros2_driver' exports library 'controller/libdriver.so'
[1.687s]   which couldn't be found
[1.687s] Call Stack (most recent call first):
[1.687s]   /opt/ros/jazzy/share/webots_ros2_driver/cmake/webots_ros2_driverConfig.cmake:41 (include)
[1.687s]   CMakeLists.txt:6 (find_package)
[1.687s] 
[1.687s] [0m
[1.689s] [33mCMake Warning at /opt/ros/jazzy/share/webots_ros2_driver/cmake/ament_cmake_export_libraries-extras.cmake:116 (message):
[1.689s]   Package 'webots_ros2_driver' exports library 'controller/libCppDriver.so'
[1.689s]   which couldn't be found
[1.689s] Call Stack (most recent call first):
[1.689s]   /opt/ros/jazzy/share/webots_ros2_driver/cmake/webots_ros2_driverConfig.cmake:41 (include)
[1.689s]   CMakeLists.txt:6 (find_package)
[1.689s] 
[1.689s] [0m
[1.691s] [33mCMake Warning at /opt/ros/jazzy/share/webots_ros2_driver/cmake/ament_cmake_export_libraries-extras.cmake:116 (message):
[1.691s]   Package 'webots_ros2_driver' exports library 'controller/libcar.so' which
[1.692s]   couldn't be found
[1.692s] Call Stack (most recent call first):
[1.692s]   /opt/ros/jazzy/share/webots_ros2_driver/cmake/webots_ros2_driverConfig.cmake:41 (include)
[1.692s]   CMakeLists.txt:6 (find_package)
[1.692s] 
[1.692s] [0m
[1.694s] [33mCMake Warning at /opt/ros/jazzy/share/webots_ros2_driver/cmake/ament_cmake_export_libraries-extras.cmake:116 (message):
[1.694s]   Package 'webots_ros2_driver' exports library 'controller/libCppCar.so'
[1.694s]   which couldn't be found
[1.694s] Call Stack (most recent call first):
[1.694s]   /opt/ros/jazzy/share/webots_ros2_driver/cmake/webots_ros2_driverConfig.cmake:41 (include)
[1.694s]   CMakeLists.txt:6 (find_package)
[1.695s] 
[1.695s] [0m
[1.697s] [33mCMake Warning at /opt/ros/jazzy/share/webots_ros2_driver/cmake/ament_cmake_export_libraries-extras.cmake:116 (message):
[1.697s]   Package 'webots_ros2_driver' exports library
[1.697s]   'controller/libgeneric_robot_window.so' which couldn't be found
[1.697s] Call Stack (most recent call first):
[1.697s]   /opt/ros/jazzy/share/webots_ros2_driver/cmake/webots_ros2_driverConfig.cmake:41 (include)
[1.697s]   CMakeLists.txt:6 (find_package)
[1.697s] 
[1.697s] [0m
[1.859s] -- Configuring done (1.5s)
[1.866s] [31mCMake Error at CMakeLists.txt:14 (add_library):
[1.866s]   Cannot find source file:
[1.866s] 
[1.867s]     /home/ubuntu/ros2_ws/src/libraries/youbot_control/src/arm.c
[1.867s] 
[1.867s]   Tried extensions .c .C .c++ .cc .cpp .cxx .cu .mpp .m .M .mm .ixx .cppm
[1.867s]   .ccm .cxxm .c++m .h .hh .h++ .hm .hpp .hxx .in .txx .f .F .for .f77 .f90
[1.867s]   .f95 .f03 .hip .ispc
[1.867s] 
[1.867s] [0m
[1.872s] [31mCMake Error at CMakeLists.txt:14 (add_library):
[1.872s]   No SOURCES given to target: youbot_control
[1.872s] 
[1.872s] [0m
[1.872s] [0mCMake Generate step failed.  Build files cannot be regenerated correctly.[0m
