-- The C compiler identification is GNU 13.3.0
-- The CXX compiler identification is GNU 13.3.0
-- Detecting C compiler ABI info
-- Detecting C compiler ABI info - done
-- Check for working C compiler: /usr/bin/cc - skipped
-- Detecting C compile features
-- Detecting C compile features - done
-- Detecting CXX compiler ABI info
-- Detecting CXX compiler ABI info - done
-- Check for working CXX compiler: /usr/bin/c++ - skipped
-- Detecting CXX compile features
-- Detecting CXX compile features - done
-- Found ament_cmake: 2.7.3 (/opt/ros/kilted/share/ament_cmake/cmake)
-- Found Python3: /usr/bin/python3 (found version "3.12.3") found components: Interpreter 
-- Found ament_lint_auto: 0.19.2 (/opt/ros/kilted/share/ament_lint_auto/cmake)
-- Added test 'cppcheck' to perform static code analysis on C / C++ code
-- Configured cppcheck include dirs: $<BUILD_INTERFACE:/home/ilya/ros2_ws/src/talker/include>
-- Configured cppcheck exclude dirs and/or files: 
-- Added test 'lint_cmake' to check CMake code style
-- Added test 'uncrustify' to check C / C++ code style
-- Configured uncrustify additional arguments: 
-- Added test 'xmllint' to check XML markup files
-- Configuring done (2.6s)
-- Generating done (0.0s)
-- Build files have been written to: /home/ilya/ros2_ws/build/talker
[ 50%] [32mBuilding CXX object CMakeFiles/talker_node.dir/src/talker_node.cpp.o[0m
[100%] [32m[1mLinking CXX executable talker_node[0m
[100%] Built target talker_node
-- Install configuration: ""
-- Installing: /home/ilya/ros2_ws/install/talker/lib/talker/talker_node
-- Installing: /home/ilya/ros2_ws/install/talker/share/ament_index/resource_index/package_run_dependencies/talker
-- Installing: /home/ilya/ros2_ws/install/talker/share/ament_index/resource_index/parent_prefix_path/talker
-- Installing: /home/ilya/ros2_ws/install/talker/share/talker/environment/ament_prefix_path.sh
-- Installing: /home/ilya/ros2_ws/install/talker/share/talker/environment/ament_prefix_path.dsv
-- Installing: /home/ilya/ros2_ws/install/talker/share/talker/environment/path.sh
-- Installing: /home/ilya/ros2_ws/install/talker/share/talker/environment/path.dsv
-- Installing: /home/ilya/ros2_ws/install/talker/share/talker/local_setup.bash
-- Installing: /home/ilya/ros2_ws/install/talker/share/talker/local_setup.sh
-- Installing: /home/ilya/ros2_ws/install/talker/share/talker/local_setup.zsh
-- Installing: /home/ilya/ros2_ws/install/talker/share/talker/local_setup.dsv
-- Installing: /home/ilya/ros2_ws/install/talker/share/talker/package.dsv
-- Installing: /home/ilya/ros2_ws/install/talker/share/ament_index/resource_index/packages/talker
-- Installing: /home/ilya/ros2_ws/install/talker/share/talker/cmake/talkerConfig.cmake
-- Installing: /home/ilya/ros2_ws/install/talker/share/talker/cmake/talkerConfig-version.cmake
-- Installing: /home/ilya/ros2_ws/install/talker/share/talker/package.xml
