[4.153s] Invoking command in '/home/ilya/ros2_ws/build/examples_rclpy_minimal_action_server': PYTHONPATH=/home/ilya/ros2_ws/build/examples_rclpy_minimal_action_server/prefix_override:/usr/lib/python3/dist-packages/colcon_core/task/python/colcon_distutils_commands:/home/ilya/ros2_ws/install/examples_rclpy_minimal_action_server/lib/python3.12/site-packages:${PYTHONPATH} /usr/bin/python3 -W ignore:setup.py install is deprecated -W ignore:easy_install command is deprecated setup.py develop --editable --build-directory /home/ilya/ros2_ws/build/examples_rclpy_minimal_action_server/build --no-deps symlink_data
[4.719s] running develop
[5.335s] running egg_info
[5.340s] creating examples_rclpy_minimal_action_server.egg-info
[5.416s] writing examples_rclpy_minimal_action_server.egg-info/PKG-INFO
[5.416s] writing dependency_links to examples_rclpy_minimal_action_server.egg-info/dependency_links.txt
[5.416s] writing entry points to examples_rclpy_minimal_action_server.egg-info/entry_points.txt
[5.416s] writing requirements to examples_rclpy_minimal_action_server.egg-info/requires.txt
[5.416s] writing top-level names to examples_rclpy_minimal_action_server.egg-info/top_level.txt
[5.416s] writing manifest file 'examples_rclpy_minimal_action_server.egg-info/SOURCES.txt'
[5.554s] reading manifest file 'examples_rclpy_minimal_action_server.egg-info/SOURCES.txt'
[5.555s] writing manifest file 'examples_rclpy_minimal_action_server.egg-info/SOURCES.txt'
[5.644s] running build_ext
[5.644s] Creating /home/ilya/ros2_ws/install/examples_rclpy_minimal_action_server/lib/python3.12/site-packages/examples-rclpy-minimal-action-server.egg-link (link to .)
[5.644s] Installing server script to /home/ilya/ros2_ws/install/examples_rclpy_minimal_action_server/lib/examples_rclpy_minimal_action_server
[5.652s] Installing server_defer script to /home/ilya/ros2_ws/install/examples_rclpy_minimal_action_server/lib/examples_rclpy_minimal_action_server
[5.660s] Installing server_not_composable script to /home/ilya/ros2_ws/install/examples_rclpy_minimal_action_server/lib/examples_rclpy_minimal_action_server
[5.660s] Installing server_queue_goals script to /home/ilya/ros2_ws/install/examples_rclpy_minimal_action_server/lib/examples_rclpy_minimal_action_server
[5.660s] Installing server_single_goal script to /home/ilya/ros2_ws/install/examples_rclpy_minimal_action_server/lib/examples_rclpy_minimal_action_server
[5.660s] 
[5.660s] Installed /home/ilya/ros2_ws/build/examples_rclpy_minimal_action_server
[5.660s] running symlink_data
[5.660s] creating /home/ilya/ros2_ws/install/examples_rclpy_minimal_action_server/share/ament_index
[5.660s] creating /home/ilya/ros2_ws/install/examples_rclpy_minimal_action_server/share/ament_index/resource_index
[5.660s] creating /home/ilya/ros2_ws/install/examples_rclpy_minimal_action_server/share/ament_index/resource_index/packages
[5.660s] symbolically linking /home/ilya/ros2_ws/build/examples_rclpy_minimal_action_server/resource/examples_rclpy_minimal_action_server -> /home/ilya/ros2_ws/install/examples_rclpy_minimal_action_server/share/ament_index/resource_index/packages
[5.672s] symbolically linking /home/ilya/ros2_ws/build/examples_rclpy_minimal_action_server/package.xml -> /home/ilya/ros2_ws/install/examples_rclpy_minimal_action_server/share/examples_rclpy_minimal_action_server
[5.932s] Invoked command in '/home/ilya/ros2_ws/build/examples_rclpy_minimal_action_server' returned '0': PYTHONPATH=/home/ilya/ros2_ws/build/examples_rclpy_minimal_action_server/prefix_override:/usr/lib/python3/dist-packages/colcon_core/task/python/colcon_distutils_commands:/home/ilya/ros2_ws/install/examples_rclpy_minimal_action_server/lib/python3.12/site-packages:${PYTHONPATH} /usr/bin/python3 -W ignore:setup.py install is deprecated -W ignore:easy_install command is deprecated setup.py develop --editable --build-directory /home/ilya/ros2_ws/build/examples_rclpy_minimal_action_server/build --no-deps symlink_data
