[0.021s] Invoking command in '/home/lya/ros2_ws/build/sipeed_tof_ms_a010': CMAKE_PREFIX_PATH=${CMAKE_PREFIX_PATH}:/opt/ros/humble /usr/bin/cmake --build /home/lya/ros2_ws/build/sipeed_tof_ms_a010 -- -j16 -l16
[0.112s] [35m[1mConsolidate compiler generated dependencies of target publisher[0m
[0.159s] [ 20%] [32mBuilding CXX object CMakeFiles/publisher.dir/src/frame_handle.cc.o[0m
[0.770s] In file included from [01m[K/home/lya/ros2_ws/src/MaixSense_ROS/sipeed_tof_ms_a010_ros/ros2/src/frame_handle.cc:8[m[K:
[0.770s] [01m[K/home/lya/ros2_ws/src/MaixSense_ROS/sipeed_tof_ms_a010_ros/ros2/src/frame_struct.h:36:11:[m[K [01;35m[Kwarning: [m[KISO C++ forbids flexible array member ‘[01m[Kpayload[m[K’ [[01;35m[K]8;;https://gcc.gnu.org/onlinedocs/gcc/Warning-Options.html#index-Wpedantic-Wpedantic]8;;[m[K]
[0.770s]    36 |   uint8_t [01;35m[Kpayload[m[K[];
[0.770s]       |           [01;35m[K^~~~~~~[m[K
[1.083s] [ 40%] [32m[1mLinking CXX executable publisher[0m
[1.732s] [100%] Built target publisher
[1.757s] Invoked command in '/home/lya/ros2_ws/build/sipeed_tof_ms_a010' returned '0': CMAKE_PREFIX_PATH=${CMAKE_PREFIX_PATH}:/opt/ros/humble /usr/bin/cmake --build /home/lya/ros2_ws/build/sipeed_tof_ms_a010 -- -j16 -l16
[1.779s] Invoking command in '/home/lya/ros2_ws/build/sipeed_tof_ms_a010': CMAKE_PREFIX_PATH=${CMAKE_PREFIX_PATH}:/opt/ros/humble /usr/bin/cmake --install /home/lya/ros2_ws/build/sipeed_tof_ms_a010
[1.793s] -- Install configuration: "Release"
[1.794s] -- Installing: /home/lya/ros2_ws/install/sipeed_tof_ms_a010/lib/sipeed_tof_ms_a010/publisher
[1.796s] -- Set runtime path of "/home/lya/ros2_ws/install/sipeed_tof_ms_a010/lib/sipeed_tof_ms_a010/publisher" to ""
[1.796s] -- Up-to-date: /home/lya/ros2_ws/install/sipeed_tof_ms_a010/share/ament_index/resource_index/package_run_dependencies/sipeed_tof_ms_a010
[1.796s] -- Up-to-date: /home/lya/ros2_ws/install/sipeed_tof_ms_a010/share/ament_index/resource_index/parent_prefix_path/sipeed_tof_ms_a010
[1.796s] -- Up-to-date: /home/lya/ros2_ws/install/sipeed_tof_ms_a010/share/sipeed_tof_ms_a010/environment/ament_prefix_path.sh
[1.796s] -- Up-to-date: /home/lya/ros2_ws/install/sipeed_tof_ms_a010/share/sipeed_tof_ms_a010/environment/ament_prefix_path.dsv
[1.796s] -- Up-to-date: /home/lya/ros2_ws/install/sipeed_tof_ms_a010/share/sipeed_tof_ms_a010/environment/path.sh
[1.797s] -- Up-to-date: /home/lya/ros2_ws/install/sipeed_tof_ms_a010/share/sipeed_tof_ms_a010/environment/path.dsv
[1.797s] -- Up-to-date: /home/lya/ros2_ws/install/sipeed_tof_ms_a010/share/sipeed_tof_ms_a010/local_setup.bash
[1.797s] -- Up-to-date: /home/lya/ros2_ws/install/sipeed_tof_ms_a010/share/sipeed_tof_ms_a010/local_setup.sh
[1.797s] -- Up-to-date: /home/lya/ros2_ws/install/sipeed_tof_ms_a010/share/sipeed_tof_ms_a010/local_setup.zsh
[1.797s] -- Up-to-date: /home/lya/ros2_ws/install/sipeed_tof_ms_a010/share/sipeed_tof_ms_a010/local_setup.dsv
[1.797s] -- Installing: /home/lya/ros2_ws/install/sipeed_tof_ms_a010/share/sipeed_tof_ms_a010/package.dsv
[1.797s] -- Up-to-date: /home/lya/ros2_ws/install/sipeed_tof_ms_a010/share/ament_index/resource_index/packages/sipeed_tof_ms_a010
[1.797s] -- Up-to-date: /home/lya/ros2_ws/install/sipeed_tof_ms_a010/share/sipeed_tof_ms_a010/cmake/sipeed_tof_ms_a010Config.cmake
[1.797s] -- Up-to-date: /home/lya/ros2_ws/install/sipeed_tof_ms_a010/share/sipeed_tof_ms_a010/cmake/sipeed_tof_ms_a010Config-version.cmake
[1.798s] -- Up-to-date: /home/lya/ros2_ws/install/sipeed_tof_ms_a010/share/sipeed_tof_ms_a010/package.xml
[1.801s] Invoked command in '/home/lya/ros2_ws/build/sipeed_tof_ms_a010' returned '0': CMAKE_PREFIX_PATH=${CMAKE_PREFIX_PATH}:/opt/ros/humble /usr/bin/cmake --install /home/lya/ros2_ws/build/sipeed_tof_ms_a010
