[1.209s] Invoking command in '/home/ubuntu/ros2_ws/build/my_cam_driver': DEBUGINFOD_URLS=https://debuginfod.ubuntu.com PYTHONPATH=/home/ubuntu/ros2_ws/build/my_cam_driver/prefix_override:/usr/lib/python3/dist-packages/colcon_core/task/python/colcon_distutils_commands:/home/ubuntu/ros2_ws/install/my_cam_driver/lib/python3.12/site-packages:${PYTHONPATH} /usr/bin/python3 -W ignore:setup.py install is deprecated -W ignore:easy_install command is deprecated setup.py develop --editable --build-directory /home/ubuntu/ros2_ws/build/my_cam_driver/build --no-deps symlink_data
[1.673s] running develop
[1.894s] running egg_info
[1.894s] creating my_cam_driver.egg-info
[1.905s] writing my_cam_driver.egg-info/PKG-INFO
[1.905s] writing dependency_links to my_cam_driver.egg-info/dependency_links.txt
[1.905s] writing requirements to my_cam_driver.egg-info/requires.txt
[1.905s] writing top-level names to my_cam_driver.egg-info/top_level.txt
[1.905s] writing manifest file 'my_cam_driver.egg-info/SOURCES.txt'
[1.934s] reading manifest file 'my_cam_driver.egg-info/SOURCES.txt'
[1.934s] writing manifest file 'my_cam_driver.egg-info/SOURCES.txt'
[1.947s] running build_ext
[1.947s] Creating /home/ubuntu/ros2_ws/install/my_cam_driver/lib/python3.12/site-packages/my-cam-driver.egg-link (link to .)
[1.947s] 
[1.947s] Installed /home/ubuntu/ros2_ws/build/my_cam_driver
[1.947s] running symlink_data
[1.948s] creating /home/ubuntu/ros2_ws/install/my_cam_driver/share/ament_index
[1.948s] creating /home/ubuntu/ros2_ws/install/my_cam_driver/share/ament_index/resource_index
[1.948s] creating /home/ubuntu/ros2_ws/install/my_cam_driver/share/ament_index/resource_index/packages
[1.948s] symbolically linking /home/ubuntu/ros2_ws/build/my_cam_driver/resource/my_cam_driver -> /home/ubuntu/ros2_ws/install/my_cam_driver/share/ament_index/resource_index/packages
[1.948s] symbolically linking /home/ubuntu/ros2_ws/build/my_cam_driver/package.xml -> /home/ubuntu/ros2_ws/install/my_cam_driver/share/my_cam_driver
