[0.059s] Invoking command in '/home/ilya/ros2_ws/build/examples_rclcpp_multithreaded_executor': CMAKE_PREFIX_PATH=${CMAKE_PREFIX_PATH}:/opt/ros/kilted /usr/bin/cmake /home/ilya/ros2_ws/src/examples/rclcpp/executors/multithreaded_executor -DCMAKE_INSTALL_PREFIX=/home/ilya/ros2_ws/install/examples_rclcpp_multithreaded_executor
[0.736s] -- Found ament_cmake: 2.7.3 (/opt/ros/kilted/share/ament_cmake/cmake)
[0.737s] -- Override CMake install command with custom implementation using symlinks instead of copying resources
[0.737s] -- Found rclcpp: 29.5.2 (/opt/ros/kilted/share/rclcpp/cmake)
[0.737s] -- Found rosidl_generator_c: 4.9.5 (/opt/ros/kilted/share/rosidl_generator_c/cmake)
[0.737s] -- Found rosidl_generator_cpp: 4.9.5 (/opt/ros/kilted/share/rosidl_generator_cpp/cmake)
[0.737s] -- Using all available rosidl_typesupport_c: rosidl_typesupport_fastrtps_c;rosidl_typesupport_introspection_c
[0.738s] -- Using all available rosidl_typesupport_cpp: rosidl_typesupport_fastrtps_cpp;rosidl_typesupport_introspection_cpp
[0.738s] -- Found rmw_implementation_cmake: 7.8.2 (/opt/ros/kilted/share/rmw_implementation_cmake/cmake)
[0.738s] -- Found rmw_fastrtps_cpp: 9.3.2 (/opt/ros/kilted/share/rmw_fastrtps_cpp/cmake)
[0.782s] -- Using RMW implementation 'rmw_fastrtps_cpp' as default
[0.942s] -- Found std_msgs: 5.5.0 (/opt/ros/kilted/share/std_msgs/cmake)
[0.966s] -- Found ament_lint_auto: 0.19.2 (/opt/ros/kilted/share/ament_lint_auto/cmake)
[1.129s] -- Added test 'copyright' to check source files copyright and LICENSE
[1.131s] -- Added test 'cppcheck' to perform static code analysis on C / C++ code
[1.131s] -- Configured cppcheck include dirs: 
[1.131s] -- Configured cppcheck exclude dirs and/or files: 
[1.132s] -- Added test 'cpplint' to check C / C++ code against the Google style
[1.132s] -- Configured cpplint exclude dirs and/or files: 
[1.133s] -- Added test 'lint_cmake' to check CMake code style
[1.135s] -- Added test 'uncrustify' to check C / C++ code style
[1.135s] -- Configured uncrustify additional arguments: 
[1.135s] -- Added test 'xmllint' to check XML markup files
[1.141s] -- Configuring done (1.1s)
[1.197s] -- Generating done (0.0s)
[1.208s] -- Build files have been written to: /home/ilya/ros2_ws/build/examples_rclcpp_multithreaded_executor
[1.426s] Invoked command in '/home/ilya/ros2_ws/build/examples_rclcpp_multithreaded_executor' returned '0': CMAKE_PREFIX_PATH=${CMAKE_PREFIX_PATH}:/opt/ros/kilted /usr/bin/cmake /home/ilya/ros2_ws/src/examples/rclcpp/executors/multithreaded_executor -DCMAKE_INSTALL_PREFIX=/home/ilya/ros2_ws/install/examples_rclcpp_multithreaded_executor
[1.427s] Invoking command in '/home/ilya/ros2_ws/build/examples_rclcpp_multithreaded_executor': CMAKE_PREFIX_PATH=${CMAKE_PREFIX_PATH}:/opt/ros/kilted /usr/bin/cmake --build /home/ilya/ros2_ws/build/examples_rclcpp_multithreaded_executor -- -j8 -l8
[1.628s] [100%] Built target multithreaded_executor
[1.921s] Invoked command in '/home/ilya/ros2_ws/build/examples_rclcpp_multithreaded_executor' returned '0': CMAKE_PREFIX_PATH=${CMAKE_PREFIX_PATH}:/opt/ros/kilted /usr/bin/cmake --build /home/ilya/ros2_ws/build/examples_rclcpp_multithreaded_executor -- -j8 -l8
[1.922s] Invoking command in '/home/ilya/ros2_ws/build/examples_rclcpp_multithreaded_executor': CMAKE_PREFIX_PATH=${CMAKE_PREFIX_PATH}:/opt/ros/kilted /usr/bin/cmake --install /home/ilya/ros2_ws/build/examples_rclcpp_multithreaded_executor
[1.974s] -- Install configuration: ""
[1.974s] -- Execute custom install script
[1.976s] -- Up-to-date symlink: /home/ilya/ros2_ws/install/examples_rclcpp_multithreaded_executor/lib/examples_rclcpp_multithreaded_executor/multithreaded_executor
[1.978s] -- Up-to-date symlink: /home/ilya/ros2_ws/install/examples_rclcpp_multithreaded_executor/share/ament_index/resource_index/package_run_dependencies/examples_rclcpp_multithreaded_executor
[1.979s] -- Up-to-date symlink: /home/ilya/ros2_ws/install/examples_rclcpp_multithreaded_executor/share/ament_index/resource_index/parent_prefix_path/examples_rclcpp_multithreaded_executor
[1.981s] -- Up-to-date symlink: /home/ilya/ros2_ws/install/examples_rclcpp_multithreaded_executor/share/examples_rclcpp_multithreaded_executor/environment/ament_prefix_path.sh
[1.983s] -- Up-to-date symlink: /home/ilya/ros2_ws/install/examples_rclcpp_multithreaded_executor/share/examples_rclcpp_multithreaded_executor/environment/ament_prefix_path.dsv
[1.984s] -- Up-to-date symlink: /home/ilya/ros2_ws/install/examples_rclcpp_multithreaded_executor/share/examples_rclcpp_multithreaded_executor/environment/path.sh
[1.985s] -- Up-to-date symlink: /home/ilya/ros2_ws/install/examples_rclcpp_multithreaded_executor/share/examples_rclcpp_multithreaded_executor/environment/path.dsv
[1.987s] -- Up-to-date symlink: /home/ilya/ros2_ws/install/examples_rclcpp_multithreaded_executor/share/examples_rclcpp_multithreaded_executor/local_setup.bash
[1.989s] -- Up-to-date symlink: /home/ilya/ros2_ws/install/examples_rclcpp_multithreaded_executor/share/examples_rclcpp_multithreaded_executor/local_setup.sh
[1.990s] -- Up-to-date symlink: /home/ilya/ros2_ws/install/examples_rclcpp_multithreaded_executor/share/examples_rclcpp_multithreaded_executor/local_setup.zsh
[1.991s] -- Up-to-date symlink: /home/ilya/ros2_ws/install/examples_rclcpp_multithreaded_executor/share/examples_rclcpp_multithreaded_executor/local_setup.dsv
[1.993s] -- Symlinking: /home/ilya/ros2_ws/install/examples_rclcpp_multithreaded_executor/share/examples_rclcpp_multithreaded_executor/package.dsv
[2.035s] -- Up-to-date symlink: /home/ilya/ros2_ws/install/examples_rclcpp_multithreaded_executor/share/ament_index/resource_index/packages/examples_rclcpp_multithreaded_executor
[2.036s] -- Up-to-date symlink: /home/ilya/ros2_ws/install/examples_rclcpp_multithreaded_executor/share/examples_rclcpp_multithreaded_executor/cmake/examples_rclcpp_multithreaded_executorConfig.cmake
[2.036s] -- Up-to-date symlink: /home/ilya/ros2_ws/install/examples_rclcpp_multithreaded_executor/share/examples_rclcpp_multithreaded_executor/cmake/examples_rclcpp_multithreaded_executorConfig-version.cmake
[2.036s] -- Up-to-date symlink: /home/ilya/ros2_ws/install/examples_rclcpp_multithreaded_executor/share/examples_rclcpp_multithreaded_executor/package.xml
[2.042s] Invoked command in '/home/ilya/ros2_ws/build/examples_rclcpp_multithreaded_executor' returned '0': CMAKE_PREFIX_PATH=${CMAKE_PREFIX_PATH}:/opt/ros/kilted /usr/bin/cmake --install /home/ilya/ros2_ws/build/examples_rclcpp_multithreaded_executor
