[0.031s] Invoking command in '/home/ilya/ros2_ws/build/examples_rclcpp_minimal_client': CMAKE_PREFIX_PATH=${CMAKE_PREFIX_PATH}:/opt/ros/kilted /usr/bin/cmake /home/ilya/ros2_ws/src/examples/rclcpp/services/minimal_client -DAMENT_CMAKE_SYMLINK_INSTALL=1 -DCMAKE_INSTALL_PREFIX=/home/ilya/ros2_ws/install/examples_rclcpp_minimal_client
[0.274s] -- The C compiler identification is GNU 13.3.0
[0.478s] -- The CXX compiler identification is GNU 13.3.0
[0.591s] -- Detecting C compiler ABI info
[0.771s] -- Detecting C compiler ABI info - done
[0.778s] -- Check for working C compiler: /usr/bin/cc - skipped
[0.778s] -- Detecting C compile features
[0.778s] -- Detecting C compile features - done
[0.825s] -- Detecting CXX compiler ABI info
[0.975s] -- Detecting CXX compiler ABI info - done
[0.986s] -- Check for working CXX compiler: /usr/bin/c++ - skipped
[0.986s] -- Detecting CXX compile features
[0.986s] -- Detecting CXX compile features - done
[0.989s] -- Found ament_cmake: 2.7.3 (/opt/ros/kilted/share/ament_cmake/cmake)
[1.138s] -- Found Python3: /usr/bin/python3 (found version "3.12.3") found components: Interpreter 
[1.208s] -- Override CMake install command with custom implementation using symlinks instead of copying resources
[1.240s] -- Found example_interfaces: 0.13.0 (/opt/ros/kilted/share/example_interfaces/cmake)
[1.375s] -- Found rosidl_generator_c: 4.9.5 (/opt/ros/kilted/share/rosidl_generator_c/cmake)
[1.394s] -- Found rosidl_generator_cpp: 4.9.5 (/opt/ros/kilted/share/rosidl_generator_cpp/cmake)
[1.425s] -- Using all available rosidl_typesupport_c: rosidl_typesupport_fastrtps_c;rosidl_typesupport_introspection_c
[1.446s] -- Using all available rosidl_typesupport_cpp: rosidl_typesupport_fastrtps_cpp;rosidl_typesupport_introspection_cpp
[1.561s] -- Found rclcpp: 29.5.2 (/opt/ros/kilted/share/rclcpp/cmake)
[1.611s] -- Found rmw_implementation_cmake: 7.8.2 (/opt/ros/kilted/share/rmw_implementation_cmake/cmake)
[1.613s] -- Found rmw_fastrtps_cpp: 9.3.2 (/opt/ros/kilted/share/rmw_fastrtps_cpp/cmake)
[1.710s] -- Found OpenSSL: /usr/lib/x86_64-linux-gnu/libcrypto.so (found version "3.0.13")  
[1.723s] -- Using RMW implementation 'rmw_fastrtps_cpp' as default
[1.833s] -- Found ament_lint_auto: 0.19.2 (/opt/ros/kilted/share/ament_lint_auto/cmake)
[1.950s] -- Added test 'copyright' to check source files copyright and LICENSE
[1.951s] -- Added test 'cppcheck' to perform static code analysis on C / C++ code
[1.951s] -- Configured cppcheck include dirs: 
[1.951s] -- Configured cppcheck exclude dirs and/or files: 
[1.952s] -- Added test 'cpplint' to check C / C++ code against the Google style
[1.952s] -- Configured cpplint exclude dirs and/or files: 
[1.953s] -- Added test 'lint_cmake' to check CMake code style
[1.954s] -- Added test 'uncrustify' to check C / C++ code style
[1.954s] -- Configured uncrustify additional arguments: 
[1.955s] -- Added test 'xmllint' to check XML markup files
[1.957s] -- Configuring done (1.9s)
[1.971s] -- Generating done (0.0s)
[1.974s] -- Build files have been written to: /home/ilya/ros2_ws/build/examples_rclcpp_minimal_client
[1.992s] Invoked command in '/home/ilya/ros2_ws/build/examples_rclcpp_minimal_client' returned '0': CMAKE_PREFIX_PATH=${CMAKE_PREFIX_PATH}:/opt/ros/kilted /usr/bin/cmake /home/ilya/ros2_ws/src/examples/rclcpp/services/minimal_client -DAMENT_CMAKE_SYMLINK_INSTALL=1 -DCMAKE_INSTALL_PREFIX=/home/ilya/ros2_ws/install/examples_rclcpp_minimal_client
[1.993s] Invoking command in '/home/ilya/ros2_ws/build/examples_rclcpp_minimal_client': CMAKE_PREFIX_PATH=${CMAKE_PREFIX_PATH}:/opt/ros/kilted /usr/bin/cmake --build /home/ilya/ros2_ws/build/examples_rclcpp_minimal_client -- -j8 -l8
[2.077s] [ 50%] [32mBuilding CXX object CMakeFiles/client_main.dir/main.cpp.o[0m
[19.177s] [100%] [32m[1mLinking CXX executable client_main[0m
[19.561s] [100%] Built target client_main
[19.649s] Invoked command in '/home/ilya/ros2_ws/build/examples_rclcpp_minimal_client' returned '0': CMAKE_PREFIX_PATH=${CMAKE_PREFIX_PATH}:/opt/ros/kilted /usr/bin/cmake --build /home/ilya/ros2_ws/build/examples_rclcpp_minimal_client -- -j8 -l8
[19.668s] Invoking command in '/home/ilya/ros2_ws/build/examples_rclcpp_minimal_client': CMAKE_PREFIX_PATH=${CMAKE_PREFIX_PATH}:/opt/ros/kilted /usr/bin/cmake --install /home/ilya/ros2_ws/build/examples_rclcpp_minimal_client
[20.869s] -- Install configuration: ""
[20.870s] -- Execute custom install script
[20.870s] -- Symlinking: /home/ilya/ros2_ws/install/examples_rclcpp_minimal_client/lib/examples_rclcpp_minimal_client/client_main
[20.870s] -- Symlinking: /home/ilya/ros2_ws/install/examples_rclcpp_minimal_client/share/ament_index/resource_index/package_run_dependencies/examples_rclcpp_minimal_client
[20.871s] -- Symlinking: /home/ilya/ros2_ws/install/examples_rclcpp_minimal_client/share/ament_index/resource_index/parent_prefix_path/examples_rclcpp_minimal_client
[20.871s] -- Symlinking: /home/ilya/ros2_ws/install/examples_rclcpp_minimal_client/share/examples_rclcpp_minimal_client/environment/ament_prefix_path.sh
[20.871s] -- Symlinking: /home/ilya/ros2_ws/install/examples_rclcpp_minimal_client/share/examples_rclcpp_minimal_client/environment/ament_prefix_path.dsv
[20.871s] -- Symlinking: /home/ilya/ros2_ws/install/examples_rclcpp_minimal_client/share/examples_rclcpp_minimal_client/environment/path.sh
[20.871s] -- Symlinking: /home/ilya/ros2_ws/install/examples_rclcpp_minimal_client/share/examples_rclcpp_minimal_client/environment/path.dsv
[20.871s] -- Symlinking: /home/ilya/ros2_ws/install/examples_rclcpp_minimal_client/share/examples_rclcpp_minimal_client/local_setup.bash
[20.871s] -- Symlinking: /home/ilya/ros2_ws/install/examples_rclcpp_minimal_client/share/examples_rclcpp_minimal_client/local_setup.sh
[20.871s] -- Symlinking: /home/ilya/ros2_ws/install/examples_rclcpp_minimal_client/share/examples_rclcpp_minimal_client/local_setup.zsh
[20.871s] -- Symlinking: /home/ilya/ros2_ws/install/examples_rclcpp_minimal_client/share/examples_rclcpp_minimal_client/local_setup.dsv
[20.871s] -- Symlinking: /home/ilya/ros2_ws/install/examples_rclcpp_minimal_client/share/examples_rclcpp_minimal_client/package.dsv
[20.871s] -- Symlinking: /home/ilya/ros2_ws/install/examples_rclcpp_minimal_client/share/ament_index/resource_index/packages/examples_rclcpp_minimal_client
[20.871s] -- Symlinking: /home/ilya/ros2_ws/install/examples_rclcpp_minimal_client/share/examples_rclcpp_minimal_client/cmake/examples_rclcpp_minimal_clientConfig.cmake
[20.871s] -- Symlinking: /home/ilya/ros2_ws/install/examples_rclcpp_minimal_client/share/examples_rclcpp_minimal_client/cmake/examples_rclcpp_minimal_clientConfig-version.cmake
[20.871s] -- Symlinking: /home/ilya/ros2_ws/install/examples_rclcpp_minimal_client/share/examples_rclcpp_minimal_client/package.xml
[21.098s] Invoked command in '/home/ilya/ros2_ws/build/examples_rclcpp_minimal_client' returned '0': CMAKE_PREFIX_PATH=${CMAKE_PREFIX_PATH}:/opt/ros/kilted /usr/bin/cmake --install /home/ilya/ros2_ws/build/examples_rclcpp_minimal_client
