[1.404s] Invoking command in '/home/ubuntu/ros2_ws/src/image_pipeline/camera_calibration': DEBUGINFOD_URLS=https://debuginfod.ubuntu.com PYTHONPATH=/home/ubuntu/ros2_ws/build/camera_calibration/prefix_override:/usr/lib/python3/dist-packages/colcon_core/task/python/colcon_distutils_commands:/home/ubuntu/ros2_ws/install/camera_calibration/lib/python3.12/site-packages:${PYTHONPATH} /usr/bin/python3 -W ignore:setup.py install is deprecated -W ignore:easy_install command is deprecated setup.py egg_info --egg-base ../../../build/camera_calibration build --build-base /home/ubuntu/ros2_ws/build/camera_calibration/build install --record /home/ubuntu/ros2_ws/build/camera_calibration/install.log --single-version-externally-managed install_data
[1.745s] running egg_info
[1.746s] creating ../../../build/camera_calibration/camera_calibration.egg-info
[1.767s] writing ../../../build/camera_calibration/camera_calibration.egg-info/PKG-INFO
[1.768s] writing dependency_links to ../../../build/camera_calibration/camera_calibration.egg-info/dependency_links.txt
[1.768s] writing entry points to ../../../build/camera_calibration/camera_calibration.egg-info/entry_points.txt
[1.768s] writing requirements to ../../../build/camera_calibration/camera_calibration.egg-info/requires.txt
[1.768s] writing top-level names to ../../../build/camera_calibration/camera_calibration.egg-info/top_level.txt
[1.768s] writing manifest file '../../../build/camera_calibration/camera_calibration.egg-info/SOURCES.txt'
[1.816s] reading manifest file '../../../build/camera_calibration/camera_calibration.egg-info/SOURCES.txt'
[1.817s] writing manifest file '../../../build/camera_calibration/camera_calibration.egg-info/SOURCES.txt'
[1.817s] running build
[1.817s] running build_py
[1.817s] creating /home/ubuntu/ros2_ws/build/camera_calibration/build
[1.817s] creating /home/ubuntu/ros2_ws/build/camera_calibration/build/lib
[1.818s] creating /home/ubuntu/ros2_ws/build/camera_calibration/build/lib/camera_calibration
[1.818s] copying src/camera_calibration/mono_calibrator.py -> /home/ubuntu/ros2_ws/build/camera_calibration/build/lib/camera_calibration
[1.818s] copying src/camera_calibration/camera_checker.py -> /home/ubuntu/ros2_ws/build/camera_calibration/build/lib/camera_calibration
[1.818s] copying src/camera_calibration/__init__.py -> /home/ubuntu/ros2_ws/build/camera_calibration/build/lib/camera_calibration
[1.818s] copying src/camera_calibration/calibrator.py -> /home/ubuntu/ros2_ws/build/camera_calibration/build/lib/camera_calibration
[1.818s] copying src/camera_calibration/stereo_calibrator.py -> /home/ubuntu/ros2_ws/build/camera_calibration/build/lib/camera_calibration
[1.819s] copying src/camera_calibration/camera_calibrator.py -> /home/ubuntu/ros2_ws/build/camera_calibration/build/lib/camera_calibration
[1.819s] creating /home/ubuntu/ros2_ws/build/camera_calibration/build/lib/camera_calibration/nodes
[1.819s] copying src/camera_calibration/nodes/__init__.py -> /home/ubuntu/ros2_ws/build/camera_calibration/build/lib/camera_calibration/nodes
[1.819s] copying src/camera_calibration/nodes/tarfile_calibration.py -> /home/ubuntu/ros2_ws/build/camera_calibration/build/lib/camera_calibration/nodes
[1.819s] copying src/camera_calibration/nodes/cameracalibrator.py -> /home/ubuntu/ros2_ws/build/camera_calibration/build/lib/camera_calibration/nodes
[1.820s] copying src/camera_calibration/nodes/cameracheck.py -> /home/ubuntu/ros2_ws/build/camera_calibration/build/lib/camera_calibration/nodes
[1.820s] running install
[1.829s] running install_lib
[1.851s] creating /home/ubuntu/ros2_ws/install/camera_calibration/lib/python3.12/site-packages/camera_calibration
[1.851s] copying /home/ubuntu/ros2_ws/build/camera_calibration/build/lib/camera_calibration/mono_calibrator.py -> /home/ubuntu/ros2_ws/install/camera_calibration/lib/python3.12/site-packages/camera_calibration
[1.852s] copying /home/ubuntu/ros2_ws/build/camera_calibration/build/lib/camera_calibration/camera_checker.py -> /home/ubuntu/ros2_ws/install/camera_calibration/lib/python3.12/site-packages/camera_calibration
[1.852s] copying /home/ubuntu/ros2_ws/build/camera_calibration/build/lib/camera_calibration/__init__.py -> /home/ubuntu/ros2_ws/install/camera_calibration/lib/python3.12/site-packages/camera_calibration
[1.852s] copying /home/ubuntu/ros2_ws/build/camera_calibration/build/lib/camera_calibration/calibrator.py -> /home/ubuntu/ros2_ws/install/camera_calibration/lib/python3.12/site-packages/camera_calibration
[1.852s] copying /home/ubuntu/ros2_ws/build/camera_calibration/build/lib/camera_calibration/stereo_calibrator.py -> /home/ubuntu/ros2_ws/install/camera_calibration/lib/python3.12/site-packages/camera_calibration
[1.852s] creating /home/ubuntu/ros2_ws/install/camera_calibration/lib/python3.12/site-packages/camera_calibration/nodes
[1.852s] copying /home/ubuntu/ros2_ws/build/camera_calibration/build/lib/camera_calibration/nodes/__init__.py -> /home/ubuntu/ros2_ws/install/camera_calibration/lib/python3.12/site-packages/camera_calibration/nodes
[1.852s] copying /home/ubuntu/ros2_ws/build/camera_calibration/build/lib/camera_calibration/nodes/tarfile_calibration.py -> /home/ubuntu/ros2_ws/install/camera_calibration/lib/python3.12/site-packages/camera_calibration/nodes
[1.852s] copying /home/ubuntu/ros2_ws/build/camera_calibration/build/lib/camera_calibration/nodes/cameracalibrator.py -> /home/ubuntu/ros2_ws/install/camera_calibration/lib/python3.12/site-packages/camera_calibration/nodes
[1.853s] copying /home/ubuntu/ros2_ws/build/camera_calibration/build/lib/camera_calibration/nodes/cameracheck.py -> /home/ubuntu/ros2_ws/install/camera_calibration/lib/python3.12/site-packages/camera_calibration/nodes
[1.853s] copying /home/ubuntu/ros2_ws/build/camera_calibration/build/lib/camera_calibration/camera_calibrator.py -> /home/ubuntu/ros2_ws/install/camera_calibration/lib/python3.12/site-packages/camera_calibration
[1.854s] byte-compiling /home/ubuntu/ros2_ws/install/camera_calibration/lib/python3.12/site-packages/camera_calibration/mono_calibrator.py to mono_calibrator.cpython-312.pyc
[1.858s] byte-compiling /home/ubuntu/ros2_ws/install/camera_calibration/lib/python3.12/site-packages/camera_calibration/camera_checker.py to camera_checker.cpython-312.pyc
[1.861s] byte-compiling /home/ubuntu/ros2_ws/install/camera_calibration/lib/python3.12/site-packages/camera_calibration/__init__.py to __init__.cpython-312.pyc
[1.861s] byte-compiling /home/ubuntu/ros2_ws/install/camera_calibration/lib/python3.12/site-packages/camera_calibration/calibrator.py to calibrator.cpython-312.pyc
[1.869s] byte-compiling /home/ubuntu/ros2_ws/install/camera_calibration/lib/python3.12/site-packages/camera_calibration/stereo_calibrator.py to stereo_calibrator.cpython-312.pyc
[1.873s] byte-compiling /home/ubuntu/ros2_ws/install/camera_calibration/lib/python3.12/site-packages/camera_calibration/nodes/__init__.py to __init__.cpython-312.pyc
[1.873s] byte-compiling /home/ubuntu/ros2_ws/install/camera_calibration/lib/python3.12/site-packages/camera_calibration/nodes/tarfile_calibration.py to tarfile_calibration.cpython-312.pyc
[1.876s] byte-compiling /home/ubuntu/ros2_ws/install/camera_calibration/lib/python3.12/site-packages/camera_calibration/nodes/cameracalibrator.py to cameracalibrator.cpython-312.pyc
[1.878s] byte-compiling /home/ubuntu/ros2_ws/install/camera_calibration/lib/python3.12/site-packages/camera_calibration/nodes/cameracheck.py to cameracheck.cpython-312.pyc
[1.879s] byte-compiling /home/ubuntu/ros2_ws/install/camera_calibration/lib/python3.12/site-packages/camera_calibration/camera_calibrator.py to camera_calibrator.cpython-312.pyc
[1.882s] running install_data
[1.883s] creating /home/ubuntu/ros2_ws/install/camera_calibration/share/ament_index
[1.883s] creating /home/ubuntu/ros2_ws/install/camera_calibration/share/ament_index/resource_index
[1.883s] creating /home/ubuntu/ros2_ws/install/camera_calibration/share/ament_index/resource_index/packages
[1.883s] copying resource/camera_calibration -> /home/ubuntu/ros2_ws/install/camera_calibration/share/ament_index/resource_index/packages
[1.883s] copying package.xml -> /home/ubuntu/ros2_ws/install/camera_calibration/share/camera_calibration
[1.883s] running install_egg_info
[1.910s] Copying ../../../build/camera_calibration/camera_calibration.egg-info to /home/ubuntu/ros2_ws/install/camera_calibration/lib/python3.12/site-packages/camera_calibration-7.1.2-py3.12.egg-info
[1.911s] running install_scripts
[2.067s] Installing cameracalibrator script to /home/ubuntu/ros2_ws/install/camera_calibration/lib/camera_calibration
[2.067s] Installing cameracheck script to /home/ubuntu/ros2_ws/install/camera_calibration/lib/camera_calibration
[2.067s] Installing tarfile_calibration script to /home/ubuntu/ros2_ws/install/camera_calibration/lib/camera_calibration
[2.067s] writing list of installed files to '/home/ubuntu/ros2_ws/build/camera_calibration/install.log'
