[0.017s] Invoking command in '/home/ubuntu/ros2_ws/build/my_webots_robot': DEBUGINFOD_URLS=https://debuginfod.ubuntu.com /usr/bin/cmake --build /home/ubuntu/ros2_ws/build/my_webots_robot -- -j16 -l16
[0.074s] -- Found ament_cmake: 2.5.4 (/opt/ros/jazzy/share/ament_cmake/cmake)
[0.393s] -- Found rclcpp: 28.1.12 (/opt/ros/jazzy/share/rclcpp/cmake)
[0.435s] -- Found rosidl_generator_c: 4.6.6 (/opt/ros/jazzy/share/rosidl_generator_c/cmake)
[0.453s] -- Found rosidl_generator_cpp: 4.6.6 (/opt/ros/jazzy/share/rosidl_generator_cpp/cmake)
[0.469s] -- Using all available rosidl_typesupport_c: rosidl_typesupport_fastrtps_c;rosidl_typesupport_introspection_c
[0.486s] -- Using all available rosidl_typesupport_cpp: rosidl_typesupport_fastrtps_cpp;rosidl_typesupport_introspection_cpp
[0.582s] -- Found rmw_implementation_cmake: 7.3.2 (/opt/ros/jazzy/share/rmw_implementation_cmake/cmake)
[0.583s] -- Found rmw_fastrtps_cpp: 8.4.3 (/opt/ros/jazzy/share/rmw_fastrtps_cpp/cmake)
[0.685s] -- Using RMW implementation 'rmw_fastrtps_cpp' as default
[0.786s] -- Found webots_ros2_driver: 2025.0.0 (/opt/ros/jazzy/share/webots_ros2_driver/cmake)
[0.887s] -- Found eigen3_cmake_module: 0.3.0 (/opt/ros/jazzy/share/eigen3_cmake_module/cmake)
[0.888s] -- Ensuring Eigen3 include directory is part of orocos-kdl CMake target
[1.057s] [33mCMake Warning at /opt/ros/jazzy/share/webots_ros2_driver/cmake/ament_cmake_export_libraries-extras.cmake:116 (message):
[1.057s]   Package 'webots_ros2_driver' exports library 'controller/libController.so'
[1.058s]   which couldn't be found
[1.058s] Call Stack (most recent call first):
[1.058s]   /opt/ros/jazzy/share/webots_ros2_driver/cmake/webots_ros2_driverConfig.cmake:41 (include)
[1.058s]   CMakeLists.txt:6 (find_package)
[1.058s] 
[1.058s] [0m
[1.058s] [33mCMake Warning at /opt/ros/jazzy/share/webots_ros2_driver/cmake/ament_cmake_export_libraries-extras.cmake:116 (message):
[1.058s]   Package 'webots_ros2_driver' exports library
[1.058s]   'controller/libCppController.so' which couldn't be found
[1.058s] Call Stack (most recent call first):
[1.058s]   /opt/ros/jazzy/share/webots_ros2_driver/cmake/webots_ros2_driverConfig.cmake:41 (include)
[1.058s]   CMakeLists.txt:6 (find_package)
[1.058s] 
[1.058s] [0m
[1.059s] [33mCMake Warning at /opt/ros/jazzy/share/webots_ros2_driver/cmake/ament_cmake_export_libraries-extras.cmake:116 (message):
[1.059s]   Package 'webots_ros2_driver' exports library 'controller/libdriver.so'
[1.059s]   which couldn't be found
[1.059s] Call Stack (most recent call first):
[1.059s]   /opt/ros/jazzy/share/webots_ros2_driver/cmake/webots_ros2_driverConfig.cmake:41 (include)
[1.059s]   CMakeLists.txt:6 (find_package)
[1.059s] 
[1.059s] [0m
[1.060s] [33mCMake Warning at /opt/ros/jazzy/share/webots_ros2_driver/cmake/ament_cmake_export_libraries-extras.cmake:116 (message):
[1.060s]   Package 'webots_ros2_driver' exports library 'controller/libCppDriver.so'
[1.060s]   which couldn't be found
[1.060s] Call Stack (most recent call first):
[1.060s]   /opt/ros/jazzy/share/webots_ros2_driver/cmake/webots_ros2_driverConfig.cmake:41 (include)
[1.060s]   CMakeLists.txt:6 (find_package)
[1.060s] 
[1.060s] [0m
[1.060s] [33mCMake Warning at /opt/ros/jazzy/share/webots_ros2_driver/cmake/ament_cmake_export_libraries-extras.cmake:116 (message):
[1.060s]   Package 'webots_ros2_driver' exports library 'controller/libcar.so' which
[1.060s]   couldn't be found
[1.060s] Call Stack (most recent call first):
[1.060s]   /opt/ros/jazzy/share/webots_ros2_driver/cmake/webots_ros2_driverConfig.cmake:41 (include)
[1.060s]   CMakeLists.txt:6 (find_package)
[1.061s] 
[1.061s] [0m
[1.061s] [33mCMake Warning at /opt/ros/jazzy/share/webots_ros2_driver/cmake/ament_cmake_export_libraries-extras.cmake:116 (message):
[1.061s]   Package 'webots_ros2_driver' exports library 'controller/libCppCar.so'
[1.061s]   which couldn't be found
[1.061s] Call Stack (most recent call first):
[1.061s]   /opt/ros/jazzy/share/webots_ros2_driver/cmake/webots_ros2_driverConfig.cmake:41 (include)
[1.061s]   CMakeLists.txt:6 (find_package)
[1.061s] 
[1.061s] [0m
[1.062s] [33mCMake Warning at /opt/ros/jazzy/share/webots_ros2_driver/cmake/ament_cmake_export_libraries-extras.cmake:116 (message):
[1.062s]   Package 'webots_ros2_driver' exports library
[1.062s]   'controller/libgeneric_robot_window.so' which couldn't be found
[1.062s] Call Stack (most recent call first):
[1.062s]   /opt/ros/jazzy/share/webots_ros2_driver/cmake/webots_ros2_driverConfig.cmake:41 (include)
[1.062s]   CMakeLists.txt:6 (find_package)
[1.062s] 
[1.062s] [0m
[1.134s] -- Configuring done (1.1s)
[1.138s] [31mCMake Error at CMakeLists.txt:13 (add_library):
[1.138s]   Cannot find source file:
[1.138s] 
[1.138s]     /home/ubuntu/ros2_ws/src/libraries/youbot_control/src/arm.c
[1.138s] 
[1.138s]   Tried extensions .c .C .c++ .cc .cpp .cxx .cu .mpp .m .M .mm .ixx .cppm
[1.138s]   .ccm .cxxm .c++m .h .hh .h++ .hm .hpp .hxx .in .txx .f .F .for .f77 .f90
[1.138s]   .f95 .f03 .hip .ispc
[1.138s] 
[1.138s] [0m
[1.140s] [31mCMake Error at CMakeLists.txt:13 (add_library):
[1.140s]   No SOURCES given to target: youbot_control
[1.140s] 
[1.140s] [0m
[1.140s] [0mCMake Generate step failed.  Build files cannot be regenerated correctly.[0m
[1.147s] gmake: *** [Makefile:267: cmake_check_build_system] Ошибка 1
[1.150s] Invoked command in '/home/ubuntu/ros2_ws/build/my_webots_robot' returned '2': DEBUGINFOD_URLS=https://debuginfod.ubuntu.com /usr/bin/cmake --build /home/ubuntu/ros2_ws/build/my_webots_robot -- -j16 -l16
