[0.007s] Invoking command in '/home/lya/ros2_ws/build/sipeed_tof_ms_a010': CMAKE_PREFIX_PATH=/opt/ros/humble /usr/bin/cmake /home/lya/ros2_ws/src/MaixSense_ROS/sipeed_tof_ms_a010_ros/ros2 -DCMAKE_BUILD_TYPE=Release -DCMAKE_INSTALL_PREFIX=/home/lya/ros2_ws/install/sipeed_tof_ms_a010
[0.047s] -- The C compiler identification is GNU 11.4.0
[0.085s] -- The CXX compiler identification is GNU 11.4.0
[0.090s] -- Detecting C compiler ABI info
[0.145s] -- Detecting C compiler ABI info - done
[0.148s] -- Check for working C compiler: /usr/bin/cc - skipped
[0.148s] -- Detecting C compile features
[0.149s] -- Detecting C compile features - done
[0.150s] -- Detecting CXX compiler ABI info
[0.210s] -- Detecting CXX compiler ABI info - done
[0.213s] -- Check for working CXX compiler: /usr/bin/c++ - skipped
[0.214s] -- Detecting CXX compile features
[0.214s] -- Detecting CXX compile features - done
[0.215s] -- Found ament_cmake: 1.3.14 (/opt/ros/humble/share/ament_cmake/cmake)
[0.311s] -- Found Python3: /usr/bin/python3 (found version "3.10.12") found components: Interpreter 
[0.367s] -- Found std_msgs: 4.9.1 (/opt/ros/humble/share/std_msgs/cmake)
[0.387s] -- Found rosidl_generator_c: 3.1.8 (/opt/ros/humble/share/rosidl_generator_c/cmake)
[0.389s] -- Found rosidl_adapter: 3.1.8 (/opt/ros/humble/share/rosidl_adapter/cmake)
[0.394s] -- Found rosidl_generator_cpp: 3.1.8 (/opt/ros/humble/share/rosidl_generator_cpp/cmake)
[0.400s] -- Using all available rosidl_typesupport_c: rosidl_typesupport_fastrtps_c;rosidl_typesupport_introspection_c
[0.409s] -- Using all available rosidl_typesupport_cpp: rosidl_typesupport_fastrtps_cpp;rosidl_typesupport_introspection_cpp
[0.423s] -- Found sensor_msgs: 4.9.1 (/opt/ros/humble/share/sensor_msgs/cmake)
[0.441s] -- Found rclcpp: 16.0.19 (/opt/ros/humble/share/rclcpp/cmake)
[0.461s] -- Found rmw_implementation_cmake: 6.1.2 (/opt/ros/humble/share/rmw_implementation_cmake/cmake)
[0.462s] -- Found rmw_fastrtps_cpp: 6.2.10 (/opt/ros/humble/share/rmw_fastrtps_cpp/cmake)
[0.527s] -- Found OpenSSL: /usr/lib/x86_64-linux-gnu/libcrypto.so (found version "3.0.2")  
[0.545s] -- Found FastRTPS: /opt/ros/humble/include  
[0.573s] -- Using RMW implementation 'rmw_fastrtps_cpp' as default
[0.577s] -- Looking for pthread.h
[0.631s] -- Looking for pthread.h - found
[0.631s] -- Performing Test CMAKE_HAVE_LIBC_PTHREAD
[0.688s] -- Performing Test CMAKE_HAVE_LIBC_PTHREAD - Success
[0.688s] -- Found Threads: TRUE  
[0.712s] -- Found OpenCV: /usr (found version "4.5.4") 
[0.713s] -- Found cv_bridge: 3.2.1 (/opt/ros/humble/share/cv_bridge/cmake)
[0.715s] -- Found ament_lint_auto: 0.12.15 (/opt/ros/humble/share/ament_lint_auto/cmake)
[0.763s] -- Added test 'copyright' to check source files copyright and LICENSE
[0.764s] -- Added test 'cppcheck' to perform static code analysis on C / C++ code
[0.764s] -- Configured cppcheck include dirs: 
[0.764s] -- Configured cppcheck exclude dirs and/or files: 
[0.765s] -- Added test 'cpplint' to check C / C++ code against the Google style
[0.765s] -- Configured cpplint exclude dirs and/or files: 
[0.765s] -- Added test 'lint_cmake' to check CMake code style
[0.766s] -- Added test 'uncrustify' to check C / C++ code style
[0.766s] -- Configured uncrustify additional arguments: 
[0.766s] -- Added test 'xmllint' to check XML markup files
[0.766s] -- Configuring done
[0.775s] -- Generating done
[0.779s] -- Build files have been written to: /home/lya/ros2_ws/build/sipeed_tof_ms_a010
[0.787s] Invoked command in '/home/lya/ros2_ws/build/sipeed_tof_ms_a010' returned '0': CMAKE_PREFIX_PATH=/opt/ros/humble /usr/bin/cmake /home/lya/ros2_ws/src/MaixSense_ROS/sipeed_tof_ms_a010_ros/ros2 -DCMAKE_BUILD_TYPE=Release -DCMAKE_INSTALL_PREFIX=/home/lya/ros2_ws/install/sipeed_tof_ms_a010
[0.787s] Invoking command in '/home/lya/ros2_ws/build/sipeed_tof_ms_a010': CMAKE_PREFIX_PATH=/opt/ros/humble /usr/bin/cmake --build /home/lya/ros2_ws/build/sipeed_tof_ms_a010 -- -j16 -l16
[0.824s] [ 40%] [32mBuilding C object CMakeFiles/publisher.dir/src/cJSON.c.o[0m
[0.824s] [ 40%] [32mBuilding CXX object CMakeFiles/publisher.dir/src/main.cc.o[0m
[0.825s] [ 60%] [32mBuilding CXX object CMakeFiles/publisher.dir/src/serial.cc.o[0m
[0.825s] [ 80%] [32mBuilding CXX object CMakeFiles/publisher.dir/src/frame_handle.cc.o[0m
[1.031s] In file included from /home/lya/ros2_ws/src/MaixSense_ROS/sipeed_tof_ms_a010_ros/ros2/src/frame_handle.cc:8:
[1.031s] /home/lya/ros2_ws/src/MaixSense_ROS/sipeed_tof_ms_a010_ros/ros2/src/frame_struct.h:36:11: warning: ISO C++ forbids flexible array member ‘payload’ [-Wpedantic]
[1.031s]    36 |   uint8_t payload[];
[1.031s]       |           ^~~~~~~
[1.634s] /home/lya/ros2_ws/src/MaixSense_ROS/sipeed_tof_ms_a010_ros/ros2/src/serial.cc: In member function ‘void Serial::writeBytes(const std::vector<unsigned char>&) const’:
[1.634s] /home/lya/ros2_ws/src/MaixSense_ROS/sipeed_tof_ms_a010_ros/ros2/src/serial.cc:69:8: warning: ignoring return value of ‘ssize_t write(int, const void*, size_t)’ declared with attribute ‘warn_unused_result’ [-Wunused-result]
[1.634s]    69 |   write(*(int *)this->priv, vec.cbegin().base(), vec.size());
[1.634s]       |   ~~~~~^~~~~~~~~~~~~~~~~~~~~~~~~~~~~~~~~~~~~~~~~~~~~~~~~~~~~
[3.070s] In file included from /home/lya/ros2_ws/src/MaixSense_ROS/sipeed_tof_ms_a010_ros/ros2/src/main.cc:15:
[3.070s] /home/lya/ros2_ws/src/MaixSense_ROS/sipeed_tof_ms_a010_ros/ros2/src/frame_struct.h:36:11: warning: ISO C++ forbids flexible array member ‘payload’ [-Wpedantic]
[3.070s]    36 |   uint8_t payload[];
[3.070s]       |           ^~~~~~~
[3.245s] /home/lya/ros2_ws/src/MaixSense_ROS/sipeed_tof_ms_a010_ros/ros2/src/main.cc: In constructor ‘SipeedTOF_MSA010_Publisher::SipeedTOF_MSA010_Publisher()’:
[3.245s] /home/lya/ros2_ws/src/MaixSense_ROS/sipeed_tof_ms_a010_ros/ros2/src/main.cc:86:14: warning: unused variable ‘tmp’ [-Wunused-variable]
[3.245s]    86 |     uint32_t tmp;
[3.245s]       |              ^~~
[3.249s] /home/lya/ros2_ws/src/MaixSense_ROS/sipeed_tof_ms_a010_ros/ros2/src/main.cc: In member function ‘void SipeedTOF_MSA010_Publisher::timer_callback()’:
[3.250s] /home/lya/ros2_ws/src/MaixSense_ROS/sipeed_tof_ms_a010_ros/ros2/src/main.cc:192:23: warning: comparison of integer expressions of different signedness: ‘int’ and ‘sensor_msgs::msg::PointCloud2_<std::allocator<void> >::_height_type’ {aka ‘unsigned int’} [-Wsign-compare]
[3.250s]   192 |     for (int j = 0; j < pcmsg.height; j++)
[3.250s]       |                     ~~^~~~~~~~~~~~~~
[3.250s] /home/lya/ros2_ws/src/MaixSense_ROS/sipeed_tof_ms_a010_ros/ros2/src/main.cc:193:25: warning: comparison of integer expressions of different signedness: ‘int’ and ‘sensor_msgs::msg::PointCloud2_<std::allocator<void> >::_width_type’ {aka ‘unsigned int’} [-Wsign-compare]
[3.250s]   193 |       for (int i = 0; i < pcmsg.width; i++) {
[3.250s]       |                       ~~^~~~~~~~~~~~~
[5.829s] [100%] [32m[1mLinking CXX executable publisher[0m
[6.058s] [100%] Built target publisher
[6.067s] Invoked command in '/home/lya/ros2_ws/build/sipeed_tof_ms_a010' returned '0': CMAKE_PREFIX_PATH=/opt/ros/humble /usr/bin/cmake --build /home/lya/ros2_ws/build/sipeed_tof_ms_a010 -- -j16 -l16
[6.075s] Invoking command in '/home/lya/ros2_ws/build/sipeed_tof_ms_a010': CMAKE_PREFIX_PATH=/opt/ros/humble /usr/bin/cmake --install /home/lya/ros2_ws/build/sipeed_tof_ms_a010
[6.080s] -- Install configuration: "Release"
[6.080s] -- Installing: /home/lya/ros2_ws/install/sipeed_tof_ms_a010/lib/sipeed_tof_ms_a010/publisher
[6.080s] -- Set runtime path of "/home/lya/ros2_ws/install/sipeed_tof_ms_a010/lib/sipeed_tof_ms_a010/publisher" to ""
[6.080s] -- Installing: /home/lya/ros2_ws/install/sipeed_tof_ms_a010/share/ament_index/resource_index/package_run_dependencies/sipeed_tof_ms_a010
[6.081s] -- Installing: /home/lya/ros2_ws/install/sipeed_tof_ms_a010/share/ament_index/resource_index/parent_prefix_path/sipeed_tof_ms_a010
[6.081s] -- Installing: /home/lya/ros2_ws/install/sipeed_tof_ms_a010/share/sipeed_tof_ms_a010/environment/ament_prefix_path.sh
[6.081s] -- Installing: /home/lya/ros2_ws/install/sipeed_tof_ms_a010/share/sipeed_tof_ms_a010/environment/ament_prefix_path.dsv
[6.081s] -- Installing: /home/lya/ros2_ws/install/sipeed_tof_ms_a010/share/sipeed_tof_ms_a010/environment/path.sh
[6.081s] -- Installing: /home/lya/ros2_ws/install/sipeed_tof_ms_a010/share/sipeed_tof_ms_a010/environment/path.dsv
[6.081s] -- Installing: /home/lya/ros2_ws/install/sipeed_tof_ms_a010/share/sipeed_tof_ms_a010/local_setup.bash
[6.081s] -- Installing: /home/lya/ros2_ws/install/sipeed_tof_ms_a010/share/sipeed_tof_ms_a010/local_setup.sh
[6.081s] -- Installing: /home/lya/ros2_ws/install/sipeed_tof_ms_a010/share/sipeed_tof_ms_a010/local_setup.zsh
[6.081s] -- Installing: /home/lya/ros2_ws/install/sipeed_tof_ms_a010/share/sipeed_tof_ms_a010/local_setup.dsv
[6.081s] -- Installing: /home/lya/ros2_ws/install/sipeed_tof_ms_a010/share/sipeed_tof_ms_a010/package.dsv
[6.081s] -- Installing: /home/lya/ros2_ws/install/sipeed_tof_ms_a010/share/ament_index/resource_index/packages/sipeed_tof_ms_a010
[6.082s] -- Installing: /home/lya/ros2_ws/install/sipeed_tof_ms_a010/share/sipeed_tof_ms_a010/cmake/sipeed_tof_ms_a010Config.cmake
[6.082s] -- Installing: /home/lya/ros2_ws/install/sipeed_tof_ms_a010/share/sipeed_tof_ms_a010/cmake/sipeed_tof_ms_a010Config-version.cmake
[6.082s] -- Installing: /home/lya/ros2_ws/install/sipeed_tof_ms_a010/share/sipeed_tof_ms_a010/package.xml
[6.083s] Invoked command in '/home/lya/ros2_ws/build/sipeed_tof_ms_a010' returned '0': CMAKE_PREFIX_PATH=/opt/ros/humble /usr/bin/cmake --install /home/lya/ros2_ws/build/sipeed_tof_ms_a010
