[3.199s] Invoking command in '/home/ilya/ros2_ws/build/examples_rclpy_minimal_publisher': PYTHONPATH=/home/ilya/ros2_ws/build/examples_rclpy_minimal_publisher/prefix_override:/usr/lib/python3/dist-packages/colcon_core/task/python/colcon_distutils_commands:/home/ilya/ros2_ws/install/examples_rclpy_minimal_publisher/lib/python3.12/site-packages:${PYTHONPATH} /usr/bin/python3 -W ignore:setup.py install is deprecated -W ignore:easy_install command is deprecated setup.py develop --editable --build-directory /home/ilya/ros2_ws/build/examples_rclpy_minimal_publisher/build --no-deps symlink_data
[5.113s] running develop
[5.662s] running egg_info
[5.662s] creating examples_rclpy_minimal_publisher.egg-info
[5.707s] writing examples_rclpy_minimal_publisher.egg-info/PKG-INFO
[5.712s] writing dependency_links to examples_rclpy_minimal_publisher.egg-info/dependency_links.txt
[5.716s] writing entry points to examples_rclpy_minimal_publisher.egg-info/entry_points.txt
[5.716s] writing requirements to examples_rclpy_minimal_publisher.egg-info/requires.txt
[5.717s] writing top-level names to examples_rclpy_minimal_publisher.egg-info/top_level.txt
[5.717s] writing manifest file 'examples_rclpy_minimal_publisher.egg-info/SOURCES.txt'
[5.817s] reading manifest file 'examples_rclpy_minimal_publisher.egg-info/SOURCES.txt'
[5.818s] writing manifest file 'examples_rclpy_minimal_publisher.egg-info/SOURCES.txt'
[5.867s] running build_ext
[5.869s] Creating /home/ilya/ros2_ws/install/examples_rclpy_minimal_publisher/lib/python3.12/site-packages/examples-rclpy-minimal-publisher.egg-link (link to .)
[5.889s] Installing publisher_local_function script to /home/ilya/ros2_ws/install/examples_rclpy_minimal_publisher/lib/examples_rclpy_minimal_publisher
[5.889s] Installing publisher_member_function script to /home/ilya/ros2_ws/install/examples_rclpy_minimal_publisher/lib/examples_rclpy_minimal_publisher
[5.889s] Installing publisher_member_function_with_wait_for_all_acked script to /home/ilya/ros2_ws/install/examples_rclpy_minimal_publisher/lib/examples_rclpy_minimal_publisher
[5.889s] Installing publisher_old_school script to /home/ilya/ros2_ws/install/examples_rclpy_minimal_publisher/lib/examples_rclpy_minimal_publisher
[5.889s] 
[5.889s] Installed /home/ilya/ros2_ws/build/examples_rclpy_minimal_publisher
[5.889s] running symlink_data
[5.889s] creating /home/ilya/ros2_ws/install/examples_rclpy_minimal_publisher/share/ament_index
[5.889s] creating /home/ilya/ros2_ws/install/examples_rclpy_minimal_publisher/share/ament_index/resource_index
[5.889s] creating /home/ilya/ros2_ws/install/examples_rclpy_minimal_publisher/share/ament_index/resource_index/packages
[5.889s] symbolically linking /home/ilya/ros2_ws/build/examples_rclpy_minimal_publisher/resource/examples_rclpy_minimal_publisher -> /home/ilya/ros2_ws/install/examples_rclpy_minimal_publisher/share/ament_index/resource_index/packages
[5.890s] symbolically linking /home/ilya/ros2_ws/build/examples_rclpy_minimal_publisher/package.xml -> /home/ilya/ros2_ws/install/examples_rclpy_minimal_publisher/share/examples_rclpy_minimal_publisher
[6.164s] Invoked command in '/home/ilya/ros2_ws/build/examples_rclpy_minimal_publisher' returned '0': PYTHONPATH=/home/ilya/ros2_ws/build/examples_rclpy_minimal_publisher/prefix_override:/usr/lib/python3/dist-packages/colcon_core/task/python/colcon_distutils_commands:/home/ilya/ros2_ws/install/examples_rclpy_minimal_publisher/lib/python3.12/site-packages:${PYTHONPATH} /usr/bin/python3 -W ignore:setup.py install is deprecated -W ignore:easy_install command is deprecated setup.py develop --editable --build-directory /home/ilya/ros2_ws/build/examples_rclpy_minimal_publisher/build --no-deps symlink_data
