[0.034s] Invoking command in '/home/ilya/ros2_ws/build/examples_rclcpp_minimal_service': CMAKE_PREFIX_PATH=${CMAKE_PREFIX_PATH}:/opt/ros/kilted /usr/bin/cmake /home/ilya/ros2_ws/src/examples/rclcpp/services/minimal_service -DAMENT_CMAKE_SYMLINK_INSTALL=1 -DCMAKE_INSTALL_PREFIX=/home/ilya/ros2_ws/install/examples_rclcpp_minimal_service
[1.980s] -- The C compiler identification is GNU 13.3.0
[1.981s] -- The CXX compiler identification is GNU 13.3.0
[1.981s] -- Detecting C compiler ABI info
[1.981s] -- Detecting C compiler ABI info - done
[1.981s] -- Check for working C compiler: /usr/bin/cc - skipped
[1.981s] -- Detecting C compile features
[1.981s] -- Detecting C compile features - done
[1.981s] -- Detecting CXX compiler ABI info
[1.981s] -- Detecting CXX compiler ABI info - done
[1.981s] -- Check for working CXX compiler: /usr/bin/c++ - skipped
[1.981s] -- Detecting CXX compile features
[1.981s] -- Detecting CXX compile features - done
[1.981s] -- Found ament_cmake: 2.7.3 (/opt/ros/kilted/share/ament_cmake/cmake)
[1.981s] -- Found Python3: /usr/bin/python3 (found version "3.12.3") found components: Interpreter 
[1.981s] -- Override CMake install command with custom implementation using symlinks instead of copying resources
[1.981s] -- Found example_interfaces: 0.13.0 (/opt/ros/kilted/share/example_interfaces/cmake)
[1.981s] -- Found rosidl_generator_c: 4.9.5 (/opt/ros/kilted/share/rosidl_generator_c/cmake)
[1.981s] -- Found rosidl_generator_cpp: 4.9.5 (/opt/ros/kilted/share/rosidl_generator_cpp/cmake)
[1.982s] -- Using all available rosidl_typesupport_c: rosidl_typesupport_fastrtps_c;rosidl_typesupport_introspection_c
[1.982s] -- Using all available rosidl_typesupport_cpp: rosidl_typesupport_fastrtps_cpp;rosidl_typesupport_introspection_cpp
[1.982s] -- Found rclcpp: 29.5.2 (/opt/ros/kilted/share/rclcpp/cmake)
[1.982s] -- Found rmw_implementation_cmake: 7.8.2 (/opt/ros/kilted/share/rmw_implementation_cmake/cmake)
[1.982s] -- Found rmw_fastrtps_cpp: 9.3.2 (/opt/ros/kilted/share/rmw_fastrtps_cpp/cmake)
[1.982s] -- Found OpenSSL: /usr/lib/x86_64-linux-gnu/libcrypto.so (found version "3.0.13")  
[1.982s] -- Using RMW implementation 'rmw_fastrtps_cpp' as default
[1.982s] -- Found ament_lint_auto: 0.19.2 (/opt/ros/kilted/share/ament_lint_auto/cmake)
[1.982s] -- Added test 'copyright' to check source files copyright and LICENSE
[1.982s] -- Added test 'cppcheck' to perform static code analysis on C / C++ code
[1.982s] -- Configured cppcheck include dirs: 
[1.982s] -- Configured cppcheck exclude dirs and/or files: 
[1.982s] -- Added test 'cpplint' to check C / C++ code against the Google style
[1.982s] -- Configured cpplint exclude dirs and/or files: 
[1.982s] -- Added test 'lint_cmake' to check CMake code style
[1.982s] -- Added test 'uncrustify' to check C / C++ code style
[1.982s] -- Configured uncrustify additional arguments: 
[1.982s] -- Added test 'xmllint' to check XML markup files
[1.982s] -- Configuring done (1.9s)
[1.983s] -- Generating done (0.0s)
[1.987s] -- Build files have been written to: /home/ilya/ros2_ws/build/examples_rclcpp_minimal_service
[1.991s] Invoked command in '/home/ilya/ros2_ws/build/examples_rclcpp_minimal_service' returned '0': CMAKE_PREFIX_PATH=${CMAKE_PREFIX_PATH}:/opt/ros/kilted /usr/bin/cmake /home/ilya/ros2_ws/src/examples/rclcpp/services/minimal_service -DAMENT_CMAKE_SYMLINK_INSTALL=1 -DCMAKE_INSTALL_PREFIX=/home/ilya/ros2_ws/install/examples_rclcpp_minimal_service
[1.992s] Invoking command in '/home/ilya/ros2_ws/build/examples_rclcpp_minimal_service': CMAKE_PREFIX_PATH=${CMAKE_PREFIX_PATH}:/opt/ros/kilted /usr/bin/cmake --build /home/ilya/ros2_ws/build/examples_rclcpp_minimal_service -- -j8 -l8
[2.061s] [ 50%] [32mBuilding CXX object CMakeFiles/service_main.dir/main.cpp.o[0m
[20.421s] [100%] [32m[1mLinking CXX executable service_main[0m
[20.749s] [100%] Built target service_main
[21.078s] Invoked command in '/home/ilya/ros2_ws/build/examples_rclcpp_minimal_service' returned '0': CMAKE_PREFIX_PATH=${CMAKE_PREFIX_PATH}:/opt/ros/kilted /usr/bin/cmake --build /home/ilya/ros2_ws/build/examples_rclcpp_minimal_service -- -j8 -l8
[21.083s] Invoking command in '/home/ilya/ros2_ws/build/examples_rclcpp_minimal_service': CMAKE_PREFIX_PATH=${CMAKE_PREFIX_PATH}:/opt/ros/kilted /usr/bin/cmake --install /home/ilya/ros2_ws/build/examples_rclcpp_minimal_service
[21.132s] -- Install configuration: ""
[21.132s] -- Execute custom install script
[21.132s] -- Symlinking: /home/ilya/ros2_ws/install/examples_rclcpp_minimal_service/lib/examples_rclcpp_minimal_service/service_main
[21.133s] -- Symlinking: /home/ilya/ros2_ws/install/examples_rclcpp_minimal_service/share/ament_index/resource_index/package_run_dependencies/examples_rclcpp_minimal_service
[21.149s] -- Symlinking: /home/ilya/ros2_ws/install/examples_rclcpp_minimal_service/share/ament_index/resource_index/parent_prefix_path/examples_rclcpp_minimal_service
[21.172s] -- Symlinking: /home/ilya/ros2_ws/install/examples_rclcpp_minimal_service/share/examples_rclcpp_minimal_service/environment/ament_prefix_path.sh
[21.180s] -- Symlinking: /home/ilya/ros2_ws/install/examples_rclcpp_minimal_service/share/examples_rclcpp_minimal_service/environment/ament_prefix_path.dsv
[21.194s] -- Symlinking: /home/ilya/ros2_ws/install/examples_rclcpp_minimal_service/share/examples_rclcpp_minimal_service/environment/path.sh
[21.207s] -- Symlinking: /home/ilya/ros2_ws/install/examples_rclcpp_minimal_service/share/examples_rclcpp_minimal_service/environment/path.dsv
[21.220s] -- Symlinking: /home/ilya/ros2_ws/install/examples_rclcpp_minimal_service/share/examples_rclcpp_minimal_service/local_setup.bash
[21.234s] -- Symlinking: /home/ilya/ros2_ws/install/examples_rclcpp_minimal_service/share/examples_rclcpp_minimal_service/local_setup.sh
[21.247s] -- Symlinking: /home/ilya/ros2_ws/install/examples_rclcpp_minimal_service/share/examples_rclcpp_minimal_service/local_setup.zsh
[21.263s] -- Symlinking: /home/ilya/ros2_ws/install/examples_rclcpp_minimal_service/share/examples_rclcpp_minimal_service/local_setup.dsv
[21.277s] -- Symlinking: /home/ilya/ros2_ws/install/examples_rclcpp_minimal_service/share/examples_rclcpp_minimal_service/package.dsv
[21.293s] -- Symlinking: /home/ilya/ros2_ws/install/examples_rclcpp_minimal_service/share/ament_index/resource_index/packages/examples_rclcpp_minimal_service
[21.306s] -- Symlinking: /home/ilya/ros2_ws/install/examples_rclcpp_minimal_service/share/examples_rclcpp_minimal_service/cmake/examples_rclcpp_minimal_serviceConfig.cmake
[21.319s] -- Symlinking: /home/ilya/ros2_ws/install/examples_rclcpp_minimal_service/share/examples_rclcpp_minimal_service/cmake/examples_rclcpp_minimal_serviceConfig-version.cmake
[21.337s] -- Symlinking: /home/ilya/ros2_ws/install/examples_rclcpp_minimal_service/share/examples_rclcpp_minimal_service/package.xml
[21.356s] Invoked command in '/home/ilya/ros2_ws/build/examples_rclcpp_minimal_service' returned '0': CMAKE_PREFIX_PATH=${CMAKE_PREFIX_PATH}:/opt/ros/kilted /usr/bin/cmake --install /home/ilya/ros2_ws/build/examples_rclcpp_minimal_service
