[0.333s] Invoking command in '/home/ubuntu/ros2_ws/build/my_package': CMAKE_PREFIX_PATH=${CMAKE_PREFIX_PATH}:/home/ubuntu/turtlebot3_ws/install/turtlebot3_teleop:/home/ubuntu/turtlebot3_ws/install/turtlebot3_example:/opt/ros/jazzy DEBUGINFOD_URLS=https://debuginfod.ubuntu.com /usr/bin/cmake --build /home/ubuntu/ros2_ws/build/my_package -- -j16 -l16
[0.505s] [100%] Built target my_package
[0.530s] Invoked command in '/home/ubuntu/ros2_ws/build/my_package' returned '0': CMAKE_PREFIX_PATH=${CMAKE_PREFIX_PATH}:/home/ubuntu/turtlebot3_ws/install/turtlebot3_teleop:/home/ubuntu/turtlebot3_ws/install/turtlebot3_example:/opt/ros/jazzy DEBUGINFOD_URLS=https://debuginfod.ubuntu.com /usr/bin/cmake --build /home/ubuntu/ros2_ws/build/my_package -- -j16 -l16
[0.551s] Invoking command in '/home/ubuntu/ros2_ws/build/my_package': CMAKE_PREFIX_PATH=${CMAKE_PREFIX_PATH}:/home/ubuntu/turtlebot3_ws/install/turtlebot3_teleop:/home/ubuntu/turtlebot3_ws/install/turtlebot3_example:/opt/ros/jazzy DEBUGINFOD_URLS=https://debuginfod.ubuntu.com /usr/bin/cmake --install /home/ubuntu/ros2_ws/build/my_package
[0.568s] -- Install configuration: ""
[0.568s] -- Up-to-date: /home/ubuntu/ros2_ws/install/my_package/share/my_package/my_robot_driver.xml
[0.570s] -- Up-to-date: /home/ubuntu/ros2_ws/install/my_package/lib/libmy_package.so
[0.570s] -- Up-to-date: /home/ubuntu/ros2_ws/install/my_package/share/my_package//launch
[0.570s] -- Up-to-date: /home/ubuntu/ros2_ws/install/my_package/share/my_package//launch/robot_launch.py
[0.570s] -- Up-to-date: /home/ubuntu/ros2_ws/install/my_package/share/my_package//resource
[0.570s] -- Up-to-date: /home/ubuntu/ros2_ws/install/my_package/share/my_package//resource/my_robot.urdf
[0.570s] -- Up-to-date: /home/ubuntu/ros2_ws/install/my_package/share/my_package//worlds
[0.571s] -- Up-to-date: /home/ubuntu/ros2_ws/install/my_package/share/my_package//worlds/my_world.wbt
[0.571s] -- Up-to-date: /home/ubuntu/ros2_ws/install/my_package/share/my_package/environment/library_path.sh
[0.571s] -- Up-to-date: /home/ubuntu/ros2_ws/install/my_package/share/my_package/environment/library_path.dsv
[0.572s] -- Up-to-date: /home/ubuntu/ros2_ws/install/my_package/share/ament_index/resource_index/package_run_dependencies/my_package
[0.572s] -- Up-to-date: /home/ubuntu/ros2_ws/install/my_package/share/ament_index/resource_index/parent_prefix_path/my_package
[0.572s] -- Up-to-date: /home/ubuntu/ros2_ws/install/my_package/share/my_package/environment/ament_prefix_path.sh
[0.572s] -- Up-to-date: /home/ubuntu/ros2_ws/install/my_package/share/my_package/environment/ament_prefix_path.dsv
[0.572s] -- Up-to-date: /home/ubuntu/ros2_ws/install/my_package/share/my_package/environment/path.sh
[0.572s] -- Up-to-date: /home/ubuntu/ros2_ws/install/my_package/share/my_package/environment/path.dsv
[0.572s] -- Up-to-date: /home/ubuntu/ros2_ws/install/my_package/share/my_package/local_setup.bash
[0.572s] -- Up-to-date: /home/ubuntu/ros2_ws/install/my_package/share/my_package/local_setup.sh
[0.572s] -- Up-to-date: /home/ubuntu/ros2_ws/install/my_package/share/my_package/local_setup.zsh
[0.572s] -- Up-to-date: /home/ubuntu/ros2_ws/install/my_package/share/my_package/local_setup.dsv
[0.572s] -- Installing: /home/ubuntu/ros2_ws/install/my_package/share/my_package/package.dsv
[0.572s] -- Up-to-date: /home/ubuntu/ros2_ws/install/my_package/share/ament_index/resource_index/packages/my_package
[0.573s] -- Up-to-date: /home/ubuntu/ros2_ws/install/my_package/share/ament_index/resource_index/webots_ros2_driver__pluginlib__plugin/my_package
[0.573s] -- Up-to-date: /home/ubuntu/ros2_ws/install/my_package/share/my_package/cmake/ament_cmake_export_include_directories-extras.cmake
[0.573s] -- Up-to-date: /home/ubuntu/ros2_ws/install/my_package/share/my_package/cmake/ament_cmake_export_libraries-extras.cmake
[0.573s] -- Up-to-date: /home/ubuntu/ros2_ws/install/my_package/share/my_package/cmake/my_packageConfig.cmake
[0.573s] -- Up-to-date: /home/ubuntu/ros2_ws/install/my_package/share/my_package/cmake/my_packageConfig-version.cmake
[0.573s] -- Up-to-date: /home/ubuntu/ros2_ws/install/my_package/share/my_package/package.xml
[0.576s] Invoked command in '/home/ubuntu/ros2_ws/build/my_package' returned '0': CMAKE_PREFIX_PATH=${CMAKE_PREFIX_PATH}:/home/ubuntu/turtlebot3_ws/install/turtlebot3_teleop:/home/ubuntu/turtlebot3_ws/install/turtlebot3_example:/opt/ros/jazzy DEBUGINFOD_URLS=https://debuginfod.ubuntu.com /usr/bin/cmake --install /home/ubuntu/ros2_ws/build/my_package
