[0.054s] DEBUG:colcon:Command line arguments: ['/usr/bin/colcon', 'build', '--paths', 'src/MaixSense_ROS/sipeed_tof_ms_a010_ros/ros2', '--cmake-args', '-DCMAKE_BUILD_TYPE=Release']
[0.054s] DEBUG:colcon:Parsed command line arguments: Namespace(log_base=None, log_level=None, verb_name='build', build_base='build', install_base='install', merge_install=False, symlink_install=False, test_result_base=None, continue_on_error=False, executor='parallel', parallel_workers=16, event_handlers=None, ignore_user_meta=False, metas=['./colcon.meta'], base_paths=['.'], packages_ignore=None, packages_ignore_regex=None, paths=['/home/lya/ros2_ws/src/MaixSense_ROS/sipeed_tof_ms_a010_ros/ros2'], packages_up_to=None, packages_up_to_regex=None, packages_above=None, packages_above_and_dependencies=None, packages_above_depth=None, packages_select_by_dep=None, packages_skip_by_dep=None, packages_skip_up_to=None, packages_select_build_failed=False, packages_skip_build_finished=False, packages_select_test_failures=False, packages_skip_test_passed=False, packages_select=None, packages_skip=None, packages_select_regex=None, packages_skip_regex=None, packages_start=None, packages_end=None, allow_overriding=[], cmake_args=['-DCMAKE_BUILD_TYPE=Release'], cmake_target=None, cmake_target_skip_unavailable=False, cmake_clean_cache=False, cmake_clean_first=False, cmake_force_configure=False, ament_cmake_args=None, catkin_cmake_args=None, catkin_skip_building_tests=False, mixin_files=None, mixin=None, verb_parser=<colcon_mixin.mixin.mixin_argument.MixinArgumentDecorator object at 0x76fccb265000>, verb_extension=<colcon_core.verb.build.BuildVerb object at 0x76fccb381ea0>, main=<bound method BuildVerb.main of <colcon_core.verb.build.BuildVerb object at 0x76fccb381ea0>>, mixin_verb=('build',))
[0.131s] Level 1:colcon.colcon_core.package_discovery:discover_packages(colcon_meta) check parameters
[0.131s] Level 1:colcon.colcon_core.package_discovery:discover_packages(recursive) check parameters
[0.131s] Level 1:colcon.colcon_core.package_discovery:discover_packages(ignore) check parameters
[0.131s] Level 1:colcon.colcon_core.package_discovery:discover_packages(path) check parameters
[0.131s] Level 1:colcon.colcon_core.package_discovery:discover_packages(path) discover
[0.131s] Level 1:colcon.colcon_core.package_discovery:PathPackageDiscovery.discover(['/home/lya/ros2_ws/src/MaixSense_ROS/sipeed_tof_ms_a010_ros/ros2'])
[0.131s] Level 1:colcon.colcon_core.package_identification:_identify(/home/lya/ros2_ws/src/MaixSense_ROS/sipeed_tof_ms_a010_ros/ros2) by extensions ['ignore', 'ignore_ament_install']
[0.132s] Level 1:colcon.colcon_core.package_identification:_identify(/home/lya/ros2_ws/src/MaixSense_ROS/sipeed_tof_ms_a010_ros/ros2) by extension 'ignore'
[0.132s] Level 1:colcon.colcon_core.package_identification:_identify(/home/lya/ros2_ws/src/MaixSense_ROS/sipeed_tof_ms_a010_ros/ros2) by extension 'ignore_ament_install'
[0.132s] Level 1:colcon.colcon_core.package_identification:_identify(/home/lya/ros2_ws/src/MaixSense_ROS/sipeed_tof_ms_a010_ros/ros2) by extensions ['colcon_pkg']
[0.132s] Level 1:colcon.colcon_core.package_identification:_identify(/home/lya/ros2_ws/src/MaixSense_ROS/sipeed_tof_ms_a010_ros/ros2) by extension 'colcon_pkg'
[0.132s] Level 1:colcon.colcon_core.package_identification:_identify(/home/lya/ros2_ws/src/MaixSense_ROS/sipeed_tof_ms_a010_ros/ros2) by extensions ['colcon_meta']
[0.132s] Level 1:colcon.colcon_core.package_identification:_identify(/home/lya/ros2_ws/src/MaixSense_ROS/sipeed_tof_ms_a010_ros/ros2) by extension 'colcon_meta'
[0.132s] Level 1:colcon.colcon_core.package_identification:_identify(/home/lya/ros2_ws/src/MaixSense_ROS/sipeed_tof_ms_a010_ros/ros2) by extensions ['ros']
[0.132s] Level 1:colcon.colcon_core.package_identification:_identify(/home/lya/ros2_ws/src/MaixSense_ROS/sipeed_tof_ms_a010_ros/ros2) by extension 'ros'
[0.139s] DEBUG:colcon.colcon_core.package_identification:Package '/home/lya/ros2_ws/src/MaixSense_ROS/sipeed_tof_ms_a010_ros/ros2' with type 'ros.ament_cmake' and name 'sipeed_tof_ms_a010'
[0.139s] Level 1:colcon.colcon_core.package_discovery:discover_packages(path) using defaults
[0.156s] Level 1:colcon.colcon_core.package_discovery:discover_packages(prefix_path) check parameters
[0.156s] Level 1:colcon.colcon_core.package_discovery:discover_packages(prefix_path) discover
[0.158s] DEBUG:colcon.colcon_installed_package_information.package_discovery:Found 273 installed packages in /opt/ros/humble
[0.158s] Level 1:colcon.colcon_core.package_discovery:discover_packages(prefix_path) using defaults
[0.178s] Level 5:colcon.colcon_core.verb:set package 'sipeed_tof_ms_a010' build argument 'cmake_args' from command line to '['-DCMAKE_BUILD_TYPE=Release']'
[0.178s] Level 5:colcon.colcon_core.verb:set package 'sipeed_tof_ms_a010' build argument 'cmake_target' from command line to 'None'
[0.178s] Level 5:colcon.colcon_core.verb:set package 'sipeed_tof_ms_a010' build argument 'cmake_target_skip_unavailable' from command line to 'False'
[0.178s] Level 5:colcon.colcon_core.verb:set package 'sipeed_tof_ms_a010' build argument 'cmake_clean_cache' from command line to 'False'
[0.178s] Level 5:colcon.colcon_core.verb:set package 'sipeed_tof_ms_a010' build argument 'cmake_clean_first' from command line to 'False'
[0.178s] Level 5:colcon.colcon_core.verb:set package 'sipeed_tof_ms_a010' build argument 'cmake_force_configure' from command line to 'False'
[0.178s] Level 5:colcon.colcon_core.verb:set package 'sipeed_tof_ms_a010' build argument 'ament_cmake_args' from command line to 'None'
[0.178s] Level 5:colcon.colcon_core.verb:set package 'sipeed_tof_ms_a010' build argument 'catkin_cmake_args' from command line to 'None'
[0.178s] Level 5:colcon.colcon_core.verb:set package 'sipeed_tof_ms_a010' build argument 'catkin_skip_building_tests' from command line to 'False'
[0.178s] DEBUG:colcon.colcon_core.verb:Building package 'sipeed_tof_ms_a010' with the following arguments: {'ament_cmake_args': None, 'build_base': '/home/lya/ros2_ws/build/sipeed_tof_ms_a010', 'catkin_cmake_args': None, 'catkin_skip_building_tests': False, 'cmake_args': ['-DCMAKE_BUILD_TYPE=Release'], 'cmake_clean_cache': False, 'cmake_clean_first': False, 'cmake_force_configure': False, 'cmake_target': None, 'cmake_target_skip_unavailable': False, 'install_base': '/home/lya/ros2_ws/install/sipeed_tof_ms_a010', 'merge_install': False, 'path': '/home/lya/ros2_ws/src/MaixSense_ROS/sipeed_tof_ms_a010_ros/ros2', 'symlink_install': False, 'test_result_base': None}
[0.179s] INFO:colcon.colcon_core.executor:Executing jobs using 'parallel' executor
[0.179s] DEBUG:colcon.colcon_parallel_executor.executor.parallel:run_until_complete
[0.179s] INFO:colcon.colcon_ros.task.ament_cmake.build:Building ROS package in '/home/lya/ros2_ws/src/MaixSense_ROS/sipeed_tof_ms_a010_ros/ros2' with build type 'ament_cmake'
[0.179s] INFO:colcon.colcon_cmake.task.cmake.build:Building CMake package in '/home/lya/ros2_ws/src/MaixSense_ROS/sipeed_tof_ms_a010_ros/ros2'
[0.181s] INFO:colcon.colcon_core.plugin_system:Skipping extension 'colcon_core.shell.bat': Not used on non-Windows systems
[0.181s] INFO:colcon.colcon_core.shell:Skip shell extension 'powershell' for command environment: Not usable outside of PowerShell
[0.181s] DEBUG:colcon.colcon_core.shell:Skip shell extension 'dsv' for command environment
[0.187s] DEBUG:colcon.colcon_core.event_handler.log_command:Invoking command in '/home/lya/ros2_ws/build/sipeed_tof_ms_a010': CMAKE_PREFIX_PATH=/opt/ros/humble /usr/bin/cmake /home/lya/ros2_ws/src/MaixSense_ROS/sipeed_tof_ms_a010_ros/ros2 -DCMAKE_BUILD_TYPE=Release -DCMAKE_INSTALL_PREFIX=/home/lya/ros2_ws/install/sipeed_tof_ms_a010
[0.967s] DEBUG:colcon.colcon_core.event_handler.log_command:Invoked command in '/home/lya/ros2_ws/build/sipeed_tof_ms_a010' returned '0': CMAKE_PREFIX_PATH=/opt/ros/humble /usr/bin/cmake /home/lya/ros2_ws/src/MaixSense_ROS/sipeed_tof_ms_a010_ros/ros2 -DCMAKE_BUILD_TYPE=Release -DCMAKE_INSTALL_PREFIX=/home/lya/ros2_ws/install/sipeed_tof_ms_a010
[0.967s] DEBUG:colcon.colcon_core.event_handler.log_command:Invoking command in '/home/lya/ros2_ws/build/sipeed_tof_ms_a010': CMAKE_PREFIX_PATH=/opt/ros/humble /usr/bin/cmake --build /home/lya/ros2_ws/build/sipeed_tof_ms_a010 -- -j16 -l16
[6.247s] DEBUG:colcon.colcon_core.event_handler.log_command:Invoked command in '/home/lya/ros2_ws/build/sipeed_tof_ms_a010' returned '0': CMAKE_PREFIX_PATH=/opt/ros/humble /usr/bin/cmake --build /home/lya/ros2_ws/build/sipeed_tof_ms_a010 -- -j16 -l16
[6.255s] DEBUG:colcon.colcon_core.event_handler.log_command:Invoking command in '/home/lya/ros2_ws/build/sipeed_tof_ms_a010': CMAKE_PREFIX_PATH=/opt/ros/humble /usr/bin/cmake --install /home/lya/ros2_ws/build/sipeed_tof_ms_a010
[6.263s] Level 1:colcon.colcon_core.environment:create_environment_scripts_only(sipeed_tof_ms_a010)
[6.263s] DEBUG:colcon.colcon_core.event_handler.log_command:Invoked command in '/home/lya/ros2_ws/build/sipeed_tof_ms_a010' returned '0': CMAKE_PREFIX_PATH=/opt/ros/humble /usr/bin/cmake --install /home/lya/ros2_ws/build/sipeed_tof_ms_a010
[6.264s] Level 1:colcon.colcon_core.environment:checking '/home/lya/ros2_ws/install/sipeed_tof_ms_a010' for CMake module files
[6.265s] Level 1:colcon.colcon_core.environment:checking '/home/lya/ros2_ws/install/sipeed_tof_ms_a010' for CMake config files
[6.265s] Level 1:colcon.colcon_core.shell:create_environment_hook('sipeed_tof_ms_a010', 'cmake_prefix_path')
[6.265s] INFO:colcon.colcon_core.shell:Creating environment hook '/home/lya/ros2_ws/install/sipeed_tof_ms_a010/share/sipeed_tof_ms_a010/hook/cmake_prefix_path.ps1'
[6.265s] INFO:colcon.colcon_core.shell:Creating environment descriptor '/home/lya/ros2_ws/install/sipeed_tof_ms_a010/share/sipeed_tof_ms_a010/hook/cmake_prefix_path.dsv'
[6.265s] INFO:colcon.colcon_core.shell:Creating environment hook '/home/lya/ros2_ws/install/sipeed_tof_ms_a010/share/sipeed_tof_ms_a010/hook/cmake_prefix_path.sh'
[6.266s] Level 1:colcon.colcon_core.environment:checking '/home/lya/ros2_ws/install/sipeed_tof_ms_a010/lib'
[6.266s] Level 1:colcon.colcon_core.environment:checking '/home/lya/ros2_ws/install/sipeed_tof_ms_a010/bin'
[6.266s] Level 1:colcon.colcon_core.environment:checking '/home/lya/ros2_ws/install/sipeed_tof_ms_a010/lib/pkgconfig/sipeed_tof_ms_a010.pc'
[6.266s] Level 1:colcon.colcon_core.environment:checking '/home/lya/ros2_ws/install/sipeed_tof_ms_a010/lib/python3.10/site-packages'
[6.266s] Level 1:colcon.colcon_core.environment:checking '/home/lya/ros2_ws/install/sipeed_tof_ms_a010/bin'
[6.266s] INFO:colcon.colcon_core.shell:Creating package script '/home/lya/ros2_ws/install/sipeed_tof_ms_a010/share/sipeed_tof_ms_a010/package.ps1'
[6.267s] INFO:colcon.colcon_core.shell:Creating package descriptor '/home/lya/ros2_ws/install/sipeed_tof_ms_a010/share/sipeed_tof_ms_a010/package.dsv'
[6.267s] INFO:colcon.colcon_core.shell:Creating package script '/home/lya/ros2_ws/install/sipeed_tof_ms_a010/share/sipeed_tof_ms_a010/package.sh'
[6.267s] INFO:colcon.colcon_core.shell:Creating package script '/home/lya/ros2_ws/install/sipeed_tof_ms_a010/share/sipeed_tof_ms_a010/package.bash'
[6.268s] INFO:colcon.colcon_core.shell:Creating package script '/home/lya/ros2_ws/install/sipeed_tof_ms_a010/share/sipeed_tof_ms_a010/package.zsh'
[6.268s] Level 1:colcon.colcon_core.environment:create_file_with_runtime_dependencies(/home/lya/ros2_ws/install/sipeed_tof_ms_a010/share/colcon-core/packages/sipeed_tof_ms_a010)
[6.268s] Level 1:colcon.colcon_core.environment:create_environment_scripts_only(sipeed_tof_ms_a010)
[6.268s] Level 1:colcon.colcon_core.environment:checking '/home/lya/ros2_ws/install/sipeed_tof_ms_a010' for CMake module files
[6.269s] Level 1:colcon.colcon_core.environment:checking '/home/lya/ros2_ws/install/sipeed_tof_ms_a010' for CMake config files
[6.269s] Level 1:colcon.colcon_core.shell:create_environment_hook('sipeed_tof_ms_a010', 'cmake_prefix_path')
[6.269s] INFO:colcon.colcon_core.shell:Creating environment hook '/home/lya/ros2_ws/install/sipeed_tof_ms_a010/share/sipeed_tof_ms_a010/hook/cmake_prefix_path.ps1'
[6.269s] INFO:colcon.colcon_core.shell:Creating environment descriptor '/home/lya/ros2_ws/install/sipeed_tof_ms_a010/share/sipeed_tof_ms_a010/hook/cmake_prefix_path.dsv'
[6.269s] INFO:colcon.colcon_core.shell:Creating environment hook '/home/lya/ros2_ws/install/sipeed_tof_ms_a010/share/sipeed_tof_ms_a010/hook/cmake_prefix_path.sh'
[6.270s] Level 1:colcon.colcon_core.environment:checking '/home/lya/ros2_ws/install/sipeed_tof_ms_a010/lib'
[6.270s] Level 1:colcon.colcon_core.environment:checking '/home/lya/ros2_ws/install/sipeed_tof_ms_a010/bin'
[6.270s] Level 1:colcon.colcon_core.environment:checking '/home/lya/ros2_ws/install/sipeed_tof_ms_a010/lib/pkgconfig/sipeed_tof_ms_a010.pc'
[6.270s] Level 1:colcon.colcon_core.environment:checking '/home/lya/ros2_ws/install/sipeed_tof_ms_a010/lib/python3.10/site-packages'
[6.270s] Level 1:colcon.colcon_core.environment:checking '/home/lya/ros2_ws/install/sipeed_tof_ms_a010/bin'
[6.270s] INFO:colcon.colcon_core.shell:Creating package script '/home/lya/ros2_ws/install/sipeed_tof_ms_a010/share/sipeed_tof_ms_a010/package.ps1'
[6.270s] INFO:colcon.colcon_core.shell:Creating package descriptor '/home/lya/ros2_ws/install/sipeed_tof_ms_a010/share/sipeed_tof_ms_a010/package.dsv'
[6.271s] INFO:colcon.colcon_core.shell:Creating package script '/home/lya/ros2_ws/install/sipeed_tof_ms_a010/share/sipeed_tof_ms_a010/package.sh'
[6.271s] INFO:colcon.colcon_core.shell:Creating package script '/home/lya/ros2_ws/install/sipeed_tof_ms_a010/share/sipeed_tof_ms_a010/package.bash'
[6.271s] INFO:colcon.colcon_core.shell:Creating package script '/home/lya/ros2_ws/install/sipeed_tof_ms_a010/share/sipeed_tof_ms_a010/package.zsh'
[6.271s] Level 1:colcon.colcon_core.environment:create_file_with_runtime_dependencies(/home/lya/ros2_ws/install/sipeed_tof_ms_a010/share/colcon-core/packages/sipeed_tof_ms_a010)
[6.271s] DEBUG:colcon.colcon_parallel_executor.executor.parallel:closing loop
[6.271s] DEBUG:colcon.colcon_parallel_executor.executor.parallel:loop closed
[6.271s] DEBUG:colcon.colcon_parallel_executor.executor.parallel:run_until_complete finished with '0'
[6.271s] DEBUG:colcon.colcon_core.event_reactor:joining thread
[6.274s] INFO:colcon.colcon_core.plugin_system:Skipping extension 'colcon_notification.desktop_notification.terminal_notifier': Not used on non-Darwin systems
[6.275s] INFO:colcon.colcon_core.plugin_system:Skipping extension 'colcon_notification.desktop_notification.win32': Not used on non-Windows systems
[6.275s] INFO:colcon.colcon_notification.desktop_notification:Sending desktop notification using 'notify2'
[6.282s] DEBUG:colcon.colcon_core.event_reactor:joined thread
[6.283s] INFO:colcon.colcon_core.shell:Creating prefix script '/home/lya/ros2_ws/install/local_setup.ps1'
[6.283s] INFO:colcon.colcon_core.shell:Creating prefix util module '/home/lya/ros2_ws/install/_local_setup_util_ps1.py'
[6.284s] INFO:colcon.colcon_core.shell:Creating prefix chain script '/home/lya/ros2_ws/install/setup.ps1'
[6.285s] INFO:colcon.colcon_core.shell:Creating prefix script '/home/lya/ros2_ws/install/local_setup.sh'
[6.285s] INFO:colcon.colcon_core.shell:Creating prefix util module '/home/lya/ros2_ws/install/_local_setup_util_sh.py'
[6.285s] INFO:colcon.colcon_core.shell:Creating prefix chain script '/home/lya/ros2_ws/install/setup.sh'
[6.286s] INFO:colcon.colcon_core.shell:Creating prefix script '/home/lya/ros2_ws/install/local_setup.bash'
[6.286s] INFO:colcon.colcon_core.shell:Creating prefix chain script '/home/lya/ros2_ws/install/setup.bash'
[6.286s] INFO:colcon.colcon_core.shell:Creating prefix script '/home/lya/ros2_ws/install/local_setup.zsh'
[6.287s] INFO:colcon.colcon_core.shell:Creating prefix chain script '/home/lya/ros2_ws/install/setup.zsh'
