[0.334s] Invoking command in '/home/ubuntu/ros2_ws/build/image_view': CMAKE_PREFIX_PATH=${CMAKE_PREFIX_PATH}:/home/ubuntu/turtlebot3_ws/install/turtlebot3_teleop:/home/ubuntu/turtlebot3_ws/install/turtlebot3_example:/opt/ros/jazzy DEBUGINFOD_URLS=https://debuginfod.ubuntu.com /usr/bin/cmake /home/ubuntu/ros2_ws/src/image_pipeline/image_view -DCMAKE_INSTALL_PREFIX=/home/ubuntu/ros2_ws/install/image_view
[0.426s] -- The C compiler identification is GNU 13.3.0
[0.516s] -- The CXX compiler identification is GNU 13.3.0
[0.547s] -- Detecting C compiler ABI info
[0.705s] -- Detecting C compiler ABI info - done
[0.716s] -- Check for working C compiler: /usr/bin/cc - skipped
[0.716s] -- Detecting C compile features
[0.717s] -- Detecting C compile features - done
[0.733s] -- Detecting CXX compiler ABI info
[0.912s] -- Detecting CXX compiler ABI info - done
[0.925s] -- Check for working CXX compiler: /usr/bin/c++ - skipped
[0.926s] -- Detecting CXX compile features
[0.926s] -- Detecting CXX compile features - done
[0.936s] -- Found ament_cmake_auto: 2.5.4 (/opt/ros/jazzy/share/ament_cmake_auto/cmake)
[1.219s] -- Found Python3: /usr/bin/python3 (found version "3.12.3") found components: Interpreter 
[1.782s] -- Found rosidl_generator_c: 4.6.6 (/opt/ros/jazzy/share/rosidl_generator_c/cmake)
[1.817s] -- Found rosidl_generator_cpp: 4.6.6 (/opt/ros/jazzy/share/rosidl_generator_cpp/cmake)
[1.855s] -- Using all available rosidl_typesupport_c: rosidl_typesupport_fastrtps_c;rosidl_typesupport_introspection_c
[1.896s] -- Using all available rosidl_typesupport_cpp: rosidl_typesupport_fastrtps_cpp;rosidl_typesupport_introspection_cpp
[2.142s] -- Found rmw_implementation_cmake: 7.3.2 (/opt/ros/jazzy/share/rmw_implementation_cmake/cmake)
[2.151s] -- Found rmw_fastrtps_cpp: 8.4.3 (/opt/ros/jazzy/share/rmw_fastrtps_cpp/cmake)
[2.287s] -- Found OpenSSL: /usr/lib/x86_64-linux-gnu/libcrypto.so (found version "3.0.13")  
[2.303s] -- Found FastRTPS: /opt/ros/jazzy/include (Required is at least version "2.13") 
[2.322s] -- Using RMW implementation 'rmw_fastrtps_cpp' as default
[2.481s] -- Found OpenCV: /usr (found version "4.6.0") 
[2.502s] -- Found ament_lint_auto: 0.17.3 (/opt/ros/jazzy/share/ament_lint_auto/cmake)
[2.535s] [0mIn this package, headers install destination is set to `include` by ament_auto_package. It is recommended to install `include/image_view` instead and will be the default behavior of ament_auto_package from ROS 2 Kilted Kaiju. On distributions before Kilted, ament_auto_package behaves the same way when you use USE_SCOPED_HEADER_INSTALL_DIR option.[0m
[2.538s] -- Added test 'copyright' to check source files copyright and LICENSE
[2.540s] -- Added test 'cppcheck' to perform static code analysis on C / C++ code
[2.540s] -- Configured cppcheck include dirs: /home/ubuntu/ros2_ws/src/image_pipeline/image_view/include
[2.540s] -- Configured cppcheck exclude dirs and/or files: 
[2.542s] -- Added test 'cpplint' to check C / C++ code against the Google style
[2.542s] -- Configured cpplint exclude dirs and/or files: 
[2.542s] -- Added test 'flake8' to check Python code syntax and style conventions
[2.543s] -- Configured 'flake8' exclude dirs and/or files: 
[2.543s] -- Added test 'lint_cmake' to check CMake code style
[2.544s] -- Added test 'pep257' to check Python code against some of the docstring style conventions in PEP 257
[2.546s] -- Added test 'uncrustify' to check C / C++ code style
[2.546s] -- Configured uncrustify additional arguments: 
[2.547s] -- Added test 'xmllint' to check XML markup files
[2.549s] -- Configuring done (2.2s)
[2.591s] -- Generating done (0.0s)
[2.601s] -- Build files have been written to: /home/ubuntu/ros2_ws/build/image_view
