[0.190s] DEBUG:colcon:Command line arguments: ['/usr/bin/colcon', 'build', '--packages-select', 'sipeed_tof_ms_a010', '--cmake-args', '-DCMAKE_BUILD_TYPE=Release']
[0.190s] DEBUG:colcon:Parsed command line arguments: Namespace(log_base=None, log_level=None, verb_name='build', build_base='build', install_base='install', merge_install=False, symlink_install=False, test_result_base=None, continue_on_error=False, executor='parallel', parallel_workers=16, event_handlers=None, ignore_user_meta=False, metas=['./colcon.meta'], base_paths=['.'], packages_ignore=None, packages_ignore_regex=None, paths=None, packages_up_to=None, packages_up_to_regex=None, packages_above=None, packages_above_and_dependencies=None, packages_above_depth=None, packages_select_by_dep=None, packages_skip_by_dep=None, packages_skip_up_to=None, packages_select_build_failed=False, packages_skip_build_finished=False, packages_select_test_failures=False, packages_skip_test_passed=False, packages_select=['sipeed_tof_ms_a010'], packages_skip=None, packages_select_regex=None, packages_skip_regex=None, packages_start=None, packages_end=None, allow_overriding=[], cmake_args=['-DCMAKE_BUILD_TYPE=Release'], cmake_target=None, cmake_target_skip_unavailable=False, cmake_clean_cache=False, cmake_clean_first=False, cmake_force_configure=False, ament_cmake_args=None, catkin_cmake_args=None, catkin_skip_building_tests=False, mixin_files=None, mixin=None, verb_parser=<colcon_mixin.mixin.mixin_argument.MixinArgumentDecorator object at 0x7df740265000>, verb_extension=<colcon_core.verb.build.BuildVerb object at 0x7df740381ea0>, main=<bound method BuildVerb.main of <colcon_core.verb.build.BuildVerb object at 0x7df740381ea0>>, mixin_verb=('build',))
[0.454s] Level 1:colcon.colcon_core.package_discovery:discover_packages(colcon_meta) check parameters
[0.455s] Level 1:colcon.colcon_core.package_discovery:discover_packages(recursive) check parameters
[0.455s] Level 1:colcon.colcon_core.package_discovery:discover_packages(ignore) check parameters
[0.455s] Level 1:colcon.colcon_core.package_discovery:discover_packages(path) check parameters
[0.455s] Level 1:colcon.colcon_core.package_discovery:discover_packages(colcon_meta) discover
[0.455s] Level 1:colcon.colcon_core.package_discovery:discover_packages(recursive) discover
[0.455s] INFO:colcon.colcon_core.package_discovery:Crawling recursively for packages in '/home/lya/ros2_ws'
[0.455s] Level 1:colcon.colcon_core.package_identification:_identify(.) by extensions ['ignore', 'ignore_ament_install']
[0.455s] Level 1:colcon.colcon_core.package_identification:_identify(.) by extension 'ignore'
[0.455s] Level 1:colcon.colcon_core.package_identification:_identify(.) by extension 'ignore_ament_install'
[0.455s] Level 1:colcon.colcon_core.package_identification:_identify(.) by extensions ['colcon_pkg']
[0.455s] Level 1:colcon.colcon_core.package_identification:_identify(.) by extension 'colcon_pkg'
[0.456s] Level 1:colcon.colcon_core.package_identification:_identify(.) by extensions ['colcon_meta']
[0.456s] Level 1:colcon.colcon_core.package_identification:_identify(.) by extension 'colcon_meta'
[0.456s] Level 1:colcon.colcon_core.package_identification:_identify(.) by extensions ['ros']
[0.456s] Level 1:colcon.colcon_core.package_identification:_identify(.) by extension 'ros'
[0.476s] Level 1:colcon.colcon_core.package_identification:_identify(.) by extensions ['cmake', 'python']
[0.476s] Level 1:colcon.colcon_core.package_identification:_identify(.) by extension 'cmake'
[0.476s] Level 1:colcon.colcon_core.package_identification:_identify(.) by extension 'python'
[0.476s] Level 1:colcon.colcon_core.package_identification:_identify(.) by extensions ['python_setup_py']
[0.476s] Level 1:colcon.colcon_core.package_identification:_identify(.) by extension 'python_setup_py'
[0.476s] Level 1:colcon.colcon_core.package_identification:_identify(build) by extensions ['ignore', 'ignore_ament_install']
[0.477s] Level 1:colcon.colcon_core.package_identification:_identify(build) by extension 'ignore'
[0.477s] Level 1:colcon.colcon_core.package_identification:_identify(build) ignored
[0.477s] Level 1:colcon.colcon_core.package_identification:_identify(install) by extensions ['ignore', 'ignore_ament_install']
[0.477s] Level 1:colcon.colcon_core.package_identification:_identify(install) by extension 'ignore'
[0.477s] Level 1:colcon.colcon_core.package_identification:_identify(install) ignored
[0.477s] Level 1:colcon.colcon_core.package_identification:_identify(log) by extensions ['ignore', 'ignore_ament_install']
[0.477s] Level 1:colcon.colcon_core.package_identification:_identify(log) by extension 'ignore'
[0.477s] Level 1:colcon.colcon_core.package_identification:_identify(log) ignored
[0.478s] Level 1:colcon.colcon_core.package_identification:_identify(src) by extensions ['ignore', 'ignore_ament_install']
[0.478s] Level 1:colcon.colcon_core.package_identification:_identify(src) by extension 'ignore'
[0.478s] Level 1:colcon.colcon_core.package_identification:_identify(src) by extension 'ignore_ament_install'
[0.478s] Level 1:colcon.colcon_core.package_identification:_identify(src) by extensions ['colcon_pkg']
[0.478s] Level 1:colcon.colcon_core.package_identification:_identify(src) by extension 'colcon_pkg'
[0.478s] Level 1:colcon.colcon_core.package_identification:_identify(src) by extensions ['colcon_meta']
[0.478s] Level 1:colcon.colcon_core.package_identification:_identify(src) by extension 'colcon_meta'
[0.478s] Level 1:colcon.colcon_core.package_identification:_identify(src) by extensions ['ros']
[0.478s] Level 1:colcon.colcon_core.package_identification:_identify(src) by extension 'ros'
[0.478s] Level 1:colcon.colcon_core.package_identification:_identify(src) by extensions ['cmake', 'python']
[0.478s] Level 1:colcon.colcon_core.package_identification:_identify(src) by extension 'cmake'
[0.478s] Level 1:colcon.colcon_core.package_identification:_identify(src) by extension 'python'
[0.478s] Level 1:colcon.colcon_core.package_identification:_identify(src) by extensions ['python_setup_py']
[0.478s] Level 1:colcon.colcon_core.package_identification:_identify(src) by extension 'python_setup_py'
[0.479s] Level 1:colcon.colcon_core.package_identification:_identify(src/MaixSense_ROS) by extensions ['ignore', 'ignore_ament_install']
[0.479s] Level 1:colcon.colcon_core.package_identification:_identify(src/MaixSense_ROS) by extension 'ignore'
[0.479s] Level 1:colcon.colcon_core.package_identification:_identify(src/MaixSense_ROS) by extension 'ignore_ament_install'
[0.479s] Level 1:colcon.colcon_core.package_identification:_identify(src/MaixSense_ROS) by extensions ['colcon_pkg']
[0.479s] Level 1:colcon.colcon_core.package_identification:_identify(src/MaixSense_ROS) by extension 'colcon_pkg'
[0.479s] Level 1:colcon.colcon_core.package_identification:_identify(src/MaixSense_ROS) by extensions ['colcon_meta']
[0.479s] Level 1:colcon.colcon_core.package_identification:_identify(src/MaixSense_ROS) by extension 'colcon_meta'
[0.479s] Level 1:colcon.colcon_core.package_identification:_identify(src/MaixSense_ROS) by extensions ['ros']
[0.479s] Level 1:colcon.colcon_core.package_identification:_identify(src/MaixSense_ROS) by extension 'ros'
[0.479s] Level 1:colcon.colcon_core.package_identification:_identify(src/MaixSense_ROS) by extensions ['cmake', 'python']
[0.479s] Level 1:colcon.colcon_core.package_identification:_identify(src/MaixSense_ROS) by extension 'cmake'
[0.479s] Level 1:colcon.colcon_core.package_identification:_identify(src/MaixSense_ROS) by extension 'python'
[0.479s] Level 1:colcon.colcon_core.package_identification:_identify(src/MaixSense_ROS) by extensions ['python_setup_py']
[0.479s] Level 1:colcon.colcon_core.package_identification:_identify(src/MaixSense_ROS) by extension 'python_setup_py'
[0.479s] Level 1:colcon.colcon_core.package_identification:_identify(src/MaixSense_ROS/sipeed_tof_ms_a010_ros) by extensions ['ignore', 'ignore_ament_install']
[0.480s] Level 1:colcon.colcon_core.package_identification:_identify(src/MaixSense_ROS/sipeed_tof_ms_a010_ros) by extension 'ignore'
[0.480s] Level 1:colcon.colcon_core.package_identification:_identify(src/MaixSense_ROS/sipeed_tof_ms_a010_ros) by extension 'ignore_ament_install'
[0.480s] Level 1:colcon.colcon_core.package_identification:_identify(src/MaixSense_ROS/sipeed_tof_ms_a010_ros) by extensions ['colcon_pkg']
[0.480s] Level 1:colcon.colcon_core.package_identification:_identify(src/MaixSense_ROS/sipeed_tof_ms_a010_ros) by extension 'colcon_pkg'
[0.480s] Level 1:colcon.colcon_core.package_identification:_identify(src/MaixSense_ROS/sipeed_tof_ms_a010_ros) by extensions ['colcon_meta']
[0.480s] Level 1:colcon.colcon_core.package_identification:_identify(src/MaixSense_ROS/sipeed_tof_ms_a010_ros) by extension 'colcon_meta'
[0.480s] Level 1:colcon.colcon_core.package_identification:_identify(src/MaixSense_ROS/sipeed_tof_ms_a010_ros) by extensions ['ros']
[0.480s] Level 1:colcon.colcon_core.package_identification:_identify(src/MaixSense_ROS/sipeed_tof_ms_a010_ros) by extension 'ros'
[0.480s] Level 1:colcon.colcon_core.package_identification:_identify(src/MaixSense_ROS/sipeed_tof_ms_a010_ros) by extensions ['cmake', 'python']
[0.480s] Level 1:colcon.colcon_core.package_identification:_identify(src/MaixSense_ROS/sipeed_tof_ms_a010_ros) by extension 'cmake'
[0.480s] Level 1:colcon.colcon_core.package_identification:_identify(src/MaixSense_ROS/sipeed_tof_ms_a010_ros) by extension 'python'
[0.480s] Level 1:colcon.colcon_core.package_identification:_identify(src/MaixSense_ROS/sipeed_tof_ms_a010_ros) by extensions ['python_setup_py']
[0.480s] Level 1:colcon.colcon_core.package_identification:_identify(src/MaixSense_ROS/sipeed_tof_ms_a010_ros) by extension 'python_setup_py'
[0.480s] Level 1:colcon.colcon_core.package_identification:_identify(src/MaixSense_ROS/sipeed_tof_ms_a010_ros/ros1) by extensions ['ignore', 'ignore_ament_install']
[0.480s] Level 1:colcon.colcon_core.package_identification:_identify(src/MaixSense_ROS/sipeed_tof_ms_a010_ros/ros1) by extension 'ignore'
[0.481s] Level 1:colcon.colcon_core.package_identification:_identify(src/MaixSense_ROS/sipeed_tof_ms_a010_ros/ros1) by extension 'ignore_ament_install'
[0.481s] Level 1:colcon.colcon_core.package_identification:_identify(src/MaixSense_ROS/sipeed_tof_ms_a010_ros/ros1) by extensions ['colcon_pkg']
[0.481s] Level 1:colcon.colcon_core.package_identification:_identify(src/MaixSense_ROS/sipeed_tof_ms_a010_ros/ros1) by extension 'colcon_pkg'
[0.481s] Level 1:colcon.colcon_core.package_identification:_identify(src/MaixSense_ROS/sipeed_tof_ms_a010_ros/ros1) by extensions ['colcon_meta']
[0.481s] Level 1:colcon.colcon_core.package_identification:_identify(src/MaixSense_ROS/sipeed_tof_ms_a010_ros/ros1) by extension 'colcon_meta'
[0.481s] Level 1:colcon.colcon_core.package_identification:_identify(src/MaixSense_ROS/sipeed_tof_ms_a010_ros/ros1) by extensions ['ros']
[0.481s] Level 1:colcon.colcon_core.package_identification:_identify(src/MaixSense_ROS/sipeed_tof_ms_a010_ros/ros1) by extension 'ros'
[0.485s] DEBUG:colcon.colcon_core.package_identification:Package 'src/MaixSense_ROS/sipeed_tof_ms_a010_ros/ros1' with type 'ros.catkin' and name 'sipeed_tof_ms_a010'
[0.485s] Level 1:colcon.colcon_core.package_identification:_identify(src/MaixSense_ROS/sipeed_tof_ms_a010_ros/ros2) by extensions ['ignore', 'ignore_ament_install']
[0.486s] Level 1:colcon.colcon_core.package_identification:_identify(src/MaixSense_ROS/sipeed_tof_ms_a010_ros/ros2) by extension 'ignore'
[0.486s] Level 1:colcon.colcon_core.package_identification:_identify(src/MaixSense_ROS/sipeed_tof_ms_a010_ros/ros2) by extension 'ignore_ament_install'
[0.486s] Level 1:colcon.colcon_core.package_identification:_identify(src/MaixSense_ROS/sipeed_tof_ms_a010_ros/ros2) by extensions ['colcon_pkg']
[0.486s] Level 1:colcon.colcon_core.package_identification:_identify(src/MaixSense_ROS/sipeed_tof_ms_a010_ros/ros2) by extension 'colcon_pkg'
[0.486s] Level 1:colcon.colcon_core.package_identification:_identify(src/MaixSense_ROS/sipeed_tof_ms_a010_ros/ros2) by extensions ['colcon_meta']
[0.486s] Level 1:colcon.colcon_core.package_identification:_identify(src/MaixSense_ROS/sipeed_tof_ms_a010_ros/ros2) by extension 'colcon_meta'
[0.486s] Level 1:colcon.colcon_core.package_identification:_identify(src/MaixSense_ROS/sipeed_tof_ms_a010_ros/ros2) by extensions ['ros']
[0.486s] Level 1:colcon.colcon_core.package_identification:_identify(src/MaixSense_ROS/sipeed_tof_ms_a010_ros/ros2) by extension 'ros'
[0.487s] DEBUG:colcon.colcon_core.package_identification:Package 'src/MaixSense_ROS/sipeed_tof_ms_a010_ros/ros2' with type 'ros.ament_cmake' and name 'sipeed_tof_ms_a010'
[0.487s] Level 1:colcon.colcon_core.package_identification:_identify(src/MaixSense_ROS/sipeed_tof_ms_a075_ros) by extensions ['ignore', 'ignore_ament_install']
[0.488s] Level 1:colcon.colcon_core.package_identification:_identify(src/MaixSense_ROS/sipeed_tof_ms_a075_ros) by extension 'ignore'
[0.488s] Level 1:colcon.colcon_core.package_identification:_identify(src/MaixSense_ROS/sipeed_tof_ms_a075_ros) by extension 'ignore_ament_install'
[0.488s] Level 1:colcon.colcon_core.package_identification:_identify(src/MaixSense_ROS/sipeed_tof_ms_a075_ros) by extensions ['colcon_pkg']
[0.488s] Level 1:colcon.colcon_core.package_identification:_identify(src/MaixSense_ROS/sipeed_tof_ms_a075_ros) by extension 'colcon_pkg'
[0.488s] Level 1:colcon.colcon_core.package_identification:_identify(src/MaixSense_ROS/sipeed_tof_ms_a075_ros) by extensions ['colcon_meta']
[0.488s] Level 1:colcon.colcon_core.package_identification:_identify(src/MaixSense_ROS/sipeed_tof_ms_a075_ros) by extension 'colcon_meta'
[0.488s] Level 1:colcon.colcon_core.package_identification:_identify(src/MaixSense_ROS/sipeed_tof_ms_a075_ros) by extensions ['ros']
[0.488s] Level 1:colcon.colcon_core.package_identification:_identify(src/MaixSense_ROS/sipeed_tof_ms_a075_ros) by extension 'ros'
[0.488s] Level 1:colcon.colcon_core.package_identification:_identify(src/MaixSense_ROS/sipeed_tof_ms_a075_ros) by extensions ['cmake', 'python']
[0.488s] Level 1:colcon.colcon_core.package_identification:_identify(src/MaixSense_ROS/sipeed_tof_ms_a075_ros) by extension 'cmake'
[0.488s] Level 1:colcon.colcon_core.package_identification:_identify(src/MaixSense_ROS/sipeed_tof_ms_a075_ros) by extension 'python'
[0.488s] Level 1:colcon.colcon_core.package_identification:_identify(src/MaixSense_ROS/sipeed_tof_ms_a075_ros) by extensions ['python_setup_py']
[0.488s] Level 1:colcon.colcon_core.package_identification:_identify(src/MaixSense_ROS/sipeed_tof_ms_a075_ros) by extension 'python_setup_py'
[0.489s] Level 1:colcon.colcon_core.package_identification:_identify(src/MaixSense_ROS/sipeed_tof_ms_a075_ros/ros1) by extensions ['ignore', 'ignore_ament_install']
[0.489s] Level 1:colcon.colcon_core.package_identification:_identify(src/MaixSense_ROS/sipeed_tof_ms_a075_ros/ros1) by extension 'ignore'
[0.489s] Level 1:colcon.colcon_core.package_identification:_identify(src/MaixSense_ROS/sipeed_tof_ms_a075_ros/ros1) by extension 'ignore_ament_install'
[0.489s] Level 1:colcon.colcon_core.package_identification:_identify(src/MaixSense_ROS/sipeed_tof_ms_a075_ros/ros1) by extensions ['colcon_pkg']
[0.489s] Level 1:colcon.colcon_core.package_identification:_identify(src/MaixSense_ROS/sipeed_tof_ms_a075_ros/ros1) by extension 'colcon_pkg'
[0.489s] Level 1:colcon.colcon_core.package_identification:_identify(src/MaixSense_ROS/sipeed_tof_ms_a075_ros/ros1) by extensions ['colcon_meta']
[0.489s] Level 1:colcon.colcon_core.package_identification:_identify(src/MaixSense_ROS/sipeed_tof_ms_a075_ros/ros1) by extension 'colcon_meta'
[0.489s] Level 1:colcon.colcon_core.package_identification:_identify(src/MaixSense_ROS/sipeed_tof_ms_a075_ros/ros1) by extensions ['ros']
[0.489s] Level 1:colcon.colcon_core.package_identification:_identify(src/MaixSense_ROS/sipeed_tof_ms_a075_ros/ros1) by extension 'ros'
[0.489s] Level 1:colcon.colcon_core.package_identification:_identify(src/MaixSense_ROS/sipeed_tof_ms_a075_ros/ros1) by extensions ['cmake', 'python']
[0.489s] Level 1:colcon.colcon_core.package_identification:_identify(src/MaixSense_ROS/sipeed_tof_ms_a075_ros/ros1) by extension 'cmake'
[0.489s] Level 1:colcon.colcon_core.package_identification:_identify(src/MaixSense_ROS/sipeed_tof_ms_a075_ros/ros1) by extension 'python'
[0.489s] Level 1:colcon.colcon_core.package_identification:_identify(src/MaixSense_ROS/sipeed_tof_ms_a075_ros/ros1) by extensions ['python_setup_py']
[0.489s] Level 1:colcon.colcon_core.package_identification:_identify(src/MaixSense_ROS/sipeed_tof_ms_a075_ros/ros1) by extension 'python_setup_py'
[0.490s] Level 1:colcon.colcon_core.package_identification:_identify(src/MaixSense_ROS/sipeed_tof_ms_a075_ros/ros1/src) by extensions ['ignore', 'ignore_ament_install']
[0.490s] Level 1:colcon.colcon_core.package_identification:_identify(src/MaixSense_ROS/sipeed_tof_ms_a075_ros/ros1/src) by extension 'ignore'
[0.490s] Level 1:colcon.colcon_core.package_identification:_identify(src/MaixSense_ROS/sipeed_tof_ms_a075_ros/ros1/src) by extension 'ignore_ament_install'
[0.490s] Level 1:colcon.colcon_core.package_identification:_identify(src/MaixSense_ROS/sipeed_tof_ms_a075_ros/ros1/src) by extensions ['colcon_pkg']
[0.490s] Level 1:colcon.colcon_core.package_identification:_identify(src/MaixSense_ROS/sipeed_tof_ms_a075_ros/ros1/src) by extension 'colcon_pkg'
[0.490s] Level 1:colcon.colcon_core.package_identification:_identify(src/MaixSense_ROS/sipeed_tof_ms_a075_ros/ros1/src) by extensions ['colcon_meta']
[0.490s] Level 1:colcon.colcon_core.package_identification:_identify(src/MaixSense_ROS/sipeed_tof_ms_a075_ros/ros1/src) by extension 'colcon_meta'
[0.490s] Level 1:colcon.colcon_core.package_identification:_identify(src/MaixSense_ROS/sipeed_tof_ms_a075_ros/ros1/src) by extensions ['ros']
[0.490s] Level 1:colcon.colcon_core.package_identification:_identify(src/MaixSense_ROS/sipeed_tof_ms_a075_ros/ros1/src) by extension 'ros'
[0.490s] Level 1:colcon.colcon_core.package_identification:_identify(src/MaixSense_ROS/sipeed_tof_ms_a075_ros/ros1/src) by extensions ['cmake', 'python']
[0.490s] Level 1:colcon.colcon_core.package_identification:_identify(src/MaixSense_ROS/sipeed_tof_ms_a075_ros/ros1/src) by extension 'cmake'
[0.490s] Level 1:colcon.colcon_core.package_identification:_identify(src/MaixSense_ROS/sipeed_tof_ms_a075_ros/ros1/src) by extension 'python'
[0.490s] Level 1:colcon.colcon_core.package_identification:_identify(src/MaixSense_ROS/sipeed_tof_ms_a075_ros/ros1/src) by extensions ['python_setup_py']
[0.490s] Level 1:colcon.colcon_core.package_identification:_identify(src/MaixSense_ROS/sipeed_tof_ms_a075_ros/ros1/src) by extension 'python_setup_py'
[0.491s] Level 1:colcon.colcon_core.package_identification:_identify(src/MaixSense_ROS/sipeed_tof_ms_a075_ros/ros1/src/sipeed_tof_cpp) by extensions ['ignore', 'ignore_ament_install']
[0.491s] Level 1:colcon.colcon_core.package_identification:_identify(src/MaixSense_ROS/sipeed_tof_ms_a075_ros/ros1/src/sipeed_tof_cpp) by extension 'ignore'
[0.491s] Level 1:colcon.colcon_core.package_identification:_identify(src/MaixSense_ROS/sipeed_tof_ms_a075_ros/ros1/src/sipeed_tof_cpp) by extension 'ignore_ament_install'
[0.491s] Level 1:colcon.colcon_core.package_identification:_identify(src/MaixSense_ROS/sipeed_tof_ms_a075_ros/ros1/src/sipeed_tof_cpp) by extensions ['colcon_pkg']
[0.491s] Level 1:colcon.colcon_core.package_identification:_identify(src/MaixSense_ROS/sipeed_tof_ms_a075_ros/ros1/src/sipeed_tof_cpp) by extension 'colcon_pkg'
[0.491s] Level 1:colcon.colcon_core.package_identification:_identify(src/MaixSense_ROS/sipeed_tof_ms_a075_ros/ros1/src/sipeed_tof_cpp) by extensions ['colcon_meta']
[0.491s] Level 1:colcon.colcon_core.package_identification:_identify(src/MaixSense_ROS/sipeed_tof_ms_a075_ros/ros1/src/sipeed_tof_cpp) by extension 'colcon_meta'
[0.491s] Level 1:colcon.colcon_core.package_identification:_identify(src/MaixSense_ROS/sipeed_tof_ms_a075_ros/ros1/src/sipeed_tof_cpp) by extensions ['ros']
[0.491s] Level 1:colcon.colcon_core.package_identification:_identify(src/MaixSense_ROS/sipeed_tof_ms_a075_ros/ros1/src/sipeed_tof_cpp) by extension 'ros'
[0.492s] DEBUG:colcon.colcon_core.package_identification:Package 'src/MaixSense_ROS/sipeed_tof_ms_a075_ros/ros1/src/sipeed_tof_cpp' with type 'ros.catkin' and name 'sipeed_tof_cpp'
[0.493s] Level 1:colcon.colcon_core.package_identification:_identify(src/MaixSense_ROS/sipeed_tof_ms_a075_ros/ros2) by extensions ['ignore', 'ignore_ament_install']
[0.493s] Level 1:colcon.colcon_core.package_identification:_identify(src/MaixSense_ROS/sipeed_tof_ms_a075_ros/ros2) by extension 'ignore'
[0.493s] Level 1:colcon.colcon_core.package_identification:_identify(src/MaixSense_ROS/sipeed_tof_ms_a075_ros/ros2) by extension 'ignore_ament_install'
[0.493s] Level 1:colcon.colcon_core.package_identification:_identify(src/MaixSense_ROS/sipeed_tof_ms_a075_ros/ros2) by extensions ['colcon_pkg']
[0.493s] Level 1:colcon.colcon_core.package_identification:_identify(src/MaixSense_ROS/sipeed_tof_ms_a075_ros/ros2) by extension 'colcon_pkg'
[0.493s] Level 1:colcon.colcon_core.package_identification:_identify(src/MaixSense_ROS/sipeed_tof_ms_a075_ros/ros2) by extensions ['colcon_meta']
[0.493s] Level 1:colcon.colcon_core.package_identification:_identify(src/MaixSense_ROS/sipeed_tof_ms_a075_ros/ros2) by extension 'colcon_meta'
[0.493s] Level 1:colcon.colcon_core.package_identification:_identify(src/MaixSense_ROS/sipeed_tof_ms_a075_ros/ros2) by extensions ['ros']
[0.493s] Level 1:colcon.colcon_core.package_identification:_identify(src/MaixSense_ROS/sipeed_tof_ms_a075_ros/ros2) by extension 'ros'
[0.493s] Level 1:colcon.colcon_core.package_identification:_identify(src/MaixSense_ROS/sipeed_tof_ms_a075_ros/ros2) by extensions ['cmake', 'python']
[0.493s] Level 1:colcon.colcon_core.package_identification:_identify(src/MaixSense_ROS/sipeed_tof_ms_a075_ros/ros2) by extension 'cmake'
[0.493s] Level 1:colcon.colcon_core.package_identification:_identify(src/MaixSense_ROS/sipeed_tof_ms_a075_ros/ros2) by extension 'python'
[0.494s] Level 1:colcon.colcon_core.package_identification:_identify(src/MaixSense_ROS/sipeed_tof_ms_a075_ros/ros2) by extensions ['python_setup_py']
[0.494s] Level 1:colcon.colcon_core.package_identification:_identify(src/MaixSense_ROS/sipeed_tof_ms_a075_ros/ros2) by extension 'python_setup_py'
[0.494s] Level 1:colcon.colcon_core.package_identification:_identify(src/MaixSense_ROS/sipeed_tof_ms_a075_ros/ros2/src) by extensions ['ignore', 'ignore_ament_install']
[0.494s] Level 1:colcon.colcon_core.package_identification:_identify(src/MaixSense_ROS/sipeed_tof_ms_a075_ros/ros2/src) by extension 'ignore'
[0.494s] Level 1:colcon.colcon_core.package_identification:_identify(src/MaixSense_ROS/sipeed_tof_ms_a075_ros/ros2/src) by extension 'ignore_ament_install'
[0.494s] Level 1:colcon.colcon_core.package_identification:_identify(src/MaixSense_ROS/sipeed_tof_ms_a075_ros/ros2/src) by extensions ['colcon_pkg']
[0.494s] Level 1:colcon.colcon_core.package_identification:_identify(src/MaixSense_ROS/sipeed_tof_ms_a075_ros/ros2/src) by extension 'colcon_pkg'
[0.494s] Level 1:colcon.colcon_core.package_identification:_identify(src/MaixSense_ROS/sipeed_tof_ms_a075_ros/ros2/src) by extensions ['colcon_meta']
[0.494s] Level 1:colcon.colcon_core.package_identification:_identify(src/MaixSense_ROS/sipeed_tof_ms_a075_ros/ros2/src) by extension 'colcon_meta'
[0.494s] Level 1:colcon.colcon_core.package_identification:_identify(src/MaixSense_ROS/sipeed_tof_ms_a075_ros/ros2/src) by extensions ['ros']
[0.494s] Level 1:colcon.colcon_core.package_identification:_identify(src/MaixSense_ROS/sipeed_tof_ms_a075_ros/ros2/src) by extension 'ros'
[0.494s] Level 1:colcon.colcon_core.package_identification:_identify(src/MaixSense_ROS/sipeed_tof_ms_a075_ros/ros2/src) by extensions ['cmake', 'python']
[0.494s] Level 1:colcon.colcon_core.package_identification:_identify(src/MaixSense_ROS/sipeed_tof_ms_a075_ros/ros2/src) by extension 'cmake'
[0.495s] Level 1:colcon.colcon_core.package_identification:_identify(src/MaixSense_ROS/sipeed_tof_ms_a075_ros/ros2/src) by extension 'python'
[0.495s] Level 1:colcon.colcon_core.package_identification:_identify(src/MaixSense_ROS/sipeed_tof_ms_a075_ros/ros2/src) by extensions ['python_setup_py']
[0.495s] Level 1:colcon.colcon_core.package_identification:_identify(src/MaixSense_ROS/sipeed_tof_ms_a075_ros/ros2/src) by extension 'python_setup_py'
[0.495s] Level 1:colcon.colcon_core.package_identification:_identify(src/MaixSense_ROS/sipeed_tof_ms_a075_ros/ros2/src/sipeed-tof) by extensions ['ignore', 'ignore_ament_install']
[0.495s] Level 1:colcon.colcon_core.package_identification:_identify(src/MaixSense_ROS/sipeed_tof_ms_a075_ros/ros2/src/sipeed-tof) by extension 'ignore'
[0.495s] Level 1:colcon.colcon_core.package_identification:_identify(src/MaixSense_ROS/sipeed_tof_ms_a075_ros/ros2/src/sipeed-tof) by extension 'ignore_ament_install'
[0.495s] Level 1:colcon.colcon_core.package_identification:_identify(src/MaixSense_ROS/sipeed_tof_ms_a075_ros/ros2/src/sipeed-tof) by extensions ['colcon_pkg']
[0.495s] Level 1:colcon.colcon_core.package_identification:_identify(src/MaixSense_ROS/sipeed_tof_ms_a075_ros/ros2/src/sipeed-tof) by extension 'colcon_pkg'
[0.495s] Level 1:colcon.colcon_core.package_identification:_identify(src/MaixSense_ROS/sipeed_tof_ms_a075_ros/ros2/src/sipeed-tof) by extensions ['colcon_meta']
[0.495s] Level 1:colcon.colcon_core.package_identification:_identify(src/MaixSense_ROS/sipeed_tof_ms_a075_ros/ros2/src/sipeed-tof) by extension 'colcon_meta'
[0.495s] Level 1:colcon.colcon_core.package_identification:_identify(src/MaixSense_ROS/sipeed_tof_ms_a075_ros/ros2/src/sipeed-tof) by extensions ['ros']
[0.495s] Level 1:colcon.colcon_core.package_identification:_identify(src/MaixSense_ROS/sipeed_tof_ms_a075_ros/ros2/src/sipeed-tof) by extension 'ros'
[0.496s] DEBUG:colcon.colcon_core.package_identification:Package 'src/MaixSense_ROS/sipeed_tof_ms_a075_ros/ros2/src/sipeed-tof' with type 'ros.ament_python' and name 'sipeed_tof'
[0.496s] Level 1:colcon.colcon_core.package_identification:_identify(src/MaixSense_ROS/sipeed_tof_ms_a075_ros/ros2/src/sipeed_tof_cpp) by extensions ['ignore', 'ignore_ament_install']
[0.497s] Level 1:colcon.colcon_core.package_identification:_identify(src/MaixSense_ROS/sipeed_tof_ms_a075_ros/ros2/src/sipeed_tof_cpp) by extension 'ignore'
[0.497s] Level 1:colcon.colcon_core.package_identification:_identify(src/MaixSense_ROS/sipeed_tof_ms_a075_ros/ros2/src/sipeed_tof_cpp) by extension 'ignore_ament_install'
[0.497s] Level 1:colcon.colcon_core.package_identification:_identify(src/MaixSense_ROS/sipeed_tof_ms_a075_ros/ros2/src/sipeed_tof_cpp) by extensions ['colcon_pkg']
[0.497s] Level 1:colcon.colcon_core.package_identification:_identify(src/MaixSense_ROS/sipeed_tof_ms_a075_ros/ros2/src/sipeed_tof_cpp) by extension 'colcon_pkg'
[0.497s] Level 1:colcon.colcon_core.package_identification:_identify(src/MaixSense_ROS/sipeed_tof_ms_a075_ros/ros2/src/sipeed_tof_cpp) by extensions ['colcon_meta']
[0.497s] Level 1:colcon.colcon_core.package_identification:_identify(src/MaixSense_ROS/sipeed_tof_ms_a075_ros/ros2/src/sipeed_tof_cpp) by extension 'colcon_meta'
[0.497s] Level 1:colcon.colcon_core.package_identification:_identify(src/MaixSense_ROS/sipeed_tof_ms_a075_ros/ros2/src/sipeed_tof_cpp) by extensions ['ros']
[0.497s] Level 1:colcon.colcon_core.package_identification:_identify(src/MaixSense_ROS/sipeed_tof_ms_a075_ros/ros2/src/sipeed_tof_cpp) by extension 'ros'
[0.498s] DEBUG:colcon.colcon_core.package_identification:Package 'src/MaixSense_ROS/sipeed_tof_ms_a075_ros/ros2/src/sipeed_tof_cpp' with type 'ros.ament_cmake' and name 'sipeed_tof_cpp'
[0.498s] Level 1:colcon.colcon_core.package_discovery:discover_packages(recursive) using defaults
[0.498s] Level 1:colcon.colcon_core.package_discovery:discover_packages(ignore) discover
[0.498s] Level 1:colcon.colcon_core.package_discovery:discover_packages(ignore) using defaults
[0.498s] Level 1:colcon.colcon_core.package_discovery:discover_packages(path) discover
[0.498s] Level 1:colcon.colcon_core.package_discovery:discover_packages(path) using defaults
[0.557s] INFO:colcon.colcon_core.package_selection:Skipping not selected package 'sipeed_tof' in 'src/MaixSense_ROS/sipeed_tof_ms_a075_ros/ros2/src/sipeed-tof'
[0.557s] INFO:colcon.colcon_core.package_selection:Skipping not selected package 'sipeed_tof_cpp' in 'src/MaixSense_ROS/sipeed_tof_ms_a075_ros/ros1/src/sipeed_tof_cpp'
[0.557s] INFO:colcon.colcon_core.package_selection:Skipping not selected package 'sipeed_tof_cpp' in 'src/MaixSense_ROS/sipeed_tof_ms_a075_ros/ros2/src/sipeed_tof_cpp'
[0.558s] Level 1:colcon.colcon_core.package_discovery:discover_packages(prefix_path) check parameters
[0.558s] Level 1:colcon.colcon_core.package_discovery:discover_packages(prefix_path) discover
[0.560s] DEBUG:colcon.colcon_installed_package_information.package_discovery:Found 1 installed packages in /home/lya/ros2_ws/install
[0.563s] DEBUG:colcon.colcon_installed_package_information.package_discovery:Found 273 installed packages in /opt/ros/humble
[0.566s] Level 1:colcon.colcon_core.package_discovery:discover_packages(prefix_path) using defaults
[0.629s] ERROR:colcon:colcon build: Duplicate package names not supported:
- sipeed_tof_ms_a010:
  - src/MaixSense_ROS/sipeed_tof_ms_a010_ros/ros1
  - src/MaixSense_ROS/sipeed_tof_ms_a010_ros/ros2
