[2.938s] Invoking command in '/home/ilya/ros2_ws/build/examples_rclpy_minimal_client': PYTHONPATH=/home/ilya/ros2_ws/build/examples_rclpy_minimal_client/prefix_override:/usr/lib/python3/dist-packages/colcon_core/task/python/colcon_distutils_commands:/home/ilya/ros2_ws/install/examples_rclpy_minimal_client/lib/python3.12/site-packages:${PYTHONPATH} /usr/bin/python3 -W ignore:setup.py install is deprecated -W ignore:easy_install command is deprecated setup.py develop --editable --build-directory /home/ilya/ros2_ws/build/examples_rclpy_minimal_client/build --no-deps symlink_data
[5.103s] running develop
[5.562s] running egg_info
[5.572s] creating examples_rclpy_minimal_client.egg-info
[5.589s] writing examples_rclpy_minimal_client.egg-info/PKG-INFO
[5.600s] writing dependency_links to examples_rclpy_minimal_client.egg-info/dependency_links.txt
[5.601s] writing entry points to examples_rclpy_minimal_client.egg-info/entry_points.txt
[5.601s] writing requirements to examples_rclpy_minimal_client.egg-info/requires.txt
[5.601s] writing top-level names to examples_rclpy_minimal_client.egg-info/top_level.txt
[5.601s] writing manifest file 'examples_rclpy_minimal_client.egg-info/SOURCES.txt'
[5.712s] reading manifest file 'examples_rclpy_minimal_client.egg-info/SOURCES.txt'
[5.712s] writing manifest file 'examples_rclpy_minimal_client.egg-info/SOURCES.txt'
[5.762s] running build_ext
[5.763s] Creating /home/ilya/ros2_ws/install/examples_rclpy_minimal_client/lib/python3.12/site-packages/examples-rclpy-minimal-client.egg-link (link to .)
[5.771s] Installing client script to /home/ilya/ros2_ws/install/examples_rclpy_minimal_client/lib/examples_rclpy_minimal_client
[5.771s] Installing client_async script to /home/ilya/ros2_ws/install/examples_rclpy_minimal_client/lib/examples_rclpy_minimal_client
[5.771s] Installing client_async_callback script to /home/ilya/ros2_ws/install/examples_rclpy_minimal_client/lib/examples_rclpy_minimal_client
[5.771s] Installing client_async_member_function script to /home/ilya/ros2_ws/install/examples_rclpy_minimal_client/lib/examples_rclpy_minimal_client
[5.771s] 
[5.771s] Installed /home/ilya/ros2_ws/build/examples_rclpy_minimal_client
[5.771s] running symlink_data
[5.772s] creating /home/ilya/ros2_ws/install/examples_rclpy_minimal_client/share/ament_index
[5.773s] creating /home/ilya/ros2_ws/install/examples_rclpy_minimal_client/share/ament_index/resource_index
[5.773s] creating /home/ilya/ros2_ws/install/examples_rclpy_minimal_client/share/ament_index/resource_index/packages
[5.778s] symbolically linking /home/ilya/ros2_ws/build/examples_rclpy_minimal_client/resource/examples_rclpy_minimal_client -> /home/ilya/ros2_ws/install/examples_rclpy_minimal_client/share/ament_index/resource_index/packages
[5.779s] symbolically linking /home/ilya/ros2_ws/build/examples_rclpy_minimal_client/package.xml -> /home/ilya/ros2_ws/install/examples_rclpy_minimal_client/share/examples_rclpy_minimal_client
[5.987s] Invoked command in '/home/ilya/ros2_ws/build/examples_rclpy_minimal_client' returned '0': PYTHONPATH=/home/ilya/ros2_ws/build/examples_rclpy_minimal_client/prefix_override:/usr/lib/python3/dist-packages/colcon_core/task/python/colcon_distutils_commands:/home/ilya/ros2_ws/install/examples_rclpy_minimal_client/lib/python3.12/site-packages:${PYTHONPATH} /usr/bin/python3 -W ignore:setup.py install is deprecated -W ignore:easy_install command is deprecated setup.py develop --editable --build-directory /home/ilya/ros2_ws/build/examples_rclpy_minimal_client/build --no-deps symlink_data
