[0.029s] Invoking command in '/home/ilya/ros2_ws/build/examples_rclcpp_minimal_timer': CMAKE_PREFIX_PATH=${CMAKE_PREFIX_PATH}:/opt/ros/kilted /usr/bin/cmake /home/ilya/ros2_ws/src/examples/rclcpp/timers/minimal_timer -DAMENT_CMAKE_SYMLINK_INSTALL=1 -DCMAKE_INSTALL_PREFIX=/home/ilya/ros2_ws/install/examples_rclcpp_minimal_timer
[0.540s] -- The C compiler identification is GNU 13.3.0
[0.771s] -- The CXX compiler identification is GNU 13.3.0
[1.067s] -- Detecting C compiler ABI info
[1.426s] -- Detecting C compiler ABI info - done
[1.428s] -- Check for working C compiler: /usr/bin/cc - skipped
[1.433s] -- Detecting C compile features
[1.434s] -- Detecting C compile features - done
[1.527s] -- Detecting CXX compiler ABI info
[1.787s] -- Detecting CXX compiler ABI info - done
[1.795s] -- Check for working CXX compiler: /usr/bin/c++ - skipped
[1.796s] -- Detecting CXX compile features
[1.796s] -- Detecting CXX compile features - done
[1.819s] -- Found ament_cmake: 2.7.3 (/opt/ros/kilted/share/ament_cmake/cmake)
[2.026s] -- Found Python3: /usr/bin/python3 (found version "3.12.3") found components: Interpreter 
[2.152s] -- Override CMake install command with custom implementation using symlinks instead of copying resources
[2.216s] -- Found rclcpp: 29.5.2 (/opt/ros/kilted/share/rclcpp/cmake)
[2.328s] -- Found rosidl_generator_c: 4.9.5 (/opt/ros/kilted/share/rosidl_generator_c/cmake)
[2.354s] -- Found rosidl_generator_cpp: 4.9.5 (/opt/ros/kilted/share/rosidl_generator_cpp/cmake)
[2.398s] -- Using all available rosidl_typesupport_c: rosidl_typesupport_fastrtps_c;rosidl_typesupport_introspection_c
[2.426s] -- Using all available rosidl_typesupport_cpp: rosidl_typesupport_fastrtps_cpp;rosidl_typesupport_introspection_cpp
[2.581s] -- Found rmw_implementation_cmake: 7.8.2 (/opt/ros/kilted/share/rmw_implementation_cmake/cmake)
[2.589s] -- Found rmw_fastrtps_cpp: 9.3.2 (/opt/ros/kilted/share/rmw_fastrtps_cpp/cmake)
[2.850s] -- Found OpenSSL: /usr/lib/x86_64-linux-gnu/libcrypto.so (found version "3.0.13")  
[2.872s] -- Using RMW implementation 'rmw_fastrtps_cpp' as default
[3.145s] -- Found ament_lint_auto: 0.19.2 (/opt/ros/kilted/share/ament_lint_auto/cmake)
[3.464s] -- Added test 'copyright' to check source files copyright and LICENSE
[3.468s] -- Added test 'cppcheck' to perform static code analysis on C / C++ code
[3.468s] -- Configured cppcheck include dirs: 
[3.468s] -- Configured cppcheck exclude dirs and/or files: 
[3.469s] -- Added test 'cpplint' to check C / C++ code against the Google style
[3.469s] -- Configured cpplint exclude dirs and/or files: 
[3.471s] -- Added test 'lint_cmake' to check CMake code style
[3.473s] -- Added test 'uncrustify' to check C / C++ code style
[3.474s] -- Configured uncrustify additional arguments: 
[3.475s] -- Added test 'xmllint' to check XML markup files
[3.482s] -- Configuring done (3.4s)
[3.514s] -- Generating done (0.0s)
[3.522s] -- Build files have been written to: /home/ilya/ros2_ws/build/examples_rclcpp_minimal_timer
[3.550s] Invoked command in '/home/ilya/ros2_ws/build/examples_rclcpp_minimal_timer' returned '0': CMAKE_PREFIX_PATH=${CMAKE_PREFIX_PATH}:/opt/ros/kilted /usr/bin/cmake /home/ilya/ros2_ws/src/examples/rclcpp/timers/minimal_timer -DAMENT_CMAKE_SYMLINK_INSTALL=1 -DCMAKE_INSTALL_PREFIX=/home/ilya/ros2_ws/install/examples_rclcpp_minimal_timer
[3.551s] Invoking command in '/home/ilya/ros2_ws/build/examples_rclcpp_minimal_timer': CMAKE_PREFIX_PATH=${CMAKE_PREFIX_PATH}:/opt/ros/kilted /usr/bin/cmake --build /home/ilya/ros2_ws/build/examples_rclcpp_minimal_timer -- -j8 -l8
[3.646s] [ 25%] [32mBuilding CXX object CMakeFiles/timer_lambda.dir/lambda.cpp.o[0m
[3.650s] [ 50%] [32mBuilding CXX object CMakeFiles/timer_member_function.dir/member_function.cpp.o[0m
[16.555s] [ 75%] [32m[1mLinking CXX executable timer_lambda[0m
[16.590s] [100%] [32m[1mLinking CXX executable timer_member_function[0m
[17.272s] [100%] Built target timer_member_function
[17.276s] [100%] Built target timer_lambda
[17.422s] Invoked command in '/home/ilya/ros2_ws/build/examples_rclcpp_minimal_timer' returned '0': CMAKE_PREFIX_PATH=${CMAKE_PREFIX_PATH}:/opt/ros/kilted /usr/bin/cmake --build /home/ilya/ros2_ws/build/examples_rclcpp_minimal_timer -- -j8 -l8
[17.452s] Invoking command in '/home/ilya/ros2_ws/build/examples_rclcpp_minimal_timer': CMAKE_PREFIX_PATH=${CMAKE_PREFIX_PATH}:/opt/ros/kilted /usr/bin/cmake --install /home/ilya/ros2_ws/build/examples_rclcpp_minimal_timer
[18.291s] -- Install configuration: ""
[18.291s] -- Execute custom install script
[18.292s] -- Symlinking: /home/ilya/ros2_ws/install/examples_rclcpp_minimal_timer/lib/examples_rclcpp_minimal_timer/timer_lambda
[18.292s] -- Symlinking: /home/ilya/ros2_ws/install/examples_rclcpp_minimal_timer/lib/examples_rclcpp_minimal_timer/timer_member_function
[18.292s] -- Symlinking: /home/ilya/ros2_ws/install/examples_rclcpp_minimal_timer/share/ament_index/resource_index/package_run_dependencies/examples_rclcpp_minimal_timer
[18.292s] -- Symlinking: /home/ilya/ros2_ws/install/examples_rclcpp_minimal_timer/share/ament_index/resource_index/parent_prefix_path/examples_rclcpp_minimal_timer
[18.292s] -- Symlinking: /home/ilya/ros2_ws/install/examples_rclcpp_minimal_timer/share/examples_rclcpp_minimal_timer/environment/ament_prefix_path.sh
[18.292s] -- Symlinking: /home/ilya/ros2_ws/install/examples_rclcpp_minimal_timer/share/examples_rclcpp_minimal_timer/environment/ament_prefix_path.dsv
[18.292s] -- Symlinking: /home/ilya/ros2_ws/install/examples_rclcpp_minimal_timer/share/examples_rclcpp_minimal_timer/environment/path.sh
[18.292s] -- Symlinking: /home/ilya/ros2_ws/install/examples_rclcpp_minimal_timer/share/examples_rclcpp_minimal_timer/environment/path.dsv
[18.292s] -- Symlinking: /home/ilya/ros2_ws/install/examples_rclcpp_minimal_timer/share/examples_rclcpp_minimal_timer/local_setup.bash
[18.292s] -- Symlinking: /home/ilya/ros2_ws/install/examples_rclcpp_minimal_timer/share/examples_rclcpp_minimal_timer/local_setup.sh
[18.292s] -- Symlinking: /home/ilya/ros2_ws/install/examples_rclcpp_minimal_timer/share/examples_rclcpp_minimal_timer/local_setup.zsh
[18.292s] -- Symlinking: /home/ilya/ros2_ws/install/examples_rclcpp_minimal_timer/share/examples_rclcpp_minimal_timer/local_setup.dsv
[18.292s] -- Symlinking: /home/ilya/ros2_ws/install/examples_rclcpp_minimal_timer/share/examples_rclcpp_minimal_timer/package.dsv
[18.301s] -- Symlinking: /home/ilya/ros2_ws/install/examples_rclcpp_minimal_timer/share/ament_index/resource_index/packages/examples_rclcpp_minimal_timer
[18.301s] -- Symlinking: /home/ilya/ros2_ws/install/examples_rclcpp_minimal_timer/share/examples_rclcpp_minimal_timer/cmake/examples_rclcpp_minimal_timerConfig.cmake
[18.301s] -- Symlinking: /home/ilya/ros2_ws/install/examples_rclcpp_minimal_timer/share/examples_rclcpp_minimal_timer/cmake/examples_rclcpp_minimal_timerConfig-version.cmake
[18.301s] -- Symlinking: /home/ilya/ros2_ws/install/examples_rclcpp_minimal_timer/share/examples_rclcpp_minimal_timer/package.xml
[18.500s] Invoked command in '/home/ilya/ros2_ws/build/examples_rclcpp_minimal_timer' returned '0': CMAKE_PREFIX_PATH=${CMAKE_PREFIX_PATH}:/opt/ros/kilted /usr/bin/cmake --install /home/ilya/ros2_ws/build/examples_rclcpp_minimal_timer
