[0.531s] DEBUG:colcon:Command line arguments: ['/usr/bin/colcon', 'build']
[0.532s] DEBUG:colcon:Parsed command line arguments: Namespace(log_base=None, log_level=None, verb_name='build', build_base='build', install_base='install', merge_install=False, symlink_install=False, test_result_base=None, continue_on_error=False, executor='parallel', parallel_workers=4, event_handlers=None, ignore_user_meta=False, metas=['./colcon.meta'], base_paths=['.'], packages_ignore=None, packages_ignore_regex=None, paths=None, packages_up_to=None, packages_up_to_regex=None, packages_above=None, packages_above_and_dependencies=None, packages_above_depth=None, packages_select_by_dep=None, packages_skip_by_dep=None, packages_skip_up_to=None, packages_select_build_failed=False, packages_skip_build_finished=False, packages_select_test_failures=False, packages_skip_test_passed=False, packages_select=None, packages_skip=None, packages_select_regex=None, packages_skip_regex=None, packages_start=None, packages_end=None, allow_overriding=[], cmake_args=None, cmake_target=None, cmake_target_skip_unavailable=False, cmake_clean_cache=False, cmake_clean_first=False, cmake_force_configure=False, ament_cmake_args=None, catkin_cmake_args=None, catkin_skip_building_tests=False, mixin_files=None, mixin=None, verb_parser=<colcon_mixin.mixin.mixin_argument.MixinArgumentDecorator object at 0x7881aec86e40>, verb_extension=<colcon_core.verb.build.BuildVerb object at 0x7881aec86b70>, main=<bound method BuildVerb.main of <colcon_core.verb.build.BuildVerb object at 0x7881aec86b70>>, mixin_verb=('build',))
[0.654s] Level 1:colcon.colcon_core.package_discovery:discover_packages(colcon_meta) check parameters
[0.654s] Level 1:colcon.colcon_core.package_discovery:discover_packages(recursive) check parameters
[0.654s] Level 1:colcon.colcon_core.package_discovery:discover_packages(ignore) check parameters
[0.654s] Level 1:colcon.colcon_core.package_discovery:discover_packages(path) check parameters
[0.654s] Level 1:colcon.colcon_core.package_discovery:discover_packages(colcon_meta) discover
[0.654s] Level 1:colcon.colcon_core.package_discovery:discover_packages(recursive) discover
[0.654s] INFO:colcon.colcon_core.package_discovery:Crawling recursively for packages in '/home/ilya/ros2_ws/src'
[0.654s] Level 1:colcon.colcon_core.package_identification:_identify(.) by extensions ['ignore', 'ignore_ament_install']
[0.655s] Level 1:colcon.colcon_core.package_identification:_identify(.) by extension 'ignore'
[0.655s] Level 1:colcon.colcon_core.package_identification:_identify(.) by extension 'ignore_ament_install'
[0.655s] Level 1:colcon.colcon_core.package_identification:_identify(.) by extensions ['colcon_pkg']
[0.655s] Level 1:colcon.colcon_core.package_identification:_identify(.) by extension 'colcon_pkg'
[0.655s] Level 1:colcon.colcon_core.package_identification:_identify(.) by extensions ['colcon_meta']
[0.655s] Level 1:colcon.colcon_core.package_identification:_identify(.) by extension 'colcon_meta'
[0.655s] Level 1:colcon.colcon_core.package_identification:_identify(.) by extensions ['ros']
[0.655s] Level 1:colcon.colcon_core.package_identification:_identify(.) by extension 'ros'
[0.717s] Level 1:colcon.colcon_core.package_identification:_identify(.) by extensions ['cmake', 'python']
[0.717s] Level 1:colcon.colcon_core.package_identification:_identify(.) by extension 'cmake'
[0.717s] Level 1:colcon.colcon_core.package_identification:_identify(.) by extension 'python'
[0.717s] Level 1:colcon.colcon_core.package_identification:_identify(.) by extensions ['python_setup_py']
[0.717s] Level 1:colcon.colcon_core.package_identification:_identify(.) by extension 'python_setup_py'
[0.718s] Level 1:colcon.colcon_core.package_identification:_identify(build) by extensions ['ignore', 'ignore_ament_install']
[0.718s] Level 1:colcon.colcon_core.package_identification:_identify(build) by extension 'ignore'
[0.718s] Level 1:colcon.colcon_core.package_identification:_identify(build) ignored
[0.718s] Level 1:colcon.colcon_core.package_identification:_identify(install) by extensions ['ignore', 'ignore_ament_install']
[0.718s] Level 1:colcon.colcon_core.package_identification:_identify(install) by extension 'ignore'
[0.718s] Level 1:colcon.colcon_core.package_identification:_identify(install) ignored
[0.718s] Level 1:colcon.colcon_core.package_identification:_identify(log) by extensions ['ignore', 'ignore_ament_install']
[0.718s] Level 1:colcon.colcon_core.package_identification:_identify(log) by extension 'ignore'
[0.718s] Level 1:colcon.colcon_core.package_identification:_identify(log) ignored
[0.718s] Level 1:colcon.colcon_core.package_identification:_identify(motor_driver) by extensions ['ignore', 'ignore_ament_install']
[0.719s] Level 1:colcon.colcon_core.package_identification:_identify(motor_driver) by extension 'ignore'
[0.719s] Level 1:colcon.colcon_core.package_identification:_identify(motor_driver) by extension 'ignore_ament_install'
[0.719s] Level 1:colcon.colcon_core.package_identification:_identify(motor_driver) by extensions ['colcon_pkg']
[0.719s] Level 1:colcon.colcon_core.package_identification:_identify(motor_driver) by extension 'colcon_pkg'
[0.719s] Level 1:colcon.colcon_core.package_identification:_identify(motor_driver) by extensions ['colcon_meta']
[0.719s] Level 1:colcon.colcon_core.package_identification:_identify(motor_driver) by extension 'colcon_meta'
[0.719s] Level 1:colcon.colcon_core.package_identification:_identify(motor_driver) by extensions ['ros']
[0.719s] Level 1:colcon.colcon_core.package_identification:_identify(motor_driver) by extension 'ros'
[0.729s] DEBUG:colcon.colcon_core.package_identification:Package 'motor_driver' with type 'ros.ament_python' and name 'motor_driver'
[0.729s] Level 1:colcon.colcon_core.package_identification:_identify(my_cam_driver) by extensions ['ignore', 'ignore_ament_install']
[0.730s] Level 1:colcon.colcon_core.package_identification:_identify(my_cam_driver) by extension 'ignore'
[0.730s] Level 1:colcon.colcon_core.package_identification:_identify(my_cam_driver) by extension 'ignore_ament_install'
[0.730s] Level 1:colcon.colcon_core.package_identification:_identify(my_cam_driver) by extensions ['colcon_pkg']
[0.730s] Level 1:colcon.colcon_core.package_identification:_identify(my_cam_driver) by extension 'colcon_pkg'
[0.730s] Level 1:colcon.colcon_core.package_identification:_identify(my_cam_driver) by extensions ['colcon_meta']
[0.730s] Level 1:colcon.colcon_core.package_identification:_identify(my_cam_driver) by extension 'colcon_meta'
[0.730s] Level 1:colcon.colcon_core.package_identification:_identify(my_cam_driver) by extensions ['ros']
[0.730s] Level 1:colcon.colcon_core.package_identification:_identify(my_cam_driver) by extension 'ros'
[0.732s] DEBUG:colcon.colcon_core.package_identification:Package 'my_cam_driver' with type 'ros.ament_python' and name 'my_cam_driver'
[0.732s] Level 1:colcon.colcon_core.package_discovery:discover_packages(recursive) using defaults
[0.732s] Level 1:colcon.colcon_core.package_discovery:discover_packages(ignore) discover
[0.732s] Level 1:colcon.colcon_core.package_discovery:discover_packages(ignore) using defaults
[0.732s] Level 1:colcon.colcon_core.package_discovery:discover_packages(path) discover
[0.732s] Level 1:colcon.colcon_core.package_discovery:discover_packages(path) using defaults
[0.797s] Level 1:colcon.colcon_core.package_discovery:discover_packages(prefix_path) check parameters
[0.797s] Level 1:colcon.colcon_core.package_discovery:discover_packages(prefix_path) discover
[0.814s] DEBUG:colcon.colcon_installed_package_information.package_discovery:Found 1 installed packages in /home/ilya/ros2_ws/install
[0.819s] DEBUG:colcon.colcon_installed_package_information.package_discovery:Found 424 installed packages in /opt/ros/jazzy
[0.822s] Level 1:colcon.colcon_core.package_discovery:discover_packages(prefix_path) using defaults
[1.052s] Level 5:colcon.colcon_core.verb:set package 'motor_driver' build argument 'cmake_args' from command line to 'None'
[1.052s] Level 5:colcon.colcon_core.verb:set package 'motor_driver' build argument 'cmake_target' from command line to 'None'
[1.052s] Level 5:colcon.colcon_core.verb:set package 'motor_driver' build argument 'cmake_target_skip_unavailable' from command line to 'False'
[1.052s] Level 5:colcon.colcon_core.verb:set package 'motor_driver' build argument 'cmake_clean_cache' from command line to 'False'
[1.052s] Level 5:colcon.colcon_core.verb:set package 'motor_driver' build argument 'cmake_clean_first' from command line to 'False'
[1.052s] Level 5:colcon.colcon_core.verb:set package 'motor_driver' build argument 'cmake_force_configure' from command line to 'False'
[1.052s] Level 5:colcon.colcon_core.verb:set package 'motor_driver' build argument 'ament_cmake_args' from command line to 'None'
[1.052s] Level 5:colcon.colcon_core.verb:set package 'motor_driver' build argument 'catkin_cmake_args' from command line to 'None'
[1.052s] Level 5:colcon.colcon_core.verb:set package 'motor_driver' build argument 'catkin_skip_building_tests' from command line to 'False'
[1.052s] DEBUG:colcon.colcon_core.verb:Building package 'motor_driver' with the following arguments: {'ament_cmake_args': None, 'build_base': '/home/ilya/ros2_ws/src/build/motor_driver', 'catkin_cmake_args': None, 'catkin_skip_building_tests': False, 'cmake_args': None, 'cmake_clean_cache': False, 'cmake_clean_first': False, 'cmake_force_configure': False, 'cmake_target': None, 'cmake_target_skip_unavailable': False, 'install_base': '/home/ilya/ros2_ws/src/install/motor_driver', 'merge_install': False, 'path': '/home/ilya/ros2_ws/src/motor_driver', 'symlink_install': False, 'test_result_base': None}
[1.052s] Level 5:colcon.colcon_core.verb:set package 'my_cam_driver' build argument 'cmake_args' from command line to 'None'
[1.053s] Level 5:colcon.colcon_core.verb:set package 'my_cam_driver' build argument 'cmake_target' from command line to 'None'
[1.053s] Level 5:colcon.colcon_core.verb:set package 'my_cam_driver' build argument 'cmake_target_skip_unavailable' from command line to 'False'
[1.053s] Level 5:colcon.colcon_core.verb:set package 'my_cam_driver' build argument 'cmake_clean_cache' from command line to 'False'
[1.053s] Level 5:colcon.colcon_core.verb:set package 'my_cam_driver' build argument 'cmake_clean_first' from command line to 'False'
[1.053s] Level 5:colcon.colcon_core.verb:set package 'my_cam_driver' build argument 'cmake_force_configure' from command line to 'False'
[1.053s] Level 5:colcon.colcon_core.verb:set package 'my_cam_driver' build argument 'ament_cmake_args' from command line to 'None'
[1.053s] Level 5:colcon.colcon_core.verb:set package 'my_cam_driver' build argument 'catkin_cmake_args' from command line to 'None'
[1.053s] Level 5:colcon.colcon_core.verb:set package 'my_cam_driver' build argument 'catkin_skip_building_tests' from command line to 'False'
[1.053s] DEBUG:colcon.colcon_core.verb:Building package 'my_cam_driver' with the following arguments: {'ament_cmake_args': None, 'build_base': '/home/ilya/ros2_ws/src/build/my_cam_driver', 'catkin_cmake_args': None, 'catkin_skip_building_tests': False, 'cmake_args': None, 'cmake_clean_cache': False, 'cmake_clean_first': False, 'cmake_force_configure': False, 'cmake_target': None, 'cmake_target_skip_unavailable': False, 'install_base': '/home/ilya/ros2_ws/src/install/my_cam_driver', 'merge_install': False, 'path': '/home/ilya/ros2_ws/src/my_cam_driver', 'symlink_install': False, 'test_result_base': None}
[1.053s] INFO:colcon.colcon_core.executor:Executing jobs using 'parallel' executor
[1.054s] DEBUG:colcon.colcon_parallel_executor.executor.parallel:run_until_complete
[1.055s] INFO:colcon.colcon_ros.task.ament_python.build:Building ROS package in '/home/ilya/ros2_ws/src/motor_driver' with build type 'ament_python'
[1.055s] Level 1:colcon.colcon_core.shell:create_environment_hook('motor_driver', 'ament_prefix_path')
[1.068s] INFO:colcon.colcon_core.plugin_system:Skipping extension 'colcon_core.shell.bat': Not used on non-Windows systems
[1.068s] INFO:colcon.colcon_core.shell:Creating environment hook '/home/ilya/ros2_ws/src/install/motor_driver/share/motor_driver/hook/ament_prefix_path.ps1'
[1.074s] INFO:colcon.colcon_core.shell:Creating environment descriptor '/home/ilya/ros2_ws/src/install/motor_driver/share/motor_driver/hook/ament_prefix_path.dsv'
[1.077s] INFO:colcon.colcon_core.shell:Creating environment hook '/home/ilya/ros2_ws/src/install/motor_driver/share/motor_driver/hook/ament_prefix_path.sh'
[1.080s] INFO:colcon.colcon_core.shell:Skip shell extension 'powershell' for command environment: Not usable outside of PowerShell
[1.080s] DEBUG:colcon.colcon_core.shell:Skip shell extension 'dsv' for command environment
[1.092s] INFO:colcon.colcon_ros.task.ament_python.build:Building ROS package in '/home/ilya/ros2_ws/src/my_cam_driver' with build type 'ament_python'
[1.092s] Level 1:colcon.colcon_core.shell:create_environment_hook('my_cam_driver', 'ament_prefix_path')
[1.092s] INFO:colcon.colcon_core.shell:Creating environment hook '/home/ilya/ros2_ws/src/install/my_cam_driver/share/my_cam_driver/hook/ament_prefix_path.ps1'
[1.097s] INFO:colcon.colcon_core.shell:Creating environment descriptor '/home/ilya/ros2_ws/src/install/my_cam_driver/share/my_cam_driver/hook/ament_prefix_path.dsv'
[1.098s] INFO:colcon.colcon_core.shell:Creating environment hook '/home/ilya/ros2_ws/src/install/my_cam_driver/share/my_cam_driver/hook/ament_prefix_path.sh'
[1.099s] INFO:colcon.colcon_core.shell:Skip shell extension 'powershell' for command environment: Not usable outside of PowerShell
[1.099s] DEBUG:colcon.colcon_core.shell:Skip shell extension 'dsv' for command environment
[1.523s] INFO:colcon.colcon_core.task.python.build:Building Python package in '/home/ilya/ros2_ws/src/motor_driver'
[1.524s] INFO:colcon.colcon_core.shell:Skip shell extension 'powershell' for command environment: Not usable outside of PowerShell
[1.524s] DEBUG:colcon.colcon_core.shell:Skip shell extension 'dsv' for command environment
[1.905s] INFO:colcon.colcon_core.task.python.build:Building Python package in '/home/ilya/ros2_ws/src/my_cam_driver'
[1.906s] INFO:colcon.colcon_core.shell:Skip shell extension 'powershell' for command environment: Not usable outside of PowerShell
[1.906s] DEBUG:colcon.colcon_core.shell:Skip shell extension 'dsv' for command environment
[2.838s] DEBUG:colcon.colcon_parallel_executor.executor.parallel:run_until_complete was interrupted
[2.838s] DEBUG:colcon.colcon_parallel_executor.executor.parallel:run_until_complete again
[2.920s] DEBUG:colcon.colcon_parallel_executor.executor.parallel:run_until_complete finished
[2.921s] DEBUG:colcon.colcon_parallel_executor.executor.parallel:closing loop
[2.921s] DEBUG:colcon.colcon_parallel_executor.executor.parallel:loop closed
[2.921s] DEBUG:colcon.colcon_core.event_reactor:joining thread
[2.975s] INFO:colcon.colcon_core.plugin_system:Skipping extension 'colcon_notification.desktop_notification.notify_send': Could not find 'notify-send'
[2.976s] INFO:colcon.colcon_core.plugin_system:Skipping extension 'colcon_notification.desktop_notification.terminal_notifier': Not used on non-Darwin systems
[2.976s] INFO:colcon.colcon_core.plugin_system:Skipping extension 'colcon_notification.desktop_notification.win32': Not used on non-Windows systems
[2.976s] INFO:colcon.colcon_notification.desktop_notification:Sending desktop notification using 'notify2'
[3.029s] DEBUG:colcon.colcon_notification.desktop_notification.notify2:Failed to initialize notify2: org.freedesktop.DBus.Error.ServiceUnknown: The name org.freedesktop.Notifications was not provided by any .service files
[3.030s] DEBUG:colcon.colcon_core.event_reactor:joined thread
[3.030s] INFO:colcon.colcon_core.shell:Creating prefix script '/home/ilya/ros2_ws/src/install/local_setup.ps1'
[3.032s] INFO:colcon.colcon_core.shell:Creating prefix util module '/home/ilya/ros2_ws/src/install/_local_setup_util_ps1.py'
[3.033s] INFO:colcon.colcon_core.shell:Creating prefix chain script '/home/ilya/ros2_ws/src/install/setup.ps1'
[3.036s] INFO:colcon.colcon_core.shell:Creating prefix script '/home/ilya/ros2_ws/src/install/local_setup.sh'
[3.037s] INFO:colcon.colcon_core.shell:Creating prefix util module '/home/ilya/ros2_ws/src/install/_local_setup_util_sh.py'
[3.038s] INFO:colcon.colcon_core.shell:Creating prefix chain script '/home/ilya/ros2_ws/src/install/setup.sh'
[3.040s] INFO:colcon.colcon_core.shell:Creating prefix script '/home/ilya/ros2_ws/src/install/local_setup.bash'
[3.041s] INFO:colcon.colcon_core.shell:Creating prefix chain script '/home/ilya/ros2_ws/src/install/setup.bash'
[3.043s] INFO:colcon.colcon_core.shell:Creating prefix script '/home/ilya/ros2_ws/src/install/local_setup.zsh'
[3.045s] INFO:colcon.colcon_core.shell:Creating prefix chain script '/home/ilya/ros2_ws/src/install/setup.zsh'
