[0.031s] Invoking command in '/home/ilya/ros2_ws/build/examples_rclcpp_minimal_composition': CMAKE_PREFIX_PATH=${CMAKE_PREFIX_PATH}:/opt/ros/kilted /usr/bin/cmake /home/ilya/ros2_ws/src/examples/rclcpp/composition/minimal_composition -DAMENT_CMAKE_SYMLINK_INSTALL=1 -DCMAKE_INSTALL_PREFIX=/home/ilya/ros2_ws/install/examples_rclcpp_minimal_composition
[0.270s] -- The C compiler identification is GNU 13.3.0
[0.480s] -- The CXX compiler identification is GNU 13.3.0
[0.571s] -- Detecting C compiler ABI info
[0.727s] -- Detecting C compiler ABI info - done
[0.733s] -- Check for working C compiler: /usr/bin/cc - skipped
[0.734s] -- Detecting C compile features
[0.734s] -- Detecting C compile features - done
[0.766s] -- Detecting CXX compiler ABI info
[0.948s] -- Detecting CXX compiler ABI info - done
[0.955s] -- Check for working CXX compiler: /usr/bin/c++ - skipped
[0.955s] -- Detecting CXX compile features
[0.955s] -- Detecting CXX compile features - done
[0.958s] -- Found ament_cmake: 2.7.3 (/opt/ros/kilted/share/ament_cmake/cmake)
[1.104s] -- Found Python3: /usr/bin/python3 (found version "3.12.3") found components: Interpreter 
[1.190s] -- Override CMake install command with custom implementation using symlinks instead of copying resources
[1.239s] -- Found rclcpp: 29.5.2 (/opt/ros/kilted/share/rclcpp/cmake)
[1.372s] -- Found rosidl_generator_c: 4.9.5 (/opt/ros/kilted/share/rosidl_generator_c/cmake)
[1.391s] -- Found rosidl_generator_cpp: 4.9.5 (/opt/ros/kilted/share/rosidl_generator_cpp/cmake)
[1.422s] -- Using all available rosidl_typesupport_c: rosidl_typesupport_fastrtps_c;rosidl_typesupport_introspection_c
[1.444s] -- Using all available rosidl_typesupport_cpp: rosidl_typesupport_fastrtps_cpp;rosidl_typesupport_introspection_cpp
[1.542s] -- Found rmw_implementation_cmake: 7.8.2 (/opt/ros/kilted/share/rmw_implementation_cmake/cmake)
[1.547s] -- Found rmw_fastrtps_cpp: 9.3.2 (/opt/ros/kilted/share/rmw_fastrtps_cpp/cmake)
[1.670s] -- Found OpenSSL: /usr/lib/x86_64-linux-gnu/libcrypto.so (found version "3.0.13")  
[1.682s] -- Using RMW implementation 'rmw_fastrtps_cpp' as default
[1.816s] -- Found rclcpp_components: 29.5.2 (/opt/ros/kilted/share/rclcpp_components/cmake)
[1.867s] -- Found std_msgs: 5.5.0 (/opt/ros/kilted/share/std_msgs/cmake)
[1.878s] -- Found ament_lint_auto: 0.19.2 (/opt/ros/kilted/share/ament_lint_auto/cmake)
[1.994s] -- Added test 'copyright' to check source files copyright and LICENSE
[1.994s] -- Added test 'cppcheck' to perform static code analysis on C / C++ code
[1.994s] -- Configured cppcheck include dirs: /home/ilya/ros2_ws/src/examples/rclcpp/composition/minimal_composition/include
[1.994s] -- Configured cppcheck exclude dirs and/or files: 
[1.994s] -- Added test 'cpplint' to check C / C++ code against the Google style
[1.994s] -- Configured cpplint exclude dirs and/or files: 
[1.994s] -- Added test 'lint_cmake' to check CMake code style
[1.995s] -- Added test 'uncrustify' to check C / C++ code style
[1.995s] -- Configured uncrustify additional arguments: 
[1.995s] -- Added test 'xmllint' to check XML markup files
[2.001s] -- Configuring done (1.9s)
[2.025s] -- Generating done (0.0s)
[2.033s] -- Build files have been written to: /home/ilya/ros2_ws/build/examples_rclcpp_minimal_composition
[2.061s] Invoked command in '/home/ilya/ros2_ws/build/examples_rclcpp_minimal_composition' returned '0': CMAKE_PREFIX_PATH=${CMAKE_PREFIX_PATH}:/opt/ros/kilted /usr/bin/cmake /home/ilya/ros2_ws/src/examples/rclcpp/composition/minimal_composition -DAMENT_CMAKE_SYMLINK_INSTALL=1 -DCMAKE_INSTALL_PREFIX=/home/ilya/ros2_ws/install/examples_rclcpp_minimal_composition
[2.061s] Invoking command in '/home/ilya/ros2_ws/build/examples_rclcpp_minimal_composition': CMAKE_PREFIX_PATH=${CMAKE_PREFIX_PATH}:/opt/ros/kilted /usr/bin/cmake --build /home/ilya/ros2_ws/build/examples_rclcpp_minimal_composition -- -j8 -l8
[19.645s] [ 11%] [32mBuilding CXX object CMakeFiles/composition_nodes.dir/src/publisher_node.cpp.o[0m
[19.645s] [ 22%] [32mBuilding CXX object CMakeFiles/composition_nodes.dir/src/subscriber_node.cpp.o[0m
[32.404s] [ 33%] [32m[1mLinking CXX shared library libcomposition_nodes.so[0m
[33.693s] [ 33%] Built target composition_nodes
[33.811s] [ 44%] [32mBuilding CXX object CMakeFiles/composition_publisher.dir/src/standalone_publisher.cpp.o[0m
[44.985s] [ 55%] [32m[1mLinking CXX executable composition_publisher[0m
[45.609s] [ 55%] Built target composition_publisher
[45.696s] [ 66%] [32mBuilding CXX object CMakeFiles/composition_composed.dir/src/composed.cpp.o[0m
[52.292s] [ 77%] [32m[1mLinking CXX executable composition_composed[0m
[52.559s] [ 77%] Built target composition_composed
[52.596s] [ 88%] [32mBuilding CXX object CMakeFiles/composition_subscriber.dir/src/standalone_subscriber.cpp.o[0m
[55.286s] [100%] [32m[1mLinking CXX executable composition_subscriber[0m
[55.507s] [100%] Built target composition_subscriber
[55.565s] Invoked command in '/home/ilya/ros2_ws/build/examples_rclcpp_minimal_composition' returned '0': CMAKE_PREFIX_PATH=${CMAKE_PREFIX_PATH}:/opt/ros/kilted /usr/bin/cmake --build /home/ilya/ros2_ws/build/examples_rclcpp_minimal_composition -- -j8 -l8
[55.570s] Invoking command in '/home/ilya/ros2_ws/build/examples_rclcpp_minimal_composition': CMAKE_PREFIX_PATH=${CMAKE_PREFIX_PATH}:/opt/ros/kilted /usr/bin/cmake --install /home/ilya/ros2_ws/build/examples_rclcpp_minimal_composition
[55.580s] -- Install configuration: ""
[55.580s] -- Execute custom install script
[55.585s] -- Symlinking: /home/ilya/ros2_ws/install/examples_rclcpp_minimal_composition/share/examples_rclcpp_minimal_composition/environment/library_path.sh
[55.597s] -- Symlinking: /home/ilya/ros2_ws/install/examples_rclcpp_minimal_composition/share/examples_rclcpp_minimal_composition/environment/library_path.dsv
[55.610s] -- Symlinking: /home/ilya/ros2_ws/install/examples_rclcpp_minimal_composition/lib/libcomposition_nodes.so
[55.623s] -- Symlinking: /home/ilya/ros2_ws/install/examples_rclcpp_minimal_composition/lib/examples_rclcpp_minimal_composition/composition_publisher
[55.635s] -- Symlinking: /home/ilya/ros2_ws/install/examples_rclcpp_minimal_composition/lib/examples_rclcpp_minimal_composition/composition_subscriber
[55.646s] -- Symlinking: /home/ilya/ros2_ws/install/examples_rclcpp_minimal_composition/lib/examples_rclcpp_minimal_composition/composition_composed
[55.663s] -- Symlinking: /home/ilya/ros2_ws/install/examples_rclcpp_minimal_composition/share/ament_index/resource_index/package_run_dependencies/examples_rclcpp_minimal_composition
[55.676s] -- Symlinking: /home/ilya/ros2_ws/install/examples_rclcpp_minimal_composition/share/ament_index/resource_index/parent_prefix_path/examples_rclcpp_minimal_composition
[55.689s] -- Symlinking: /home/ilya/ros2_ws/install/examples_rclcpp_minimal_composition/share/examples_rclcpp_minimal_composition/environment/ament_prefix_path.sh
[55.701s] -- Symlinking: /home/ilya/ros2_ws/install/examples_rclcpp_minimal_composition/share/examples_rclcpp_minimal_composition/environment/ament_prefix_path.dsv
[55.714s] -- Symlinking: /home/ilya/ros2_ws/install/examples_rclcpp_minimal_composition/share/examples_rclcpp_minimal_composition/environment/path.sh
[55.730s] -- Symlinking: /home/ilya/ros2_ws/install/examples_rclcpp_minimal_composition/share/examples_rclcpp_minimal_composition/environment/path.dsv
[55.742s] -- Symlinking: /home/ilya/ros2_ws/install/examples_rclcpp_minimal_composition/share/examples_rclcpp_minimal_composition/local_setup.bash
[55.755s] -- Symlinking: /home/ilya/ros2_ws/install/examples_rclcpp_minimal_composition/share/examples_rclcpp_minimal_composition/local_setup.sh
[55.767s] -- Symlinking: /home/ilya/ros2_ws/install/examples_rclcpp_minimal_composition/share/examples_rclcpp_minimal_composition/local_setup.zsh
[55.784s] -- Symlinking: /home/ilya/ros2_ws/install/examples_rclcpp_minimal_composition/share/examples_rclcpp_minimal_composition/local_setup.dsv
[55.795s] -- Symlinking: /home/ilya/ros2_ws/install/examples_rclcpp_minimal_composition/share/examples_rclcpp_minimal_composition/package.dsv
[55.808s] -- Symlinking: /home/ilya/ros2_ws/install/examples_rclcpp_minimal_composition/share/ament_index/resource_index/packages/examples_rclcpp_minimal_composition
[55.822s] -- Symlinking: /home/ilya/ros2_ws/install/examples_rclcpp_minimal_composition/share/examples_rclcpp_minimal_composition/cmake/examples_rclcpp_minimal_compositionConfig.cmake
[55.833s] -- Symlinking: /home/ilya/ros2_ws/install/examples_rclcpp_minimal_composition/share/examples_rclcpp_minimal_composition/cmake/examples_rclcpp_minimal_compositionConfig-version.cmake
[55.846s] -- Symlinking: /home/ilya/ros2_ws/install/examples_rclcpp_minimal_composition/share/examples_rclcpp_minimal_composition/package.xml
[55.861s] Invoked command in '/home/ilya/ros2_ws/build/examples_rclcpp_minimal_composition' returned '0': CMAKE_PREFIX_PATH=${CMAKE_PREFIX_PATH}:/opt/ros/kilted /usr/bin/cmake --install /home/ilya/ros2_ws/build/examples_rclcpp_minimal_composition
