[1.534s] Invoking command in '/home/ilya/ros2_ws/build/examples_rclpy_guard_conditions': PYTHONPATH=/home/ilya/ros2_ws/build/examples_rclpy_guard_conditions/prefix_override:/usr/lib/python3/dist-packages/colcon_core/task/python/colcon_distutils_commands:/home/ilya/ros2_ws/install/examples_rclpy_guard_conditions/lib/python3.12/site-packages:${PYTHONPATH} /usr/bin/python3 -W ignore:setup.py install is deprecated -W ignore:easy_install command is deprecated setup.py develop --editable --build-directory /home/ilya/ros2_ws/build/examples_rclpy_guard_conditions/build --no-deps symlink_data
[2.806s] running develop
[2.844s] running egg_info
[2.853s] creating examples_rclpy_guard_conditions.egg-info
[2.880s] writing examples_rclpy_guard_conditions.egg-info/PKG-INFO
[2.886s] writing dependency_links to examples_rclpy_guard_conditions.egg-info/dependency_links.txt
[2.886s] writing entry points to examples_rclpy_guard_conditions.egg-info/entry_points.txt
[2.886s] writing requirements to examples_rclpy_guard_conditions.egg-info/requires.txt
[2.886s] writing top-level names to examples_rclpy_guard_conditions.egg-info/top_level.txt
[2.886s] writing manifest file 'examples_rclpy_guard_conditions.egg-info/SOURCES.txt'
[2.973s] reading manifest file 'examples_rclpy_guard_conditions.egg-info/SOURCES.txt'
[2.974s] writing manifest file 'examples_rclpy_guard_conditions.egg-info/SOURCES.txt'
[3.034s] running build_ext
[3.034s] Creating /home/ilya/ros2_ws/install/examples_rclpy_guard_conditions/lib/python3.12/site-packages/examples-rclpy-guard-conditions.egg-link (link to .)
[3.034s] Installing trigger_guard_condition script to /home/ilya/ros2_ws/install/examples_rclpy_guard_conditions/lib/examples_rclpy_guard_conditions
[3.040s] 
[3.040s] Installed /home/ilya/ros2_ws/build/examples_rclpy_guard_conditions
[3.040s] running symlink_data
[3.040s] creating /home/ilya/ros2_ws/install/examples_rclpy_guard_conditions/share/ament_index
[3.040s] creating /home/ilya/ros2_ws/install/examples_rclpy_guard_conditions/share/ament_index/resource_index
[3.044s] creating /home/ilya/ros2_ws/install/examples_rclpy_guard_conditions/share/ament_index/resource_index/packages
[3.044s] symbolically linking /home/ilya/ros2_ws/build/examples_rclpy_guard_conditions/resource/examples_rclpy_guard_conditions -> /home/ilya/ros2_ws/install/examples_rclpy_guard_conditions/share/ament_index/resource_index/packages
[3.057s] symbolically linking /home/ilya/ros2_ws/build/examples_rclpy_guard_conditions/package.xml -> /home/ilya/ros2_ws/install/examples_rclpy_guard_conditions/share/examples_rclpy_guard_conditions
[3.322s] Invoked command in '/home/ilya/ros2_ws/build/examples_rclpy_guard_conditions' returned '0': PYTHONPATH=/home/ilya/ros2_ws/build/examples_rclpy_guard_conditions/prefix_override:/usr/lib/python3/dist-packages/colcon_core/task/python/colcon_distutils_commands:/home/ilya/ros2_ws/install/examples_rclpy_guard_conditions/lib/python3.12/site-packages:${PYTHONPATH} /usr/bin/python3 -W ignore:setup.py install is deprecated -W ignore:easy_install command is deprecated setup.py develop --editable --build-directory /home/ilya/ros2_ws/build/examples_rclpy_guard_conditions/build --no-deps symlink_data
