[3.828s] Invoking command in '/home/ilya/ros2_ws/build/examples_rclpy_minimal_service': PYTHONPATH=/home/ilya/ros2_ws/build/examples_rclpy_minimal_service/prefix_override:/usr/lib/python3/dist-packages/colcon_core/task/python/colcon_distutils_commands:/home/ilya/ros2_ws/install/examples_rclpy_minimal_service/lib/python3.12/site-packages:${PYTHONPATH} /usr/bin/python3 -W ignore:setup.py install is deprecated -W ignore:easy_install command is deprecated setup.py develop --editable --build-directory /home/ilya/ros2_ws/build/examples_rclpy_minimal_service/build --no-deps symlink_data
[4.918s] running develop
[5.306s] running egg_info
[5.306s] creating examples_rclpy_minimal_service.egg-info
[5.402s] writing examples_rclpy_minimal_service.egg-info/PKG-INFO
[5.402s] writing dependency_links to examples_rclpy_minimal_service.egg-info/dependency_links.txt
[5.402s] writing entry points to examples_rclpy_minimal_service.egg-info/entry_points.txt
[5.402s] writing requirements to examples_rclpy_minimal_service.egg-info/requires.txt
[5.402s] writing top-level names to examples_rclpy_minimal_service.egg-info/top_level.txt
[5.402s] writing manifest file 'examples_rclpy_minimal_service.egg-info/SOURCES.txt'
[5.506s] reading manifest file 'examples_rclpy_minimal_service.egg-info/SOURCES.txt'
[5.507s] writing manifest file 'examples_rclpy_minimal_service.egg-info/SOURCES.txt'
[5.545s] running build_ext
[5.545s] Creating /home/ilya/ros2_ws/install/examples_rclpy_minimal_service/lib/python3.12/site-packages/examples-rclpy-minimal-service.egg-link (link to .)
[5.545s] Installing service script to /home/ilya/ros2_ws/install/examples_rclpy_minimal_service/lib/examples_rclpy_minimal_service
[5.546s] Installing service_member_function script to /home/ilya/ros2_ws/install/examples_rclpy_minimal_service/lib/examples_rclpy_minimal_service
[5.546s] 
[5.546s] Installed /home/ilya/ros2_ws/build/examples_rclpy_minimal_service
[5.546s] running symlink_data
[5.570s] creating /home/ilya/ros2_ws/install/examples_rclpy_minimal_service/share/ament_index
[5.570s] creating /home/ilya/ros2_ws/install/examples_rclpy_minimal_service/share/ament_index/resource_index
[5.570s] creating /home/ilya/ros2_ws/install/examples_rclpy_minimal_service/share/ament_index/resource_index/packages
[5.570s] symbolically linking /home/ilya/ros2_ws/build/examples_rclpy_minimal_service/resource/examples_rclpy_minimal_service -> /home/ilya/ros2_ws/install/examples_rclpy_minimal_service/share/ament_index/resource_index/packages
[5.576s] symbolically linking /home/ilya/ros2_ws/build/examples_rclpy_minimal_service/package.xml -> /home/ilya/ros2_ws/install/examples_rclpy_minimal_service/share/examples_rclpy_minimal_service
[6.366s] Invoked command in '/home/ilya/ros2_ws/build/examples_rclpy_minimal_service' returned '0': PYTHONPATH=/home/ilya/ros2_ws/build/examples_rclpy_minimal_service/prefix_override:/usr/lib/python3/dist-packages/colcon_core/task/python/colcon_distutils_commands:/home/ilya/ros2_ws/install/examples_rclpy_minimal_service/lib/python3.12/site-packages:${PYTHONPATH} /usr/bin/python3 -W ignore:setup.py install is deprecated -W ignore:easy_install command is deprecated setup.py develop --editable --build-directory /home/ilya/ros2_ws/build/examples_rclpy_minimal_service/build --no-deps symlink_data
