[0.335s] Invoking command in '/home/ubuntu/ros2_ws/build/my_webots_robot': DEBUGINFOD_URLS=https://debuginfod.ubuntu.com /usr/bin/cmake /home/ubuntu/ros2_ws/src/my_webots_robot -DCATKIN_INSTALL_INTO_PREFIX_ROOT=0 -DCATKIN_SYMLINK_INSTALL=ON -DCMAKE_INSTALL_PREFIX=/home/ubuntu/ros2_ws/install/my_webots_robot
[0.357s] -- Found ament_cmake: 2.5.4 (/opt/ros/jazzy/share/ament_cmake/cmake)
[0.730s] -- Found rclcpp: 28.1.12 (/opt/ros/jazzy/share/rclcpp/cmake)
[0.772s] -- Found rosidl_generator_c: 4.6.6 (/opt/ros/jazzy/share/rosidl_generator_c/cmake)
[0.783s] -- Found rosidl_generator_cpp: 4.6.6 (/opt/ros/jazzy/share/rosidl_generator_cpp/cmake)
[0.800s] -- Using all available rosidl_typesupport_c: rosidl_typesupport_fastrtps_c;rosidl_typesupport_introspection_c
[0.825s] -- Using all available rosidl_typesupport_cpp: rosidl_typesupport_fastrtps_cpp;rosidl_typesupport_introspection_cpp
[0.914s] -- Found rmw_implementation_cmake: 7.3.2 (/opt/ros/jazzy/share/rmw_implementation_cmake/cmake)
[0.917s] -- Found rmw_fastrtps_cpp: 8.4.3 (/opt/ros/jazzy/share/rmw_fastrtps_cpp/cmake)
[1.030s] -- Using RMW implementation 'rmw_fastrtps_cpp' as default
[1.125s] -- Found webots_ros2_driver: 2025.0.0 (/opt/ros/jazzy/share/webots_ros2_driver/cmake)
[1.222s] -- Found eigen3_cmake_module: 0.3.0 (/opt/ros/jazzy/share/eigen3_cmake_module/cmake)
[1.224s] -- Ensuring Eigen3 include directory is part of orocos-kdl CMake target
[1.478s] [33mCMake Warning at /opt/ros/jazzy/share/webots_ros2_driver/cmake/ament_cmake_export_libraries-extras.cmake:116 (message):
[1.478s]   Package 'webots_ros2_driver' exports library 'controller/libController.so'
[1.478s]   which couldn't be found
[1.478s] Call Stack (most recent call first):
[1.478s]   /opt/ros/jazzy/share/webots_ros2_driver/cmake/webots_ros2_driverConfig.cmake:41 (include)
[1.478s]   CMakeLists.txt:6 (find_package)
[1.478s] 
[1.478s] [0m
[1.480s] [33mCMake Warning at /opt/ros/jazzy/share/webots_ros2_driver/cmake/ament_cmake_export_libraries-extras.cmake:116 (message):
[1.480s]   Package 'webots_ros2_driver' exports library
[1.480s]   'controller/libCppController.so' which couldn't be found
[1.480s] Call Stack (most recent call first):
[1.480s]   /opt/ros/jazzy/share/webots_ros2_driver/cmake/webots_ros2_driverConfig.cmake:41 (include)
[1.480s]   CMakeLists.txt:6 (find_package)
[1.480s] 
[1.481s] [0m
[1.482s] [33mCMake Warning at /opt/ros/jazzy/share/webots_ros2_driver/cmake/ament_cmake_export_libraries-extras.cmake:116 (message):
[1.482s]   Package 'webots_ros2_driver' exports library 'controller/libdriver.so'
[1.483s]   which couldn't be found
[1.483s] Call Stack (most recent call first):
[1.483s]   /opt/ros/jazzy/share/webots_ros2_driver/cmake/webots_ros2_driverConfig.cmake:41 (include)
[1.483s]   CMakeLists.txt:6 (find_package)
[1.483s] 
[1.483s] [0m
[1.485s] [33mCMake Warning at /opt/ros/jazzy/share/webots_ros2_driver/cmake/ament_cmake_export_libraries-extras.cmake:116 (message):
[1.485s]   Package 'webots_ros2_driver' exports library 'controller/libCppDriver.so'
[1.485s]   which couldn't be found
[1.485s] Call Stack (most recent call first):
[1.485s]   /opt/ros/jazzy/share/webots_ros2_driver/cmake/webots_ros2_driverConfig.cmake:41 (include)
[1.485s]   CMakeLists.txt:6 (find_package)
[1.485s] 
[1.485s] [0m
[1.487s] [33mCMake Warning at /opt/ros/jazzy/share/webots_ros2_driver/cmake/ament_cmake_export_libraries-extras.cmake:116 (message):
[1.487s]   Package 'webots_ros2_driver' exports library 'controller/libcar.so' which
[1.487s]   couldn't be found
[1.488s] Call Stack (most recent call first):
[1.488s]   /opt/ros/jazzy/share/webots_ros2_driver/cmake/webots_ros2_driverConfig.cmake:41 (include)
[1.488s]   CMakeLists.txt:6 (find_package)
[1.488s] 
[1.488s] [0m
[1.490s] [33mCMake Warning at /opt/ros/jazzy/share/webots_ros2_driver/cmake/ament_cmake_export_libraries-extras.cmake:116 (message):
[1.490s]   Package 'webots_ros2_driver' exports library 'controller/libCppCar.so'
[1.490s]   which couldn't be found
[1.490s] Call Stack (most recent call first):
[1.490s]   /opt/ros/jazzy/share/webots_ros2_driver/cmake/webots_ros2_driverConfig.cmake:41 (include)
[1.490s]   CMakeLists.txt:6 (find_package)
[1.490s] 
[1.490s] [0m
[1.492s] [33mCMake Warning at /opt/ros/jazzy/share/webots_ros2_driver/cmake/ament_cmake_export_libraries-extras.cmake:116 (message):
[1.492s]   Package 'webots_ros2_driver' exports library
[1.493s]   'controller/libgeneric_robot_window.so' which couldn't be found
[1.493s] Call Stack (most recent call first):
[1.493s]   /opt/ros/jazzy/share/webots_ros2_driver/cmake/webots_ros2_driverConfig.cmake:41 (include)
[1.493s]   CMakeLists.txt:6 (find_package)
[1.493s] 
[1.493s] [0m
[1.656s] -- Configuring done (1.3s)
[1.663s] [31mCMake Error at CMakeLists.txt:14 (add_library):
[1.663s]   Cannot find source file:
[1.663s] 
[1.663s]     /home/ubuntu/ros2_ws/src/libraries/youbot_control/src/arm.c
[1.664s] 
[1.664s]   Tried extensions .c .C .c++ .cc .cpp .cxx .cu .mpp .m .M .mm .ixx .cppm
[1.664s]   .ccm .cxxm .c++m .h .hh .h++ .hm .hpp .hxx .in .txx .f .F .for .f77 .f90
[1.664s]   .f95 .f03 .hip .ispc
[1.664s] 
[1.664s] [0m
[1.669s] [31mCMake Error at CMakeLists.txt:14 (add_library):
[1.669s]   No SOURCES given to target: youbot_control
[1.669s] 
[1.669s] [0m
[1.669s] [0mCMake Generate step failed.  Build files cannot be regenerated correctly.[0m
[1.684s] Invoked command in '/home/ubuntu/ros2_ws/build/my_webots_robot' returned '1': DEBUGINFOD_URLS=https://debuginfod.ubuntu.com /usr/bin/cmake /home/ubuntu/ros2_ws/src/my_webots_robot -DCATKIN_INSTALL_INTO_PREFIX_ROOT=0 -DCATKIN_SYMLINK_INSTALL=ON -DCMAKE_INSTALL_PREFIX=/home/ubuntu/ros2_ws/install/my_webots_robot
