[4.882s] Invoking command in '/home/ilya/ros2_ws/build/examples_rclpy_minimal_action_client': PYTHONPATH=/home/ilya/ros2_ws/build/examples_rclpy_minimal_action_client/prefix_override:/usr/lib/python3/dist-packages/colcon_core/task/python/colcon_distutils_commands:/home/ilya/ros2_ws/install/examples_rclpy_minimal_action_client/lib/python3.12/site-packages:${PYTHONPATH} /usr/bin/python3 -W ignore:setup.py install is deprecated -W ignore:easy_install command is deprecated setup.py develop --editable --build-directory /home/ilya/ros2_ws/build/examples_rclpy_minimal_action_client/build --no-deps symlink_data
[6.331s] running develop
[6.788s] running egg_info
[6.792s] creating examples_rclpy_minimal_action_client.egg-info
[6.822s] writing examples_rclpy_minimal_action_client.egg-info/PKG-INFO
[6.835s] writing dependency_links to examples_rclpy_minimal_action_client.egg-info/dependency_links.txt
[6.835s] writing entry points to examples_rclpy_minimal_action_client.egg-info/entry_points.txt
[6.835s] writing requirements to examples_rclpy_minimal_action_client.egg-info/requires.txt
[6.835s] writing top-level names to examples_rclpy_minimal_action_client.egg-info/top_level.txt
[6.835s] writing manifest file 'examples_rclpy_minimal_action_client.egg-info/SOURCES.txt'
[6.923s] reading manifest file 'examples_rclpy_minimal_action_client.egg-info/SOURCES.txt'
[6.923s] writing manifest file 'examples_rclpy_minimal_action_client.egg-info/SOURCES.txt'
[6.973s] running build_ext
[6.973s] Creating /home/ilya/ros2_ws/install/examples_rclpy_minimal_action_client/lib/python3.12/site-packages/examples-rclpy-minimal-action-client.egg-link (link to .)
[6.974s] Installing client script to /home/ilya/ros2_ws/install/examples_rclpy_minimal_action_client/lib/examples_rclpy_minimal_action_client
[6.977s] Installing client_asyncio script to /home/ilya/ros2_ws/install/examples_rclpy_minimal_action_client/lib/examples_rclpy_minimal_action_client
[6.977s] Installing client_cancel script to /home/ilya/ros2_ws/install/examples_rclpy_minimal_action_client/lib/examples_rclpy_minimal_action_client
[6.978s] Installing client_not_composable script to /home/ilya/ros2_ws/install/examples_rclpy_minimal_action_client/lib/examples_rclpy_minimal_action_client
[6.980s] 
[6.980s] Installed /home/ilya/ros2_ws/build/examples_rclpy_minimal_action_client
[6.981s] running symlink_data
[6.981s] creating /home/ilya/ros2_ws/install/examples_rclpy_minimal_action_client/share/ament_index
[6.981s] creating /home/ilya/ros2_ws/install/examples_rclpy_minimal_action_client/share/ament_index/resource_index
[6.982s] creating /home/ilya/ros2_ws/install/examples_rclpy_minimal_action_client/share/ament_index/resource_index/packages
[6.992s] symbolically linking /home/ilya/ros2_ws/build/examples_rclpy_minimal_action_client/resource/examples_rclpy_minimal_action_client -> /home/ilya/ros2_ws/install/examples_rclpy_minimal_action_client/share/ament_index/resource_index/packages
[6.992s] symbolically linking /home/ilya/ros2_ws/build/examples_rclpy_minimal_action_client/package.xml -> /home/ilya/ros2_ws/install/examples_rclpy_minimal_action_client/share/examples_rclpy_minimal_action_client
[7.772s] Invoked command in '/home/ilya/ros2_ws/build/examples_rclpy_minimal_action_client' returned '0': PYTHONPATH=/home/ilya/ros2_ws/build/examples_rclpy_minimal_action_client/prefix_override:/usr/lib/python3/dist-packages/colcon_core/task/python/colcon_distutils_commands:/home/ilya/ros2_ws/install/examples_rclpy_minimal_action_client/lib/python3.12/site-packages:${PYTHONPATH} /usr/bin/python3 -W ignore:setup.py install is deprecated -W ignore:easy_install command is deprecated setup.py develop --editable --build-directory /home/ilya/ros2_ws/build/examples_rclpy_minimal_action_client/build --no-deps symlink_data
