[3.662s] Invoking command in '/home/ilya/ros2_ws/build/examples_rclpy_pointcloud_publisher': PYTHONPATH=/home/ilya/ros2_ws/build/examples_rclpy_pointcloud_publisher/prefix_override:/usr/lib/python3/dist-packages/colcon_core/task/python/colcon_distutils_commands:/home/ilya/ros2_ws/install/examples_rclpy_pointcloud_publisher/lib/python3.12/site-packages:${PYTHONPATH} /usr/bin/python3 -W ignore:setup.py install is deprecated -W ignore:easy_install command is deprecated setup.py develop --editable --build-directory /home/ilya/ros2_ws/build/examples_rclpy_pointcloud_publisher/build --no-deps symlink_data
[4.857s] running develop
[5.422s] running egg_info
[5.427s] creating examples_rclpy_pointcloud_publisher.egg-info
[5.479s] writing examples_rclpy_pointcloud_publisher.egg-info/PKG-INFO
[5.487s] writing dependency_links to examples_rclpy_pointcloud_publisher.egg-info/dependency_links.txt
[5.487s] writing entry points to examples_rclpy_pointcloud_publisher.egg-info/entry_points.txt
[5.488s] writing requirements to examples_rclpy_pointcloud_publisher.egg-info/requires.txt
[5.488s] writing top-level names to examples_rclpy_pointcloud_publisher.egg-info/top_level.txt
[5.488s] writing manifest file 'examples_rclpy_pointcloud_publisher.egg-info/SOURCES.txt'
[5.621s] reading manifest file 'examples_rclpy_pointcloud_publisher.egg-info/SOURCES.txt'
[5.622s] writing manifest file 'examples_rclpy_pointcloud_publisher.egg-info/SOURCES.txt'
[5.673s] running build_ext
[5.673s] Creating /home/ilya/ros2_ws/install/examples_rclpy_pointcloud_publisher/lib/python3.12/site-packages/examples-rclpy-pointcloud-publisher.egg-link (link to .)
[5.673s] Installing pointcloud_publisher script to /home/ilya/ros2_ws/install/examples_rclpy_pointcloud_publisher/lib/examples_rclpy_pointcloud_publisher
[5.674s] 
[5.674s] Installed /home/ilya/ros2_ws/build/examples_rclpy_pointcloud_publisher
[5.674s] running symlink_data
[5.683s] creating /home/ilya/ros2_ws/install/examples_rclpy_pointcloud_publisher/share/ament_index
[5.686s] creating /home/ilya/ros2_ws/install/examples_rclpy_pointcloud_publisher/share/ament_index/resource_index
[5.686s] creating /home/ilya/ros2_ws/install/examples_rclpy_pointcloud_publisher/share/ament_index/resource_index/packages
[5.692s] symbolically linking /home/ilya/ros2_ws/build/examples_rclpy_pointcloud_publisher/resource/examples_rclpy_pointcloud_publisher -> /home/ilya/ros2_ws/install/examples_rclpy_pointcloud_publisher/share/ament_index/resource_index/packages
[5.699s] symbolically linking /home/ilya/ros2_ws/build/examples_rclpy_pointcloud_publisher/package.xml -> /home/ilya/ros2_ws/install/examples_rclpy_pointcloud_publisher/share/examples_rclpy_pointcloud_publisher
[5.840s] Invoked command in '/home/ilya/ros2_ws/build/examples_rclpy_pointcloud_publisher' returned '0': PYTHONPATH=/home/ilya/ros2_ws/build/examples_rclpy_pointcloud_publisher/prefix_override:/usr/lib/python3/dist-packages/colcon_core/task/python/colcon_distutils_commands:/home/ilya/ros2_ws/install/examples_rclpy_pointcloud_publisher/lib/python3.12/site-packages:${PYTHONPATH} /usr/bin/python3 -W ignore:setup.py install is deprecated -W ignore:easy_install command is deprecated setup.py develop --editable --build-directory /home/ilya/ros2_ws/build/examples_rclpy_pointcloud_publisher/build --no-deps symlink_data
