[0.058s] Invoking command in '/home/ilya/ros2_ws/build/examples_rclcpp_wait_set': CMAKE_PREFIX_PATH=${CMAKE_PREFIX_PATH}:/opt/ros/kilted /usr/bin/cmake /home/ilya/ros2_ws/src/examples/rclcpp/wait_set -DCMAKE_INSTALL_PREFIX=/home/ilya/ros2_ws/install/examples_rclcpp_wait_set
[0.730s] -- Found ament_cmake: 2.7.3 (/opt/ros/kilted/share/ament_cmake/cmake)
[0.730s] -- Override CMake install command with custom implementation using symlinks instead of copying resources
[0.730s] -- Found example_interfaces: 0.13.0 (/opt/ros/kilted/share/example_interfaces/cmake)
[0.730s] -- Found rosidl_generator_c: 4.9.5 (/opt/ros/kilted/share/rosidl_generator_c/cmake)
[0.731s] -- Found rosidl_generator_cpp: 4.9.5 (/opt/ros/kilted/share/rosidl_generator_cpp/cmake)
[0.731s] -- Using all available rosidl_typesupport_c: rosidl_typesupport_fastrtps_c;rosidl_typesupport_introspection_c
[0.731s] -- Using all available rosidl_typesupport_cpp: rosidl_typesupport_fastrtps_cpp;rosidl_typesupport_introspection_cpp
[0.731s] -- Found rclcpp: 29.5.2 (/opt/ros/kilted/share/rclcpp/cmake)
[0.759s] -- Found rmw_implementation_cmake: 7.8.2 (/opt/ros/kilted/share/rmw_implementation_cmake/cmake)
[0.761s] -- Found rmw_fastrtps_cpp: 9.3.2 (/opt/ros/kilted/share/rmw_fastrtps_cpp/cmake)
[0.827s] -- Using RMW implementation 'rmw_fastrtps_cpp' as default
[1.008s] -- Found rclcpp_components: 29.5.2 (/opt/ros/kilted/share/rclcpp_components/cmake)
[1.056s] -- Found std_msgs: 5.5.0 (/opt/ros/kilted/share/std_msgs/cmake)
[1.085s] -- Found ament_lint_auto: 0.19.2 (/opt/ros/kilted/share/ament_lint_auto/cmake)
[1.245s] -- Added test 'copyright' to check source files copyright and LICENSE
[1.248s] -- Added test 'cppcheck' to perform static code analysis on C / C++ code
[1.249s] -- Configured cppcheck include dirs: /home/ilya/ros2_ws/src/examples/rclcpp/wait_set/include
[1.249s] -- Configured cppcheck exclude dirs and/or files: 
[1.251s] -- Added test 'cpplint' to check C / C++ code against the Google style
[1.251s] -- Configured cpplint exclude dirs and/or files: 
[1.252s] -- Added test 'lint_cmake' to check CMake code style
[1.256s] -- Added test 'uncrustify' to check C / C++ code style
[1.256s] -- Configured uncrustify additional arguments: 
[1.257s] -- Added test 'xmllint' to check XML markup files
[1.261s] -- Configuring done (1.2s)
[1.380s] -- Generating done (0.1s)
[1.413s] -- Build files have been written to: /home/ilya/ros2_ws/build/examples_rclcpp_wait_set
[1.430s] Invoked command in '/home/ilya/ros2_ws/build/examples_rclcpp_wait_set' returned '0': CMAKE_PREFIX_PATH=${CMAKE_PREFIX_PATH}:/opt/ros/kilted /usr/bin/cmake /home/ilya/ros2_ws/src/examples/rclcpp/wait_set -DCMAKE_INSTALL_PREFIX=/home/ilya/ros2_ws/install/examples_rclcpp_wait_set
[1.431s] Invoking command in '/home/ilya/ros2_ws/build/examples_rclcpp_wait_set': CMAKE_PREFIX_PATH=${CMAKE_PREFIX_PATH}:/opt/ros/kilted /usr/bin/cmake --build /home/ilya/ros2_ws/build/examples_rclcpp_wait_set -- -j8 -l8
[1.598s] [  8%] Built target talker
[1.655s] [ 16%] Built target wait_set_listener
[1.673s] [ 25%] Built target wait_set_topics_and_timer
[1.678s] [ 33%] Built target wait_set_talker
[1.678s] [ 41%] Built target static_wait_set
[1.683s] [ 45%] [32m[1mLinking CXX shared library liblistener.so[0m
[1.685s] [ 50%] [32m[1mLinking CXX executable wait_set[0m
[1.694s] [ 54%] [32m[1mLinking CXX executable thread_safe_wait_set[0m
[1.753s] [ 62%] Built target executor_random_order
[1.755s] [ 70%] Built target wait_set_random_order
[1.790s] [ 79%] Built target wait_set_topics_with_different_rates
[2.655s] [ 83%] Built target wait_set
[2.660s] [ 87%] Built target listener
[2.726s] [ 91%] Built target thread_safe_wait_set
[2.755s] [ 95%] [32m[1mLinking CXX executable wait_set_composed[0m
[3.176s] [100%] Built target wait_set_composed
[3.197s] Invoked command in '/home/ilya/ros2_ws/build/examples_rclcpp_wait_set' returned '0': CMAKE_PREFIX_PATH=${CMAKE_PREFIX_PATH}:/opt/ros/kilted /usr/bin/cmake --build /home/ilya/ros2_ws/build/examples_rclcpp_wait_set -- -j8 -l8
[3.198s] Invoking command in '/home/ilya/ros2_ws/build/examples_rclcpp_wait_set': CMAKE_PREFIX_PATH=${CMAKE_PREFIX_PATH}:/opt/ros/kilted /usr/bin/cmake --install /home/ilya/ros2_ws/build/examples_rclcpp_wait_set
[3.217s] -- Install configuration: ""
[3.218s] -- Execute custom install script
[3.218s] -- Up-to-date symlink: /home/ilya/ros2_ws/install/examples_rclcpp_wait_set/lib/examples_rclcpp_wait_set/wait_set_talker
[3.219s] -- Up-to-date symlink: /home/ilya/ros2_ws/install/examples_rclcpp_wait_set/lib/examples_rclcpp_wait_set/wait_set_listener
[3.219s] -- Up-to-date symlink: /home/ilya/ros2_ws/install/examples_rclcpp_wait_set/lib/libtalker.so
[3.221s] -- Up-to-date symlink: /home/ilya/ros2_ws/install/examples_rclcpp_wait_set/lib/liblistener.so
[3.222s] -- Up-to-date symlink: /home/ilya/ros2_ws/install/examples_rclcpp_wait_set/lib/examples_rclcpp_wait_set/wait_set
[3.222s] -- Up-to-date symlink: /home/ilya/ros2_ws/install/examples_rclcpp_wait_set/lib/examples_rclcpp_wait_set/static_wait_set
[3.222s] -- Up-to-date symlink: /home/ilya/ros2_ws/install/examples_rclcpp_wait_set/lib/examples_rclcpp_wait_set/thread_safe_wait_set
[3.222s] -- Up-to-date symlink: /home/ilya/ros2_ws/install/examples_rclcpp_wait_set/lib/examples_rclcpp_wait_set/wait_set_topics_and_timer
[3.222s] -- Up-to-date symlink: /home/ilya/ros2_ws/install/examples_rclcpp_wait_set/lib/examples_rclcpp_wait_set/wait_set_random_order
[3.222s] -- Up-to-date symlink: /home/ilya/ros2_ws/install/examples_rclcpp_wait_set/lib/examples_rclcpp_wait_set/executor_random_order
[3.223s] -- Up-to-date symlink: /home/ilya/ros2_ws/install/examples_rclcpp_wait_set/lib/examples_rclcpp_wait_set/wait_set_topics_with_different_rates
[3.223s] -- Up-to-date symlink: /home/ilya/ros2_ws/install/examples_rclcpp_wait_set/lib/examples_rclcpp_wait_set/wait_set_composed
[3.224s] -- Up-to-date symlink: /home/ilya/ros2_ws/install/examples_rclcpp_wait_set/share/ament_index/resource_index/package_run_dependencies/examples_rclcpp_wait_set
[3.229s] -- Up-to-date symlink: /home/ilya/ros2_ws/install/examples_rclcpp_wait_set/share/ament_index/resource_index/parent_prefix_path/examples_rclcpp_wait_set
[3.229s] -- Up-to-date symlink: /home/ilya/ros2_ws/install/examples_rclcpp_wait_set/share/examples_rclcpp_wait_set/environment/ament_prefix_path.sh
[3.229s] -- Up-to-date symlink: /home/ilya/ros2_ws/install/examples_rclcpp_wait_set/share/examples_rclcpp_wait_set/environment/ament_prefix_path.dsv
[3.229s] -- Up-to-date symlink: /home/ilya/ros2_ws/install/examples_rclcpp_wait_set/share/examples_rclcpp_wait_set/environment/path.sh
[3.229s] -- Up-to-date symlink: /home/ilya/ros2_ws/install/examples_rclcpp_wait_set/share/examples_rclcpp_wait_set/environment/path.dsv
[3.229s] -- Up-to-date symlink: /home/ilya/ros2_ws/install/examples_rclcpp_wait_set/share/examples_rclcpp_wait_set/local_setup.bash
[3.230s] -- Up-to-date symlink: /home/ilya/ros2_ws/install/examples_rclcpp_wait_set/share/examples_rclcpp_wait_set/local_setup.sh
[3.230s] -- Up-to-date symlink: /home/ilya/ros2_ws/install/examples_rclcpp_wait_set/share/examples_rclcpp_wait_set/local_setup.zsh
[3.230s] -- Up-to-date symlink: /home/ilya/ros2_ws/install/examples_rclcpp_wait_set/share/examples_rclcpp_wait_set/local_setup.dsv
[3.230s] -- Symlinking: /home/ilya/ros2_ws/install/examples_rclcpp_wait_set/share/examples_rclcpp_wait_set/package.dsv
[3.254s] -- Up-to-date symlink: /home/ilya/ros2_ws/install/examples_rclcpp_wait_set/share/ament_index/resource_index/packages/examples_rclcpp_wait_set
[3.254s] -- Up-to-date symlink: /home/ilya/ros2_ws/install/examples_rclcpp_wait_set/share/ament_index/resource_index/rclcpp_components/examples_rclcpp_wait_set
[3.254s] -- Up-to-date symlink: /home/ilya/ros2_ws/install/examples_rclcpp_wait_set/share/examples_rclcpp_wait_set/cmake/examples_rclcpp_wait_setConfig.cmake
[3.254s] -- Up-to-date symlink: /home/ilya/ros2_ws/install/examples_rclcpp_wait_set/share/examples_rclcpp_wait_set/cmake/examples_rclcpp_wait_setConfig-version.cmake
[3.254s] -- Up-to-date symlink: /home/ilya/ros2_ws/install/examples_rclcpp_wait_set/share/examples_rclcpp_wait_set/package.xml
[3.257s] Invoked command in '/home/ilya/ros2_ws/build/examples_rclcpp_wait_set' returned '0': CMAKE_PREFIX_PATH=${CMAKE_PREFIX_PATH}:/opt/ros/kilted /usr/bin/cmake --install /home/ilya/ros2_ws/build/examples_rclcpp_wait_set
