[0.193s] DEBUG:colcon:Command line arguments: ['/usr/bin/colcon', 'build', '--packages-select', 'sipeed_tof_ms_a010', '--cmake-args', '-DCMAKE_BUILD_TYPE=Release']
[0.193s] DEBUG:colcon:Parsed command line arguments: Namespace(log_base=None, log_level=None, verb_name='build', build_base='build', install_base='install', merge_install=False, symlink_install=False, test_result_base=None, continue_on_error=False, executor='parallel', parallel_workers=16, event_handlers=None, ignore_user_meta=False, metas=['./colcon.meta'], base_paths=['.'], packages_ignore=None, packages_ignore_regex=None, paths=None, packages_up_to=None, packages_up_to_regex=None, packages_above=None, packages_above_and_dependencies=None, packages_above_depth=None, packages_select_by_dep=None, packages_skip_by_dep=None, packages_skip_up_to=None, packages_select_build_failed=False, packages_skip_build_finished=False, packages_select_test_failures=False, packages_skip_test_passed=False, packages_select=['sipeed_tof_ms_a010'], packages_skip=None, packages_select_regex=None, packages_skip_regex=None, packages_start=None, packages_end=None, allow_overriding=[], cmake_args=['-DCMAKE_BUILD_TYPE=Release'], cmake_target=None, cmake_target_skip_unavailable=False, cmake_clean_cache=False, cmake_clean_first=False, cmake_force_configure=False, ament_cmake_args=None, catkin_cmake_args=None, catkin_skip_building_tests=False, mixin_files=None, mixin=None, verb_parser=<colcon_mixin.mixin.mixin_argument.MixinArgumentDecorator object at 0x726675c64fd0>, verb_extension=<colcon_core.verb.build.BuildVerb object at 0x726675d81e70>, main=<bound method BuildVerb.main of <colcon_core.verb.build.BuildVerb object at 0x726675d81e70>>, mixin_verb=('build',))
[0.454s] Level 1:colcon.colcon_core.package_discovery:discover_packages(colcon_meta) check parameters
[0.454s] Level 1:colcon.colcon_core.package_discovery:discover_packages(recursive) check parameters
[0.454s] Level 1:colcon.colcon_core.package_discovery:discover_packages(ignore) check parameters
[0.454s] Level 1:colcon.colcon_core.package_discovery:discover_packages(path) check parameters
[0.454s] Level 1:colcon.colcon_core.package_discovery:discover_packages(colcon_meta) discover
[0.454s] Level 1:colcon.colcon_core.package_discovery:discover_packages(recursive) discover
[0.454s] INFO:colcon.colcon_core.package_discovery:Crawling recursively for packages in '/home/lya/ros2_ws'
[0.454s] Level 1:colcon.colcon_core.package_identification:_identify(.) by extensions ['ignore', 'ignore_ament_install']
[0.455s] Level 1:colcon.colcon_core.package_identification:_identify(.) by extension 'ignore'
[0.455s] Level 1:colcon.colcon_core.package_identification:_identify(.) by extension 'ignore_ament_install'
[0.455s] Level 1:colcon.colcon_core.package_identification:_identify(.) by extensions ['colcon_pkg']
[0.455s] Level 1:colcon.colcon_core.package_identification:_identify(.) by extension 'colcon_pkg'
[0.455s] Level 1:colcon.colcon_core.package_identification:_identify(.) by extensions ['colcon_meta']
[0.455s] Level 1:colcon.colcon_core.package_identification:_identify(.) by extension 'colcon_meta'
[0.455s] Level 1:colcon.colcon_core.package_identification:_identify(.) by extensions ['ros']
[0.455s] Level 1:colcon.colcon_core.package_identification:_identify(.) by extension 'ros'
[0.475s] Level 1:colcon.colcon_core.package_identification:_identify(.) by extensions ['cmake', 'python']
[0.475s] Level 1:colcon.colcon_core.package_identification:_identify(.) by extension 'cmake'
[0.475s] Level 1:colcon.colcon_core.package_identification:_identify(.) by extension 'python'
[0.475s] Level 1:colcon.colcon_core.package_identification:_identify(.) by extensions ['python_setup_py']
[0.475s] Level 1:colcon.colcon_core.package_identification:_identify(.) by extension 'python_setup_py'
[0.475s] Level 1:colcon.colcon_core.package_identification:_identify(build) by extensions ['ignore', 'ignore_ament_install']
[0.476s] Level 1:colcon.colcon_core.package_identification:_identify(build) by extension 'ignore'
[0.476s] Level 1:colcon.colcon_core.package_identification:_identify(build) ignored
[0.476s] Level 1:colcon.colcon_core.package_identification:_identify(install) by extensions ['ignore', 'ignore_ament_install']
[0.476s] Level 1:colcon.colcon_core.package_identification:_identify(install) by extension 'ignore'
[0.476s] Level 1:colcon.colcon_core.package_identification:_identify(install) ignored
[0.476s] Level 1:colcon.colcon_core.package_identification:_identify(log) by extensions ['ignore', 'ignore_ament_install']
[0.476s] Level 1:colcon.colcon_core.package_identification:_identify(log) by extension 'ignore'
[0.476s] Level 1:colcon.colcon_core.package_identification:_identify(log) ignored
[0.477s] Level 1:colcon.colcon_core.package_identification:_identify(src) by extensions ['ignore', 'ignore_ament_install']
[0.477s] Level 1:colcon.colcon_core.package_identification:_identify(src) by extension 'ignore'
[0.477s] Level 1:colcon.colcon_core.package_identification:_identify(src) by extension 'ignore_ament_install'
[0.477s] Level 1:colcon.colcon_core.package_identification:_identify(src) by extensions ['colcon_pkg']
[0.477s] Level 1:colcon.colcon_core.package_identification:_identify(src) by extension 'colcon_pkg'
[0.477s] Level 1:colcon.colcon_core.package_identification:_identify(src) by extensions ['colcon_meta']
[0.477s] Level 1:colcon.colcon_core.package_identification:_identify(src) by extension 'colcon_meta'
[0.477s] Level 1:colcon.colcon_core.package_identification:_identify(src) by extensions ['ros']
[0.477s] Level 1:colcon.colcon_core.package_identification:_identify(src) by extension 'ros'
[0.477s] Level 1:colcon.colcon_core.package_identification:_identify(src) by extensions ['cmake', 'python']
[0.477s] Level 1:colcon.colcon_core.package_identification:_identify(src) by extension 'cmake'
[0.477s] Level 1:colcon.colcon_core.package_identification:_identify(src) by extension 'python'
[0.477s] Level 1:colcon.colcon_core.package_identification:_identify(src) by extensions ['python_setup_py']
[0.477s] Level 1:colcon.colcon_core.package_identification:_identify(src) by extension 'python_setup_py'
[0.478s] Level 1:colcon.colcon_core.package_identification:_identify(src/MaixSense_ROS) by extensions ['ignore', 'ignore_ament_install']
[0.478s] Level 1:colcon.colcon_core.package_identification:_identify(src/MaixSense_ROS) by extension 'ignore'
[0.478s] Level 1:colcon.colcon_core.package_identification:_identify(src/MaixSense_ROS) by extension 'ignore_ament_install'
[0.478s] Level 1:colcon.colcon_core.package_identification:_identify(src/MaixSense_ROS) by extensions ['colcon_pkg']
[0.478s] Level 1:colcon.colcon_core.package_identification:_identify(src/MaixSense_ROS) by extension 'colcon_pkg'
[0.478s] Level 1:colcon.colcon_core.package_identification:_identify(src/MaixSense_ROS) by extensions ['colcon_meta']
[0.478s] Level 1:colcon.colcon_core.package_identification:_identify(src/MaixSense_ROS) by extension 'colcon_meta'
[0.478s] Level 1:colcon.colcon_core.package_identification:_identify(src/MaixSense_ROS) by extensions ['ros']
[0.478s] Level 1:colcon.colcon_core.package_identification:_identify(src/MaixSense_ROS) by extension 'ros'
[0.478s] Level 1:colcon.colcon_core.package_identification:_identify(src/MaixSense_ROS) by extensions ['cmake', 'python']
[0.478s] Level 1:colcon.colcon_core.package_identification:_identify(src/MaixSense_ROS) by extension 'cmake'
[0.478s] Level 1:colcon.colcon_core.package_identification:_identify(src/MaixSense_ROS) by extension 'python'
[0.478s] Level 1:colcon.colcon_core.package_identification:_identify(src/MaixSense_ROS) by extensions ['python_setup_py']
[0.478s] Level 1:colcon.colcon_core.package_identification:_identify(src/MaixSense_ROS) by extension 'python_setup_py'
[0.478s] Level 1:colcon.colcon_core.package_identification:_identify(src/MaixSense_ROS/sipeed_tof_ms_a010_ros) by extensions ['ignore', 'ignore_ament_install']
[0.479s] Level 1:colcon.colcon_core.package_identification:_identify(src/MaixSense_ROS/sipeed_tof_ms_a010_ros) by extension 'ignore'
[0.479s] Level 1:colcon.colcon_core.package_identification:_identify(src/MaixSense_ROS/sipeed_tof_ms_a010_ros) by extension 'ignore_ament_install'
[0.479s] Level 1:colcon.colcon_core.package_identification:_identify(src/MaixSense_ROS/sipeed_tof_ms_a010_ros) by extensions ['colcon_pkg']
[0.479s] Level 1:colcon.colcon_core.package_identification:_identify(src/MaixSense_ROS/sipeed_tof_ms_a010_ros) by extension 'colcon_pkg'
[0.479s] Level 1:colcon.colcon_core.package_identification:_identify(src/MaixSense_ROS/sipeed_tof_ms_a010_ros) by extensions ['colcon_meta']
[0.479s] Level 1:colcon.colcon_core.package_identification:_identify(src/MaixSense_ROS/sipeed_tof_ms_a010_ros) by extension 'colcon_meta'
[0.479s] Level 1:colcon.colcon_core.package_identification:_identify(src/MaixSense_ROS/sipeed_tof_ms_a010_ros) by extensions ['ros']
[0.479s] Level 1:colcon.colcon_core.package_identification:_identify(src/MaixSense_ROS/sipeed_tof_ms_a010_ros) by extension 'ros'
[0.479s] Level 1:colcon.colcon_core.package_identification:_identify(src/MaixSense_ROS/sipeed_tof_ms_a010_ros) by extensions ['cmake', 'python']
[0.479s] Level 1:colcon.colcon_core.package_identification:_identify(src/MaixSense_ROS/sipeed_tof_ms_a010_ros) by extension 'cmake'
[0.479s] Level 1:colcon.colcon_core.package_identification:_identify(src/MaixSense_ROS/sipeed_tof_ms_a010_ros) by extension 'python'
[0.479s] Level 1:colcon.colcon_core.package_identification:_identify(src/MaixSense_ROS/sipeed_tof_ms_a010_ros) by extensions ['python_setup_py']
[0.479s] Level 1:colcon.colcon_core.package_identification:_identify(src/MaixSense_ROS/sipeed_tof_ms_a010_ros) by extension 'python_setup_py'
[0.479s] Level 1:colcon.colcon_core.package_identification:_identify(src/MaixSense_ROS/sipeed_tof_ms_a010_ros/ros1) by extensions ['ignore', 'ignore_ament_install']
[0.479s] Level 1:colcon.colcon_core.package_identification:_identify(src/MaixSense_ROS/sipeed_tof_ms_a010_ros/ros1) by extension 'ignore'
[0.480s] Level 1:colcon.colcon_core.package_identification:_identify(src/MaixSense_ROS/sipeed_tof_ms_a010_ros/ros1) ignored
[0.480s] Level 1:colcon.colcon_core.package_identification:_identify(src/MaixSense_ROS/sipeed_tof_ms_a010_ros/ros2) by extensions ['ignore', 'ignore_ament_install']
[0.480s] Level 1:colcon.colcon_core.package_identification:_identify(src/MaixSense_ROS/sipeed_tof_ms_a010_ros/ros2) by extension 'ignore'
[0.480s] Level 1:colcon.colcon_core.package_identification:_identify(src/MaixSense_ROS/sipeed_tof_ms_a010_ros/ros2) by extension 'ignore_ament_install'
[0.480s] Level 1:colcon.colcon_core.package_identification:_identify(src/MaixSense_ROS/sipeed_tof_ms_a010_ros/ros2) by extensions ['colcon_pkg']
[0.480s] Level 1:colcon.colcon_core.package_identification:_identify(src/MaixSense_ROS/sipeed_tof_ms_a010_ros/ros2) by extension 'colcon_pkg'
[0.480s] Level 1:colcon.colcon_core.package_identification:_identify(src/MaixSense_ROS/sipeed_tof_ms_a010_ros/ros2) by extensions ['colcon_meta']
[0.480s] Level 1:colcon.colcon_core.package_identification:_identify(src/MaixSense_ROS/sipeed_tof_ms_a010_ros/ros2) by extension 'colcon_meta'
[0.480s] Level 1:colcon.colcon_core.package_identification:_identify(src/MaixSense_ROS/sipeed_tof_ms_a010_ros/ros2) by extensions ['ros']
[0.480s] Level 1:colcon.colcon_core.package_identification:_identify(src/MaixSense_ROS/sipeed_tof_ms_a010_ros/ros2) by extension 'ros'
[0.484s] DEBUG:colcon.colcon_core.package_identification:Package 'src/MaixSense_ROS/sipeed_tof_ms_a010_ros/ros2' with type 'ros.ament_cmake' and name 'sipeed_tof_ms_a010'
[0.484s] Level 1:colcon.colcon_core.package_identification:_identify(src/MaixSense_ROS/sipeed_tof_ms_a075_ros) by extensions ['ignore', 'ignore_ament_install']
[0.485s] Level 1:colcon.colcon_core.package_identification:_identify(src/MaixSense_ROS/sipeed_tof_ms_a075_ros) by extension 'ignore'
[0.485s] Level 1:colcon.colcon_core.package_identification:_identify(src/MaixSense_ROS/sipeed_tof_ms_a075_ros) by extension 'ignore_ament_install'
[0.485s] Level 1:colcon.colcon_core.package_identification:_identify(src/MaixSense_ROS/sipeed_tof_ms_a075_ros) by extensions ['colcon_pkg']
[0.485s] Level 1:colcon.colcon_core.package_identification:_identify(src/MaixSense_ROS/sipeed_tof_ms_a075_ros) by extension 'colcon_pkg'
[0.485s] Level 1:colcon.colcon_core.package_identification:_identify(src/MaixSense_ROS/sipeed_tof_ms_a075_ros) by extensions ['colcon_meta']
[0.485s] Level 1:colcon.colcon_core.package_identification:_identify(src/MaixSense_ROS/sipeed_tof_ms_a075_ros) by extension 'colcon_meta'
[0.485s] Level 1:colcon.colcon_core.package_identification:_identify(src/MaixSense_ROS/sipeed_tof_ms_a075_ros) by extensions ['ros']
[0.485s] Level 1:colcon.colcon_core.package_identification:_identify(src/MaixSense_ROS/sipeed_tof_ms_a075_ros) by extension 'ros'
[0.485s] Level 1:colcon.colcon_core.package_identification:_identify(src/MaixSense_ROS/sipeed_tof_ms_a075_ros) by extensions ['cmake', 'python']
[0.485s] Level 1:colcon.colcon_core.package_identification:_identify(src/MaixSense_ROS/sipeed_tof_ms_a075_ros) by extension 'cmake'
[0.485s] Level 1:colcon.colcon_core.package_identification:_identify(src/MaixSense_ROS/sipeed_tof_ms_a075_ros) by extension 'python'
[0.485s] Level 1:colcon.colcon_core.package_identification:_identify(src/MaixSense_ROS/sipeed_tof_ms_a075_ros) by extensions ['python_setup_py']
[0.485s] Level 1:colcon.colcon_core.package_identification:_identify(src/MaixSense_ROS/sipeed_tof_ms_a075_ros) by extension 'python_setup_py'
[0.485s] Level 1:colcon.colcon_core.package_identification:_identify(src/MaixSense_ROS/sipeed_tof_ms_a075_ros/ros1) by extensions ['ignore', 'ignore_ament_install']
[0.486s] Level 1:colcon.colcon_core.package_identification:_identify(src/MaixSense_ROS/sipeed_tof_ms_a075_ros/ros1) by extension 'ignore'
[0.486s] Level 1:colcon.colcon_core.package_identification:_identify(src/MaixSense_ROS/sipeed_tof_ms_a075_ros/ros1) by extension 'ignore_ament_install'
[0.486s] Level 1:colcon.colcon_core.package_identification:_identify(src/MaixSense_ROS/sipeed_tof_ms_a075_ros/ros1) by extensions ['colcon_pkg']
[0.486s] Level 1:colcon.colcon_core.package_identification:_identify(src/MaixSense_ROS/sipeed_tof_ms_a075_ros/ros1) by extension 'colcon_pkg'
[0.486s] Level 1:colcon.colcon_core.package_identification:_identify(src/MaixSense_ROS/sipeed_tof_ms_a075_ros/ros1) by extensions ['colcon_meta']
[0.486s] Level 1:colcon.colcon_core.package_identification:_identify(src/MaixSense_ROS/sipeed_tof_ms_a075_ros/ros1) by extension 'colcon_meta'
[0.486s] Level 1:colcon.colcon_core.package_identification:_identify(src/MaixSense_ROS/sipeed_tof_ms_a075_ros/ros1) by extensions ['ros']
[0.486s] Level 1:colcon.colcon_core.package_identification:_identify(src/MaixSense_ROS/sipeed_tof_ms_a075_ros/ros1) by extension 'ros'
[0.486s] Level 1:colcon.colcon_core.package_identification:_identify(src/MaixSense_ROS/sipeed_tof_ms_a075_ros/ros1) by extensions ['cmake', 'python']
[0.486s] Level 1:colcon.colcon_core.package_identification:_identify(src/MaixSense_ROS/sipeed_tof_ms_a075_ros/ros1) by extension 'cmake'
[0.486s] Level 1:colcon.colcon_core.package_identification:_identify(src/MaixSense_ROS/sipeed_tof_ms_a075_ros/ros1) by extension 'python'
[0.486s] Level 1:colcon.colcon_core.package_identification:_identify(src/MaixSense_ROS/sipeed_tof_ms_a075_ros/ros1) by extensions ['python_setup_py']
[0.486s] Level 1:colcon.colcon_core.package_identification:_identify(src/MaixSense_ROS/sipeed_tof_ms_a075_ros/ros1) by extension 'python_setup_py'
[0.486s] Level 1:colcon.colcon_core.package_identification:_identify(src/MaixSense_ROS/sipeed_tof_ms_a075_ros/ros1/src) by extensions ['ignore', 'ignore_ament_install']
[0.487s] Level 1:colcon.colcon_core.package_identification:_identify(src/MaixSense_ROS/sipeed_tof_ms_a075_ros/ros1/src) by extension 'ignore'
[0.487s] Level 1:colcon.colcon_core.package_identification:_identify(src/MaixSense_ROS/sipeed_tof_ms_a075_ros/ros1/src) by extension 'ignore_ament_install'
[0.487s] Level 1:colcon.colcon_core.package_identification:_identify(src/MaixSense_ROS/sipeed_tof_ms_a075_ros/ros1/src) by extensions ['colcon_pkg']
[0.487s] Level 1:colcon.colcon_core.package_identification:_identify(src/MaixSense_ROS/sipeed_tof_ms_a075_ros/ros1/src) by extension 'colcon_pkg'
[0.487s] Level 1:colcon.colcon_core.package_identification:_identify(src/MaixSense_ROS/sipeed_tof_ms_a075_ros/ros1/src) by extensions ['colcon_meta']
[0.487s] Level 1:colcon.colcon_core.package_identification:_identify(src/MaixSense_ROS/sipeed_tof_ms_a075_ros/ros1/src) by extension 'colcon_meta'
[0.487s] Level 1:colcon.colcon_core.package_identification:_identify(src/MaixSense_ROS/sipeed_tof_ms_a075_ros/ros1/src) by extensions ['ros']
[0.487s] Level 1:colcon.colcon_core.package_identification:_identify(src/MaixSense_ROS/sipeed_tof_ms_a075_ros/ros1/src) by extension 'ros'
[0.487s] Level 1:colcon.colcon_core.package_identification:_identify(src/MaixSense_ROS/sipeed_tof_ms_a075_ros/ros1/src) by extensions ['cmake', 'python']
[0.487s] Level 1:colcon.colcon_core.package_identification:_identify(src/MaixSense_ROS/sipeed_tof_ms_a075_ros/ros1/src) by extension 'cmake'
[0.487s] Level 1:colcon.colcon_core.package_identification:_identify(src/MaixSense_ROS/sipeed_tof_ms_a075_ros/ros1/src) by extension 'python'
[0.487s] Level 1:colcon.colcon_core.package_identification:_identify(src/MaixSense_ROS/sipeed_tof_ms_a075_ros/ros1/src) by extensions ['python_setup_py']
[0.487s] Level 1:colcon.colcon_core.package_identification:_identify(src/MaixSense_ROS/sipeed_tof_ms_a075_ros/ros1/src) by extension 'python_setup_py'
[0.487s] Level 1:colcon.colcon_core.package_identification:_identify(src/MaixSense_ROS/sipeed_tof_ms_a075_ros/ros1/src/sipeed_tof_cpp) by extensions ['ignore', 'ignore_ament_install']
[0.488s] Level 1:colcon.colcon_core.package_identification:_identify(src/MaixSense_ROS/sipeed_tof_ms_a075_ros/ros1/src/sipeed_tof_cpp) by extension 'ignore'
[0.488s] Level 1:colcon.colcon_core.package_identification:_identify(src/MaixSense_ROS/sipeed_tof_ms_a075_ros/ros1/src/sipeed_tof_cpp) by extension 'ignore_ament_install'
[0.488s] Level 1:colcon.colcon_core.package_identification:_identify(src/MaixSense_ROS/sipeed_tof_ms_a075_ros/ros1/src/sipeed_tof_cpp) by extensions ['colcon_pkg']
[0.488s] Level 1:colcon.colcon_core.package_identification:_identify(src/MaixSense_ROS/sipeed_tof_ms_a075_ros/ros1/src/sipeed_tof_cpp) by extension 'colcon_pkg'
[0.488s] Level 1:colcon.colcon_core.package_identification:_identify(src/MaixSense_ROS/sipeed_tof_ms_a075_ros/ros1/src/sipeed_tof_cpp) by extensions ['colcon_meta']
[0.488s] Level 1:colcon.colcon_core.package_identification:_identify(src/MaixSense_ROS/sipeed_tof_ms_a075_ros/ros1/src/sipeed_tof_cpp) by extension 'colcon_meta'
[0.488s] Level 1:colcon.colcon_core.package_identification:_identify(src/MaixSense_ROS/sipeed_tof_ms_a075_ros/ros1/src/sipeed_tof_cpp) by extensions ['ros']
[0.488s] Level 1:colcon.colcon_core.package_identification:_identify(src/MaixSense_ROS/sipeed_tof_ms_a075_ros/ros1/src/sipeed_tof_cpp) by extension 'ros'
[0.490s] DEBUG:colcon.colcon_core.package_identification:Package 'src/MaixSense_ROS/sipeed_tof_ms_a075_ros/ros1/src/sipeed_tof_cpp' with type 'ros.catkin' and name 'sipeed_tof_cpp'
[0.490s] Level 1:colcon.colcon_core.package_identification:_identify(src/MaixSense_ROS/sipeed_tof_ms_a075_ros/ros2) by extensions ['ignore', 'ignore_ament_install']
[0.490s] Level 1:colcon.colcon_core.package_identification:_identify(src/MaixSense_ROS/sipeed_tof_ms_a075_ros/ros2) by extension 'ignore'
[0.490s] Level 1:colcon.colcon_core.package_identification:_identify(src/MaixSense_ROS/sipeed_tof_ms_a075_ros/ros2) by extension 'ignore_ament_install'
[0.490s] Level 1:colcon.colcon_core.package_identification:_identify(src/MaixSense_ROS/sipeed_tof_ms_a075_ros/ros2) by extensions ['colcon_pkg']
[0.490s] Level 1:colcon.colcon_core.package_identification:_identify(src/MaixSense_ROS/sipeed_tof_ms_a075_ros/ros2) by extension 'colcon_pkg'
[0.490s] Level 1:colcon.colcon_core.package_identification:_identify(src/MaixSense_ROS/sipeed_tof_ms_a075_ros/ros2) by extensions ['colcon_meta']
[0.490s] Level 1:colcon.colcon_core.package_identification:_identify(src/MaixSense_ROS/sipeed_tof_ms_a075_ros/ros2) by extension 'colcon_meta'
[0.490s] Level 1:colcon.colcon_core.package_identification:_identify(src/MaixSense_ROS/sipeed_tof_ms_a075_ros/ros2) by extensions ['ros']
[0.491s] Level 1:colcon.colcon_core.package_identification:_identify(src/MaixSense_ROS/sipeed_tof_ms_a075_ros/ros2) by extension 'ros'
[0.491s] Level 1:colcon.colcon_core.package_identification:_identify(src/MaixSense_ROS/sipeed_tof_ms_a075_ros/ros2) by extensions ['cmake', 'python']
[0.491s] Level 1:colcon.colcon_core.package_identification:_identify(src/MaixSense_ROS/sipeed_tof_ms_a075_ros/ros2) by extension 'cmake'
[0.491s] Level 1:colcon.colcon_core.package_identification:_identify(src/MaixSense_ROS/sipeed_tof_ms_a075_ros/ros2) by extension 'python'
[0.491s] Level 1:colcon.colcon_core.package_identification:_identify(src/MaixSense_ROS/sipeed_tof_ms_a075_ros/ros2) by extensions ['python_setup_py']
[0.491s] Level 1:colcon.colcon_core.package_identification:_identify(src/MaixSense_ROS/sipeed_tof_ms_a075_ros/ros2) by extension 'python_setup_py'
[0.491s] Level 1:colcon.colcon_core.package_identification:_identify(src/MaixSense_ROS/sipeed_tof_ms_a075_ros/ros2/src) by extensions ['ignore', 'ignore_ament_install']
[0.491s] Level 1:colcon.colcon_core.package_identification:_identify(src/MaixSense_ROS/sipeed_tof_ms_a075_ros/ros2/src) by extension 'ignore'
[0.491s] Level 1:colcon.colcon_core.package_identification:_identify(src/MaixSense_ROS/sipeed_tof_ms_a075_ros/ros2/src) by extension 'ignore_ament_install'
[0.491s] Level 1:colcon.colcon_core.package_identification:_identify(src/MaixSense_ROS/sipeed_tof_ms_a075_ros/ros2/src) by extensions ['colcon_pkg']
[0.491s] Level 1:colcon.colcon_core.package_identification:_identify(src/MaixSense_ROS/sipeed_tof_ms_a075_ros/ros2/src) by extension 'colcon_pkg'
[0.491s] Level 1:colcon.colcon_core.package_identification:_identify(src/MaixSense_ROS/sipeed_tof_ms_a075_ros/ros2/src) by extensions ['colcon_meta']
[0.491s] Level 1:colcon.colcon_core.package_identification:_identify(src/MaixSense_ROS/sipeed_tof_ms_a075_ros/ros2/src) by extension 'colcon_meta'
[0.491s] Level 1:colcon.colcon_core.package_identification:_identify(src/MaixSense_ROS/sipeed_tof_ms_a075_ros/ros2/src) by extensions ['ros']
[0.492s] Level 1:colcon.colcon_core.package_identification:_identify(src/MaixSense_ROS/sipeed_tof_ms_a075_ros/ros2/src) by extension 'ros'
[0.492s] Level 1:colcon.colcon_core.package_identification:_identify(src/MaixSense_ROS/sipeed_tof_ms_a075_ros/ros2/src) by extensions ['cmake', 'python']
[0.492s] Level 1:colcon.colcon_core.package_identification:_identify(src/MaixSense_ROS/sipeed_tof_ms_a075_ros/ros2/src) by extension 'cmake'
[0.492s] Level 1:colcon.colcon_core.package_identification:_identify(src/MaixSense_ROS/sipeed_tof_ms_a075_ros/ros2/src) by extension 'python'
[0.492s] Level 1:colcon.colcon_core.package_identification:_identify(src/MaixSense_ROS/sipeed_tof_ms_a075_ros/ros2/src) by extensions ['python_setup_py']
[0.492s] Level 1:colcon.colcon_core.package_identification:_identify(src/MaixSense_ROS/sipeed_tof_ms_a075_ros/ros2/src) by extension 'python_setup_py'
[0.492s] Level 1:colcon.colcon_core.package_identification:_identify(src/MaixSense_ROS/sipeed_tof_ms_a075_ros/ros2/src/sipeed-tof) by extensions ['ignore', 'ignore_ament_install']
[0.492s] Level 1:colcon.colcon_core.package_identification:_identify(src/MaixSense_ROS/sipeed_tof_ms_a075_ros/ros2/src/sipeed-tof) by extension 'ignore'
[0.492s] Level 1:colcon.colcon_core.package_identification:_identify(src/MaixSense_ROS/sipeed_tof_ms_a075_ros/ros2/src/sipeed-tof) by extension 'ignore_ament_install'
[0.492s] Level 1:colcon.colcon_core.package_identification:_identify(src/MaixSense_ROS/sipeed_tof_ms_a075_ros/ros2/src/sipeed-tof) by extensions ['colcon_pkg']
[0.492s] Level 1:colcon.colcon_core.package_identification:_identify(src/MaixSense_ROS/sipeed_tof_ms_a075_ros/ros2/src/sipeed-tof) by extension 'colcon_pkg'
[0.492s] Level 1:colcon.colcon_core.package_identification:_identify(src/MaixSense_ROS/sipeed_tof_ms_a075_ros/ros2/src/sipeed-tof) by extensions ['colcon_meta']
[0.492s] Level 1:colcon.colcon_core.package_identification:_identify(src/MaixSense_ROS/sipeed_tof_ms_a075_ros/ros2/src/sipeed-tof) by extension 'colcon_meta'
[0.492s] Level 1:colcon.colcon_core.package_identification:_identify(src/MaixSense_ROS/sipeed_tof_ms_a075_ros/ros2/src/sipeed-tof) by extensions ['ros']
[0.493s] Level 1:colcon.colcon_core.package_identification:_identify(src/MaixSense_ROS/sipeed_tof_ms_a075_ros/ros2/src/sipeed-tof) by extension 'ros'
[0.493s] DEBUG:colcon.colcon_core.package_identification:Package 'src/MaixSense_ROS/sipeed_tof_ms_a075_ros/ros2/src/sipeed-tof' with type 'ros.ament_python' and name 'sipeed_tof'
[0.494s] Level 1:colcon.colcon_core.package_identification:_identify(src/MaixSense_ROS/sipeed_tof_ms_a075_ros/ros2/src/sipeed_tof_cpp) by extensions ['ignore', 'ignore_ament_install']
[0.494s] Level 1:colcon.colcon_core.package_identification:_identify(src/MaixSense_ROS/sipeed_tof_ms_a075_ros/ros2/src/sipeed_tof_cpp) by extension 'ignore'
[0.494s] Level 1:colcon.colcon_core.package_identification:_identify(src/MaixSense_ROS/sipeed_tof_ms_a075_ros/ros2/src/sipeed_tof_cpp) by extension 'ignore_ament_install'
[0.494s] Level 1:colcon.colcon_core.package_identification:_identify(src/MaixSense_ROS/sipeed_tof_ms_a075_ros/ros2/src/sipeed_tof_cpp) by extensions ['colcon_pkg']
[0.494s] Level 1:colcon.colcon_core.package_identification:_identify(src/MaixSense_ROS/sipeed_tof_ms_a075_ros/ros2/src/sipeed_tof_cpp) by extension 'colcon_pkg'
[0.494s] Level 1:colcon.colcon_core.package_identification:_identify(src/MaixSense_ROS/sipeed_tof_ms_a075_ros/ros2/src/sipeed_tof_cpp) by extensions ['colcon_meta']
[0.494s] Level 1:colcon.colcon_core.package_identification:_identify(src/MaixSense_ROS/sipeed_tof_ms_a075_ros/ros2/src/sipeed_tof_cpp) by extension 'colcon_meta'
[0.494s] Level 1:colcon.colcon_core.package_identification:_identify(src/MaixSense_ROS/sipeed_tof_ms_a075_ros/ros2/src/sipeed_tof_cpp) by extensions ['ros']
[0.494s] Level 1:colcon.colcon_core.package_identification:_identify(src/MaixSense_ROS/sipeed_tof_ms_a075_ros/ros2/src/sipeed_tof_cpp) by extension 'ros'
[0.495s] DEBUG:colcon.colcon_core.package_identification:Package 'src/MaixSense_ROS/sipeed_tof_ms_a075_ros/ros2/src/sipeed_tof_cpp' with type 'ros.ament_cmake' and name 'sipeed_tof_cpp'
[0.495s] Level 1:colcon.colcon_core.package_discovery:discover_packages(recursive) using defaults
[0.495s] Level 1:colcon.colcon_core.package_discovery:discover_packages(ignore) discover
[0.495s] Level 1:colcon.colcon_core.package_discovery:discover_packages(ignore) using defaults
[0.495s] Level 1:colcon.colcon_core.package_discovery:discover_packages(path) discover
[0.495s] Level 1:colcon.colcon_core.package_discovery:discover_packages(path) using defaults
[0.554s] INFO:colcon.colcon_core.package_selection:Skipping not selected package 'sipeed_tof' in 'src/MaixSense_ROS/sipeed_tof_ms_a075_ros/ros2/src/sipeed-tof'
[0.554s] INFO:colcon.colcon_core.package_selection:Skipping not selected package 'sipeed_tof_cpp' in 'src/MaixSense_ROS/sipeed_tof_ms_a075_ros/ros2/src/sipeed_tof_cpp'
[0.554s] INFO:colcon.colcon_core.package_selection:Skipping not selected package 'sipeed_tof_cpp' in 'src/MaixSense_ROS/sipeed_tof_ms_a075_ros/ros1/src/sipeed_tof_cpp'
[0.555s] Level 1:colcon.colcon_core.package_discovery:discover_packages(prefix_path) check parameters
[0.555s] Level 1:colcon.colcon_core.package_discovery:discover_packages(prefix_path) discover
[0.558s] DEBUG:colcon.colcon_installed_package_information.package_discovery:Found 1 installed packages in /home/lya/ros2_ws/install
[0.560s] DEBUG:colcon.colcon_installed_package_information.package_discovery:Found 273 installed packages in /opt/ros/humble
[0.563s] Level 1:colcon.colcon_core.package_discovery:discover_packages(prefix_path) using defaults
[0.628s] Level 5:colcon.colcon_core.verb:set package 'sipeed_tof_ms_a010' build argument 'cmake_args' from command line to '['-DCMAKE_BUILD_TYPE=Release']'
[0.628s] Level 5:colcon.colcon_core.verb:set package 'sipeed_tof_ms_a010' build argument 'cmake_target' from command line to 'None'
[0.628s] Level 5:colcon.colcon_core.verb:set package 'sipeed_tof_ms_a010' build argument 'cmake_target_skip_unavailable' from command line to 'False'
[0.628s] Level 5:colcon.colcon_core.verb:set package 'sipeed_tof_ms_a010' build argument 'cmake_clean_cache' from command line to 'False'
[0.628s] Level 5:colcon.colcon_core.verb:set package 'sipeed_tof_ms_a010' build argument 'cmake_clean_first' from command line to 'False'
[0.628s] Level 5:colcon.colcon_core.verb:set package 'sipeed_tof_ms_a010' build argument 'cmake_force_configure' from command line to 'False'
[0.628s] Level 5:colcon.colcon_core.verb:set package 'sipeed_tof_ms_a010' build argument 'ament_cmake_args' from command line to 'None'
[0.629s] Level 5:colcon.colcon_core.verb:set package 'sipeed_tof_ms_a010' build argument 'catkin_cmake_args' from command line to 'None'
[0.629s] Level 5:colcon.colcon_core.verb:set package 'sipeed_tof_ms_a010' build argument 'catkin_skip_building_tests' from command line to 'False'
[0.629s] DEBUG:colcon.colcon_core.verb:Building package 'sipeed_tof_ms_a010' with the following arguments: {'ament_cmake_args': None, 'build_base': '/home/lya/ros2_ws/build/sipeed_tof_ms_a010', 'catkin_cmake_args': None, 'catkin_skip_building_tests': False, 'cmake_args': ['-DCMAKE_BUILD_TYPE=Release'], 'cmake_clean_cache': False, 'cmake_clean_first': False, 'cmake_force_configure': False, 'cmake_target': None, 'cmake_target_skip_unavailable': False, 'install_base': '/home/lya/ros2_ws/install/sipeed_tof_ms_a010', 'merge_install': False, 'path': '/home/lya/ros2_ws/src/MaixSense_ROS/sipeed_tof_ms_a010_ros/ros2', 'symlink_install': False, 'test_result_base': None}
[0.629s] INFO:colcon.colcon_core.executor:Executing jobs using 'parallel' executor
[0.632s] DEBUG:colcon.colcon_parallel_executor.executor.parallel:run_until_complete
[0.632s] INFO:colcon.colcon_ros.task.ament_cmake.build:Building ROS package in '/home/lya/ros2_ws/src/MaixSense_ROS/sipeed_tof_ms_a010_ros/ros2' with build type 'ament_cmake'
[0.632s] INFO:colcon.colcon_cmake.task.cmake.build:Building CMake package in '/home/lya/ros2_ws/src/MaixSense_ROS/sipeed_tof_ms_a010_ros/ros2'
[0.636s] INFO:colcon.colcon_core.plugin_system:Skipping extension 'colcon_core.shell.bat': Not used on non-Windows systems
[0.636s] INFO:colcon.colcon_core.shell:Skip shell extension 'powershell' for command environment: Not usable outside of PowerShell
[0.636s] DEBUG:colcon.colcon_core.shell:Skip shell extension 'dsv' for command environment
[0.656s] DEBUG:colcon.colcon_core.event_handler.log_command:Invoking command in '/home/lya/ros2_ws/build/sipeed_tof_ms_a010': CMAKE_PREFIX_PATH=${CMAKE_PREFIX_PATH}:/opt/ros/humble /usr/bin/cmake --build /home/lya/ros2_ws/build/sipeed_tof_ms_a010 -- -j16 -l16
[11.442s] DEBUG:colcon.colcon_core.event_handler.log_command:Invoked command in '/home/lya/ros2_ws/build/sipeed_tof_ms_a010' returned '0': CMAKE_PREFIX_PATH=${CMAKE_PREFIX_PATH}:/opt/ros/humble /usr/bin/cmake --build /home/lya/ros2_ws/build/sipeed_tof_ms_a010 -- -j16 -l16
[11.447s] DEBUG:colcon.colcon_core.event_handler.log_command:Invoking command in '/home/lya/ros2_ws/build/sipeed_tof_ms_a010': CMAKE_PREFIX_PATH=${CMAKE_PREFIX_PATH}:/opt/ros/humble /usr/bin/cmake --install /home/lya/ros2_ws/build/sipeed_tof_ms_a010
[11.455s] Level 1:colcon.colcon_core.environment:create_environment_scripts_only(sipeed_tof_ms_a010)
[11.455s] DEBUG:colcon.colcon_core.event_handler.log_command:Invoked command in '/home/lya/ros2_ws/build/sipeed_tof_ms_a010' returned '0': CMAKE_PREFIX_PATH=${CMAKE_PREFIX_PATH}:/opt/ros/humble /usr/bin/cmake --install /home/lya/ros2_ws/build/sipeed_tof_ms_a010
[11.456s] Level 1:colcon.colcon_core.environment:checking '/home/lya/ros2_ws/install/sipeed_tof_ms_a010' for CMake module files
[11.456s] Level 1:colcon.colcon_core.environment:checking '/home/lya/ros2_ws/install/sipeed_tof_ms_a010' for CMake config files
[11.456s] Level 1:colcon.colcon_core.shell:create_environment_hook('sipeed_tof_ms_a010', 'cmake_prefix_path')
[11.457s] INFO:colcon.colcon_core.shell:Creating environment hook '/home/lya/ros2_ws/install/sipeed_tof_ms_a010/share/sipeed_tof_ms_a010/hook/cmake_prefix_path.ps1'
[11.457s] INFO:colcon.colcon_core.shell:Creating environment descriptor '/home/lya/ros2_ws/install/sipeed_tof_ms_a010/share/sipeed_tof_ms_a010/hook/cmake_prefix_path.dsv'
[11.457s] INFO:colcon.colcon_core.shell:Creating environment hook '/home/lya/ros2_ws/install/sipeed_tof_ms_a010/share/sipeed_tof_ms_a010/hook/cmake_prefix_path.sh'
[11.458s] Level 1:colcon.colcon_core.environment:checking '/home/lya/ros2_ws/install/sipeed_tof_ms_a010/lib'
[11.458s] Level 1:colcon.colcon_core.environment:checking '/home/lya/ros2_ws/install/sipeed_tof_ms_a010/bin'
[11.458s] Level 1:colcon.colcon_core.environment:checking '/home/lya/ros2_ws/install/sipeed_tof_ms_a010/lib/pkgconfig/sipeed_tof_ms_a010.pc'
[11.458s] Level 1:colcon.colcon_core.environment:checking '/home/lya/ros2_ws/install/sipeed_tof_ms_a010/lib/python3.10/site-packages'
[11.458s] Level 1:colcon.colcon_core.environment:checking '/home/lya/ros2_ws/install/sipeed_tof_ms_a010/bin'
[11.458s] INFO:colcon.colcon_core.shell:Creating package script '/home/lya/ros2_ws/install/sipeed_tof_ms_a010/share/sipeed_tof_ms_a010/package.ps1'
[11.459s] INFO:colcon.colcon_core.shell:Creating package descriptor '/home/lya/ros2_ws/install/sipeed_tof_ms_a010/share/sipeed_tof_ms_a010/package.dsv'
[11.459s] INFO:colcon.colcon_core.shell:Creating package script '/home/lya/ros2_ws/install/sipeed_tof_ms_a010/share/sipeed_tof_ms_a010/package.sh'
[11.459s] INFO:colcon.colcon_core.shell:Creating package script '/home/lya/ros2_ws/install/sipeed_tof_ms_a010/share/sipeed_tof_ms_a010/package.bash'
[11.460s] INFO:colcon.colcon_core.shell:Creating package script '/home/lya/ros2_ws/install/sipeed_tof_ms_a010/share/sipeed_tof_ms_a010/package.zsh'
[11.460s] Level 1:colcon.colcon_core.environment:create_file_with_runtime_dependencies(/home/lya/ros2_ws/install/sipeed_tof_ms_a010/share/colcon-core/packages/sipeed_tof_ms_a010)
[11.460s] Level 1:colcon.colcon_core.environment:create_environment_scripts_only(sipeed_tof_ms_a010)
[11.460s] Level 1:colcon.colcon_core.environment:checking '/home/lya/ros2_ws/install/sipeed_tof_ms_a010' for CMake module files
[11.461s] Level 1:colcon.colcon_core.environment:checking '/home/lya/ros2_ws/install/sipeed_tof_ms_a010' for CMake config files
[11.461s] Level 1:colcon.colcon_core.shell:create_environment_hook('sipeed_tof_ms_a010', 'cmake_prefix_path')
[11.461s] INFO:colcon.colcon_core.shell:Creating environment hook '/home/lya/ros2_ws/install/sipeed_tof_ms_a010/share/sipeed_tof_ms_a010/hook/cmake_prefix_path.ps1'
[11.461s] INFO:colcon.colcon_core.shell:Creating environment descriptor '/home/lya/ros2_ws/install/sipeed_tof_ms_a010/share/sipeed_tof_ms_a010/hook/cmake_prefix_path.dsv'
[11.461s] INFO:colcon.colcon_core.shell:Creating environment hook '/home/lya/ros2_ws/install/sipeed_tof_ms_a010/share/sipeed_tof_ms_a010/hook/cmake_prefix_path.sh'
[11.462s] Level 1:colcon.colcon_core.environment:checking '/home/lya/ros2_ws/install/sipeed_tof_ms_a010/lib'
[11.462s] Level 1:colcon.colcon_core.environment:checking '/home/lya/ros2_ws/install/sipeed_tof_ms_a010/bin'
[11.462s] Level 1:colcon.colcon_core.environment:checking '/home/lya/ros2_ws/install/sipeed_tof_ms_a010/lib/pkgconfig/sipeed_tof_ms_a010.pc'
[11.462s] Level 1:colcon.colcon_core.environment:checking '/home/lya/ros2_ws/install/sipeed_tof_ms_a010/lib/python3.10/site-packages'
[11.462s] Level 1:colcon.colcon_core.environment:checking '/home/lya/ros2_ws/install/sipeed_tof_ms_a010/bin'
[11.462s] INFO:colcon.colcon_core.shell:Creating package script '/home/lya/ros2_ws/install/sipeed_tof_ms_a010/share/sipeed_tof_ms_a010/package.ps1'
[11.462s] INFO:colcon.colcon_core.shell:Creating package descriptor '/home/lya/ros2_ws/install/sipeed_tof_ms_a010/share/sipeed_tof_ms_a010/package.dsv'
[11.463s] INFO:colcon.colcon_core.shell:Creating package script '/home/lya/ros2_ws/install/sipeed_tof_ms_a010/share/sipeed_tof_ms_a010/package.sh'
[11.463s] INFO:colcon.colcon_core.shell:Creating package script '/home/lya/ros2_ws/install/sipeed_tof_ms_a010/share/sipeed_tof_ms_a010/package.bash'
[11.463s] INFO:colcon.colcon_core.shell:Creating package script '/home/lya/ros2_ws/install/sipeed_tof_ms_a010/share/sipeed_tof_ms_a010/package.zsh'
[11.463s] Level 1:colcon.colcon_core.environment:create_file_with_runtime_dependencies(/home/lya/ros2_ws/install/sipeed_tof_ms_a010/share/colcon-core/packages/sipeed_tof_ms_a010)
[11.463s] DEBUG:colcon.colcon_parallel_executor.executor.parallel:closing loop
[11.463s] DEBUG:colcon.colcon_parallel_executor.executor.parallel:loop closed
[11.463s] DEBUG:colcon.colcon_parallel_executor.executor.parallel:run_until_complete finished with '0'
[11.464s] DEBUG:colcon.colcon_core.event_reactor:joining thread
[11.467s] INFO:colcon.colcon_core.plugin_system:Skipping extension 'colcon_notification.desktop_notification.terminal_notifier': Not used on non-Darwin systems
[11.467s] INFO:colcon.colcon_core.plugin_system:Skipping extension 'colcon_notification.desktop_notification.win32': Not used on non-Windows systems
[11.467s] INFO:colcon.colcon_notification.desktop_notification:Sending desktop notification using 'notify2'
[11.475s] DEBUG:colcon.colcon_core.event_reactor:joined thread
[11.476s] INFO:colcon.colcon_core.shell:Creating prefix script '/home/lya/ros2_ws/install/local_setup.ps1'
[11.479s] INFO:colcon.colcon_core.shell:Creating prefix util module '/home/lya/ros2_ws/install/_local_setup_util_ps1.py'
[11.480s] INFO:colcon.colcon_core.shell:Creating prefix chain script '/home/lya/ros2_ws/install/setup.ps1'
[11.481s] INFO:colcon.colcon_core.shell:Creating prefix script '/home/lya/ros2_ws/install/local_setup.sh'
[11.481s] INFO:colcon.colcon_core.shell:Creating prefix util module '/home/lya/ros2_ws/install/_local_setup_util_sh.py'
[11.482s] INFO:colcon.colcon_core.shell:Creating prefix chain script '/home/lya/ros2_ws/install/setup.sh'
[11.482s] INFO:colcon.colcon_core.shell:Creating prefix script '/home/lya/ros2_ws/install/local_setup.bash'
[11.482s] INFO:colcon.colcon_core.shell:Creating prefix chain script '/home/lya/ros2_ws/install/setup.bash'
[11.483s] INFO:colcon.colcon_core.shell:Creating prefix script '/home/lya/ros2_ws/install/local_setup.zsh'
[11.483s] INFO:colcon.colcon_core.shell:Creating prefix chain script '/home/lya/ros2_ws/install/setup.zsh'
